ARM GAS  C:\Users\Vento\AppData\Local\Temp\cccdVEwg.s 			page 1


   1              		.cpu cortex-m3
   2              		.eabi_attribute 20, 1
   3              		.eabi_attribute 21, 1
   4              		.eabi_attribute 23, 3
   5              		.eabi_attribute 24, 1
   6              		.eabi_attribute 25, 1
   7              		.eabi_attribute 26, 1
   8              		.eabi_attribute 30, 1
   9              		.eabi_attribute 34, 1
  10              		.eabi_attribute 18, 4
  11              		.file	"gpio.c"
  12              		.text
  13              	.Ltext0:
  14              		.cfi_sections	.debug_frame
  15              		.section	.text.MX_GPIO_Init,"ax",%progbits
  16              		.align	1
  17              		.global	MX_GPIO_Init
  18              		.arch armv7-m
  19              		.syntax unified
  20              		.thumb
  21              		.thumb_func
  22              		.fpu softvfp
  24              	MX_GPIO_Init:
  25              	.LFB65:
  26              		.file 1 "Core/Src/gpio.c"
   1:Core/Src/gpio.c **** /* USER CODE BEGIN Header */
   2:Core/Src/gpio.c **** /**
   3:Core/Src/gpio.c ****   ******************************************************************************
   4:Core/Src/gpio.c ****   * @file    gpio.c
   5:Core/Src/gpio.c ****   * @brief   This file provides code for the configuration
   6:Core/Src/gpio.c ****   *          of all used GPIO pins.
   7:Core/Src/gpio.c ****   ******************************************************************************
   8:Core/Src/gpio.c ****   * @attention
   9:Core/Src/gpio.c ****   *
  10:Core/Src/gpio.c ****   * Copyright (c) 2023 STMicroelectronics.
  11:Core/Src/gpio.c ****   * All rights reserved.
  12:Core/Src/gpio.c ****   *
  13:Core/Src/gpio.c ****   * This software is licensed under terms that can be found in the LICENSE file
  14:Core/Src/gpio.c ****   * in the root directory of this software component.
  15:Core/Src/gpio.c ****   * If no LICENSE file comes with this software, it is provided AS-IS.
  16:Core/Src/gpio.c ****   *
  17:Core/Src/gpio.c ****   ******************************************************************************
  18:Core/Src/gpio.c ****   */
  19:Core/Src/gpio.c **** /* USER CODE END Header */
  20:Core/Src/gpio.c **** 
  21:Core/Src/gpio.c **** /* Includes ------------------------------------------------------------------*/
  22:Core/Src/gpio.c **** #include "gpio.h"
  23:Core/Src/gpio.c **** 
  24:Core/Src/gpio.c **** /* USER CODE BEGIN 0 */
  25:Core/Src/gpio.c **** 
  26:Core/Src/gpio.c **** /* USER CODE END 0 */
  27:Core/Src/gpio.c **** 
  28:Core/Src/gpio.c **** /*----------------------------------------------------------------------------*/
  29:Core/Src/gpio.c **** /* Configure GPIO                                                             */
  30:Core/Src/gpio.c **** /*----------------------------------------------------------------------------*/
  31:Core/Src/gpio.c **** /* USER CODE BEGIN 1 */
  32:Core/Src/gpio.c **** 
ARM GAS  C:\Users\Vento\AppData\Local\Temp\cccdVEwg.s 			page 2


  33:Core/Src/gpio.c **** /* USER CODE END 1 */
  34:Core/Src/gpio.c **** 
  35:Core/Src/gpio.c **** /** Configure pins as
  36:Core/Src/gpio.c ****         * Analog
  37:Core/Src/gpio.c ****         * Input
  38:Core/Src/gpio.c ****         * Output
  39:Core/Src/gpio.c ****         * EVENT_OUT
  40:Core/Src/gpio.c ****         * EXTI
  41:Core/Src/gpio.c **** */
  42:Core/Src/gpio.c **** void MX_GPIO_Init(void)
  43:Core/Src/gpio.c **** {
  27              		.loc 1 43 1 view -0
  28              		.cfi_startproc
  29              		@ args = 0, pretend = 0, frame = 32
  30              		@ frame_needed = 0, uses_anonymous_args = 0
  31 0000 2DE9F04F 		push	{r4, r5, r6, r7, r8, r9, r10, fp, lr}
  32              	.LCFI0:
  33              		.cfi_def_cfa_offset 36
  34              		.cfi_offset 4, -36
  35              		.cfi_offset 5, -32
  36              		.cfi_offset 6, -28
  37              		.cfi_offset 7, -24
  38              		.cfi_offset 8, -20
  39              		.cfi_offset 9, -16
  40              		.cfi_offset 10, -12
  41              		.cfi_offset 11, -8
  42              		.cfi_offset 14, -4
  43 0004 89B0     		sub	sp, sp, #36
  44              	.LCFI1:
  45              		.cfi_def_cfa_offset 72
  44:Core/Src/gpio.c **** 
  45:Core/Src/gpio.c ****   GPIO_InitTypeDef GPIO_InitStruct = {0};
  46              		.loc 1 45 3 view .LVU1
  47              		.loc 1 45 20 is_stmt 0 view .LVU2
  48 0006 0024     		movs	r4, #0
  49 0008 0494     		str	r4, [sp, #16]
  50 000a 0594     		str	r4, [sp, #20]
  51 000c 0694     		str	r4, [sp, #24]
  52 000e 0794     		str	r4, [sp, #28]
  46:Core/Src/gpio.c **** 
  47:Core/Src/gpio.c ****   /* GPIO Ports Clock Enable */
  48:Core/Src/gpio.c ****   __HAL_RCC_GPIOC_CLK_ENABLE();
  53              		.loc 1 48 3 is_stmt 1 view .LVU3
  54              	.LBB2:
  55              		.loc 1 48 3 view .LVU4
  56              		.loc 1 48 3 view .LVU5
  57 0010 644B     		ldr	r3, .L3
  58 0012 9A69     		ldr	r2, [r3, #24]
  59 0014 42F01002 		orr	r2, r2, #16
  60 0018 9A61     		str	r2, [r3, #24]
  61              		.loc 1 48 3 view .LVU6
  62 001a 9A69     		ldr	r2, [r3, #24]
  63 001c 02F01002 		and	r2, r2, #16
  64 0020 0092     		str	r2, [sp]
  65              		.loc 1 48 3 view .LVU7
  66 0022 009A     		ldr	r2, [sp]
  67              	.LBE2:
ARM GAS  C:\Users\Vento\AppData\Local\Temp\cccdVEwg.s 			page 3


  68              		.loc 1 48 3 view .LVU8
  49:Core/Src/gpio.c ****   __HAL_RCC_GPIOD_CLK_ENABLE();
  69              		.loc 1 49 3 view .LVU9
  70              	.LBB3:
  71              		.loc 1 49 3 view .LVU10
  72              		.loc 1 49 3 view .LVU11
  73 0024 9A69     		ldr	r2, [r3, #24]
  74 0026 42F02002 		orr	r2, r2, #32
  75 002a 9A61     		str	r2, [r3, #24]
  76              		.loc 1 49 3 view .LVU12
  77 002c 9A69     		ldr	r2, [r3, #24]
  78 002e 02F02002 		and	r2, r2, #32
  79 0032 0192     		str	r2, [sp, #4]
  80              		.loc 1 49 3 view .LVU13
  81 0034 019A     		ldr	r2, [sp, #4]
  82              	.LBE3:
  83              		.loc 1 49 3 view .LVU14
  50:Core/Src/gpio.c ****   __HAL_RCC_GPIOA_CLK_ENABLE();
  84              		.loc 1 50 3 view .LVU15
  85              	.LBB4:
  86              		.loc 1 50 3 view .LVU16
  87              		.loc 1 50 3 view .LVU17
  88 0036 9A69     		ldr	r2, [r3, #24]
  89 0038 42F00402 		orr	r2, r2, #4
  90 003c 9A61     		str	r2, [r3, #24]
  91              		.loc 1 50 3 view .LVU18
  92 003e 9A69     		ldr	r2, [r3, #24]
  93 0040 02F00402 		and	r2, r2, #4
  94 0044 0292     		str	r2, [sp, #8]
  95              		.loc 1 50 3 view .LVU19
  96 0046 029A     		ldr	r2, [sp, #8]
  97              	.LBE4:
  98              		.loc 1 50 3 view .LVU20
  51:Core/Src/gpio.c ****   __HAL_RCC_GPIOB_CLK_ENABLE();
  99              		.loc 1 51 3 view .LVU21
 100              	.LBB5:
 101              		.loc 1 51 3 view .LVU22
 102              		.loc 1 51 3 view .LVU23
 103 0048 9A69     		ldr	r2, [r3, #24]
 104 004a 42F00802 		orr	r2, r2, #8
 105 004e 9A61     		str	r2, [r3, #24]
 106              		.loc 1 51 3 view .LVU24
 107 0050 9B69     		ldr	r3, [r3, #24]
 108 0052 03F00803 		and	r3, r3, #8
 109 0056 0393     		str	r3, [sp, #12]
 110              		.loc 1 51 3 view .LVU25
 111 0058 039B     		ldr	r3, [sp, #12]
 112              	.LBE5:
 113              		.loc 1 51 3 view .LVU26
  52:Core/Src/gpio.c **** 
  53:Core/Src/gpio.c ****   /*Configure GPIO pin Output Level */
  54:Core/Src/gpio.c ****   HAL_GPIO_WritePin(GPIOC, LED0_Pin|RL0_Pin|RL1_Pin|RL2_Pin
 114              		.loc 1 54 3 view .LVU27
 115 005a 534E     		ldr	r6, .L3+4
 116 005c 2246     		mov	r2, r4
 117 005e 43F21F01 		movw	r1, #12319
 118 0062 3046     		mov	r0, r6
ARM GAS  C:\Users\Vento\AppData\Local\Temp\cccdVEwg.s 			page 4


 119 0064 FFF7FEFF 		bl	HAL_GPIO_WritePin
 120              	.LVL0:
  55:Core/Src/gpio.c ****                           |RL3_Pin|LoRa_RST_Pin|RST_Pin, GPIO_PIN_RESET);
  56:Core/Src/gpio.c **** 
  57:Core/Src/gpio.c ****   /*Configure GPIO pin Output Level */
  58:Core/Src/gpio.c ****   HAL_GPIO_WritePin(GPIOA, SIM_PWRKEY_Pin|SIM_RST_Pin|SPI1_CS_Pin|SIM_PWR_EN_Pin
 121              		.loc 1 58 3 view .LVU28
 122 0068 DFF84081 		ldr	r8, .L3+8
 123 006c 2246     		mov	r2, r4
 124 006e 49F21301 		movw	r1, #36883
 125 0072 4046     		mov	r0, r8
 126 0074 FFF7FEFF 		bl	HAL_GPIO_WritePin
 127              	.LVL1:
  59:Core/Src/gpio.c ****                           |ESP_EN_Pin, GPIO_PIN_RESET);
  60:Core/Src/gpio.c **** 
  61:Core/Src/gpio.c ****   /*Configure GPIO pin Output Level */
  62:Core/Src/gpio.c ****   HAL_GPIO_WritePin(GPIOB, D8_Pin|D10_Pin|D9_Pin|D11_Pin
 128              		.loc 1 62 3 view .LVU29
 129 0078 DFF83491 		ldr	r9, .L3+12
 130 007c 0122     		movs	r2, #1
 131 007e FF21     		movs	r1, #255
 132 0080 4846     		mov	r0, r9
 133 0082 FFF7FEFF 		bl	HAL_GPIO_WritePin
 134              	.LVL2:
  63:Core/Src/gpio.c ****                           |D12_Pin|D13_Pin|D14_Pin|D15_Pin, GPIO_PIN_SET);
  64:Core/Src/gpio.c **** 
  65:Core/Src/gpio.c ****   /*Configure GPIO pin Output Level */
  66:Core/Src/gpio.c ****   HAL_GPIO_WritePin(GPIOB, WR_Pin|RD_Pin|SPI2_CS_Pin|RS_Pin
 135              		.loc 1 66 3 view .LVU30
 136 0086 2246     		mov	r2, r4
 137 0088 4FF4F851 		mov	r1, #7936
 138 008c 4846     		mov	r0, r9
 139 008e FFF7FEFF 		bl	HAL_GPIO_WritePin
 140              	.LVL3:
  67:Core/Src/gpio.c ****                           |CS_Pin, GPIO_PIN_RESET);
  68:Core/Src/gpio.c **** 
  69:Core/Src/gpio.c ****   /*Configure GPIO pin Output Level */
  70:Core/Src/gpio.c ****   HAL_GPIO_WritePin(BL_GPIO_Port, BL_Pin, GPIO_PIN_RESET);
 141              		.loc 1 70 3 view .LVU31
 142 0092 2246     		mov	r2, r4
 143 0094 0421     		movs	r1, #4
 144 0096 4748     		ldr	r0, .L3+16
 145 0098 FFF7FEFF 		bl	HAL_GPIO_WritePin
 146              	.LVL4:
  71:Core/Src/gpio.c **** 
  72:Core/Src/gpio.c ****   /*Configure GPIO pins : PCPin PCPin PCPin PCPin
  73:Core/Src/gpio.c ****                            PCPin */
  74:Core/Src/gpio.c ****   GPIO_InitStruct.Pin = LED0_Pin|RL0_Pin|RL1_Pin|RL2_Pin
 147              		.loc 1 74 3 view .LVU32
 148              		.loc 1 74 23 is_stmt 0 view .LVU33
 149 009c 42F20F03 		movw	r3, #8207
 150 00a0 0493     		str	r3, [sp, #16]
  75:Core/Src/gpio.c ****                           |RL3_Pin;
  76:Core/Src/gpio.c ****   GPIO_InitStruct.Mode = GPIO_MODE_OUTPUT_PP;
 151              		.loc 1 76 3 is_stmt 1 view .LVU34
 152              		.loc 1 76 24 is_stmt 0 view .LVU35
 153 00a2 0125     		movs	r5, #1
ARM GAS  C:\Users\Vento\AppData\Local\Temp\cccdVEwg.s 			page 5


 154 00a4 0595     		str	r5, [sp, #20]
  77:Core/Src/gpio.c ****   GPIO_InitStruct.Pull = GPIO_NOPULL;
 155              		.loc 1 77 3 is_stmt 1 view .LVU36
 156              		.loc 1 77 24 is_stmt 0 view .LVU37
 157 00a6 0694     		str	r4, [sp, #24]
  78:Core/Src/gpio.c ****   GPIO_InitStruct.Speed = GPIO_SPEED_FREQ_LOW;
 158              		.loc 1 78 3 is_stmt 1 view .LVU38
 159              		.loc 1 78 25 is_stmt 0 view .LVU39
 160 00a8 0227     		movs	r7, #2
 161 00aa 0797     		str	r7, [sp, #28]
  79:Core/Src/gpio.c ****   HAL_GPIO_Init(GPIOC, &GPIO_InitStruct);
 162              		.loc 1 79 3 is_stmt 1 view .LVU40
 163 00ac 04A9     		add	r1, sp, #16
 164 00ae 3046     		mov	r0, r6
 165 00b0 FFF7FEFF 		bl	HAL_GPIO_Init
 166              	.LVL5:
  80:Core/Src/gpio.c **** 
  81:Core/Src/gpio.c ****   /*Configure GPIO pins : PAPin PAPin PAPin PAPin */
  82:Core/Src/gpio.c ****   GPIO_InitStruct.Pin = SIM_PWRKEY_Pin|SIM_RST_Pin|SIM_PWR_EN_Pin|ESP_EN_Pin;
 167              		.loc 1 82 3 view .LVU41
 168              		.loc 1 82 23 is_stmt 0 view .LVU42
 169 00b4 49F20303 		movw	r3, #36867
 170 00b8 0493     		str	r3, [sp, #16]
  83:Core/Src/gpio.c ****   GPIO_InitStruct.Mode = GPIO_MODE_OUTPUT_PP;
 171              		.loc 1 83 3 is_stmt 1 view .LVU43
 172              		.loc 1 83 24 is_stmt 0 view .LVU44
 173 00ba 0595     		str	r5, [sp, #20]
  84:Core/Src/gpio.c ****   GPIO_InitStruct.Pull = GPIO_NOPULL;
 174              		.loc 1 84 3 is_stmt 1 view .LVU45
 175              		.loc 1 84 24 is_stmt 0 view .LVU46
 176 00bc 0694     		str	r4, [sp, #24]
  85:Core/Src/gpio.c ****   GPIO_InitStruct.Speed = GPIO_SPEED_FREQ_LOW;
 177              		.loc 1 85 3 is_stmt 1 view .LVU47
 178              		.loc 1 85 25 is_stmt 0 view .LVU48
 179 00be 0797     		str	r7, [sp, #28]
  86:Core/Src/gpio.c ****   HAL_GPIO_Init(GPIOA, &GPIO_InitStruct);
 180              		.loc 1 86 3 is_stmt 1 view .LVU49
 181 00c0 04A9     		add	r1, sp, #16
 182 00c2 4046     		mov	r0, r8
 183 00c4 FFF7FEFF 		bl	HAL_GPIO_Init
 184              	.LVL6:
  87:Core/Src/gpio.c **** 
  88:Core/Src/gpio.c ****   /*Configure GPIO pin : PtPin */
  89:Core/Src/gpio.c ****   GPIO_InitStruct.Pin = SPI1_CS_Pin;
 185              		.loc 1 89 3 view .LVU50
 186              		.loc 1 89 23 is_stmt 0 view .LVU51
 187 00c8 4FF0100B 		mov	fp, #16
 188 00cc CDF810B0 		str	fp, [sp, #16]
  90:Core/Src/gpio.c ****   GPIO_InitStruct.Mode = GPIO_MODE_OUTPUT_PP;
 189              		.loc 1 90 3 is_stmt 1 view .LVU52
 190              		.loc 1 90 24 is_stmt 0 view .LVU53
 191 00d0 0595     		str	r5, [sp, #20]
  91:Core/Src/gpio.c ****   GPIO_InitStruct.Pull = GPIO_NOPULL;
 192              		.loc 1 91 3 is_stmt 1 view .LVU54
 193              		.loc 1 91 24 is_stmt 0 view .LVU55
 194 00d2 0694     		str	r4, [sp, #24]
  92:Core/Src/gpio.c ****   GPIO_InitStruct.Speed = GPIO_SPEED_FREQ_HIGH;
ARM GAS  C:\Users\Vento\AppData\Local\Temp\cccdVEwg.s 			page 6


 195              		.loc 1 92 3 is_stmt 1 view .LVU56
 196              		.loc 1 92 25 is_stmt 0 view .LVU57
 197 00d4 4FF0030A 		mov	r10, #3
 198 00d8 CDF81CA0 		str	r10, [sp, #28]
  93:Core/Src/gpio.c ****   HAL_GPIO_Init(SPI1_CS_GPIO_Port, &GPIO_InitStruct);
 199              		.loc 1 93 3 is_stmt 1 view .LVU58
 200 00dc 0DEB0B01 		add	r1, sp, fp
 201 00e0 4046     		mov	r0, r8
 202 00e2 FFF7FEFF 		bl	HAL_GPIO_Init
 203              	.LVL7:
  94:Core/Src/gpio.c **** 
  95:Core/Src/gpio.c ****   /*Configure GPIO pin : PtPin */
  96:Core/Src/gpio.c ****   GPIO_InitStruct.Pin = LoRa_RST_Pin;
 204              		.loc 1 96 3 view .LVU59
 205              		.loc 1 96 23 is_stmt 0 view .LVU60
 206 00e6 CDF810B0 		str	fp, [sp, #16]
  97:Core/Src/gpio.c ****   GPIO_InitStruct.Mode = GPIO_MODE_OUTPUT_PP;
 207              		.loc 1 97 3 is_stmt 1 view .LVU61
 208              		.loc 1 97 24 is_stmt 0 view .LVU62
 209 00ea 0595     		str	r5, [sp, #20]
  98:Core/Src/gpio.c ****   GPIO_InitStruct.Pull = GPIO_NOPULL;
 210              		.loc 1 98 3 is_stmt 1 view .LVU63
 211              		.loc 1 98 24 is_stmt 0 view .LVU64
 212 00ec 0694     		str	r4, [sp, #24]
  99:Core/Src/gpio.c ****   GPIO_InitStruct.Speed = GPIO_SPEED_FREQ_HIGH;
 213              		.loc 1 99 3 is_stmt 1 view .LVU65
 214              		.loc 1 99 25 is_stmt 0 view .LVU66
 215 00ee CDF81CA0 		str	r10, [sp, #28]
 100:Core/Src/gpio.c ****   HAL_GPIO_Init(LoRa_RST_GPIO_Port, &GPIO_InitStruct);
 216              		.loc 1 100 3 is_stmt 1 view .LVU67
 217 00f2 0DEB0B01 		add	r1, sp, fp
 218 00f6 3046     		mov	r0, r6
 219 00f8 FFF7FEFF 		bl	HAL_GPIO_Init
 220              	.LVL8:
 101:Core/Src/gpio.c **** 
 102:Core/Src/gpio.c ****   /*Configure GPIO pin : PtPin */
 103:Core/Src/gpio.c ****   GPIO_InitStruct.Pin = LoRa_EXT0_Pin;
 221              		.loc 1 103 3 view .LVU68
 222              		.loc 1 103 23 is_stmt 0 view .LVU69
 223 00fc 2023     		movs	r3, #32
 224 00fe 0493     		str	r3, [sp, #16]
 104:Core/Src/gpio.c ****   GPIO_InitStruct.Mode = GPIO_MODE_IT_RISING;
 225              		.loc 1 104 3 is_stmt 1 view .LVU70
 226              		.loc 1 104 24 is_stmt 0 view .LVU71
 227 0100 2D4B     		ldr	r3, .L3+20
 228 0102 0593     		str	r3, [sp, #20]
 105:Core/Src/gpio.c ****   GPIO_InitStruct.Pull = GPIO_PULLDOWN;
 229              		.loc 1 105 3 is_stmt 1 view .LVU72
 230              		.loc 1 105 24 is_stmt 0 view .LVU73
 231 0104 0697     		str	r7, [sp, #24]
 106:Core/Src/gpio.c ****   HAL_GPIO_Init(LoRa_EXT0_GPIO_Port, &GPIO_InitStruct);
 232              		.loc 1 106 3 is_stmt 1 view .LVU74
 233 0106 0DEB0B01 		add	r1, sp, fp
 234 010a 3046     		mov	r0, r6
 235 010c FFF7FEFF 		bl	HAL_GPIO_Init
 236              	.LVL9:
 107:Core/Src/gpio.c **** 
ARM GAS  C:\Users\Vento\AppData\Local\Temp\cccdVEwg.s 			page 7


 108:Core/Src/gpio.c ****   /*Configure GPIO pins : PBPin PBPin PBPin PBPin
 109:Core/Src/gpio.c ****                            PBPin PBPin PBPin PBPin
 110:Core/Src/gpio.c ****                            PBPin PBPin PBPin PBPin
 111:Core/Src/gpio.c ****                            PBPin */
 112:Core/Src/gpio.c ****   GPIO_InitStruct.Pin = D8_Pin|D10_Pin|D9_Pin|WR_Pin
 237              		.loc 1 112 3 view .LVU75
 238              		.loc 1 112 23 is_stmt 0 view .LVU76
 239 0110 41F6FF73 		movw	r3, #8191
 240 0114 0493     		str	r3, [sp, #16]
 113:Core/Src/gpio.c ****                           |RD_Pin|SPI2_CS_Pin|D11_Pin|D12_Pin
 114:Core/Src/gpio.c ****                           |D13_Pin|D14_Pin|D15_Pin|RS_Pin
 115:Core/Src/gpio.c ****                           |CS_Pin;
 116:Core/Src/gpio.c ****   GPIO_InitStruct.Mode = GPIO_MODE_OUTPUT_PP;
 241              		.loc 1 116 3 is_stmt 1 view .LVU77
 242              		.loc 1 116 24 is_stmt 0 view .LVU78
 243 0116 0595     		str	r5, [sp, #20]
 117:Core/Src/gpio.c ****   GPIO_InitStruct.Pull = GPIO_NOPULL;
 244              		.loc 1 117 3 is_stmt 1 view .LVU79
 245              		.loc 1 117 24 is_stmt 0 view .LVU80
 246 0118 0694     		str	r4, [sp, #24]
 118:Core/Src/gpio.c ****   GPIO_InitStruct.Speed = GPIO_SPEED_FREQ_HIGH;
 247              		.loc 1 118 3 is_stmt 1 view .LVU81
 248              		.loc 1 118 25 is_stmt 0 view .LVU82
 249 011a CDF81CA0 		str	r10, [sp, #28]
 119:Core/Src/gpio.c ****   HAL_GPIO_Init(GPIOB, &GPIO_InitStruct);
 250              		.loc 1 119 3 is_stmt 1 view .LVU83
 251 011e 0DEB0B01 		add	r1, sp, fp
 252 0122 4846     		mov	r0, r9
 253 0124 FFF7FEFF 		bl	HAL_GPIO_Init
 254              	.LVL10:
 120:Core/Src/gpio.c **** 
 121:Core/Src/gpio.c ****   /*Configure GPIO pin : PtPin */
 122:Core/Src/gpio.c ****   GPIO_InitStruct.Pin = Touch_EXT_Pin;
 255              		.loc 1 122 3 view .LVU84
 256              		.loc 1 122 23 is_stmt 0 view .LVU85
 257 0128 4023     		movs	r3, #64
 258 012a 0493     		str	r3, [sp, #16]
 123:Core/Src/gpio.c ****   GPIO_InitStruct.Mode = GPIO_MODE_IT_FALLING;
 259              		.loc 1 123 3 is_stmt 1 view .LVU86
 260              		.loc 1 123 24 is_stmt 0 view .LVU87
 261 012c 234B     		ldr	r3, .L3+24
 262 012e 0593     		str	r3, [sp, #20]
 124:Core/Src/gpio.c ****   GPIO_InitStruct.Pull = GPIO_PULLUP;
 263              		.loc 1 124 3 is_stmt 1 view .LVU88
 264              		.loc 1 124 24 is_stmt 0 view .LVU89
 265 0130 0695     		str	r5, [sp, #24]
 125:Core/Src/gpio.c ****   HAL_GPIO_Init(Touch_EXT_GPIO_Port, &GPIO_InitStruct);
 266              		.loc 1 125 3 is_stmt 1 view .LVU90
 267 0132 0DEB0B01 		add	r1, sp, fp
 268 0136 3046     		mov	r0, r6
 269 0138 FFF7FEFF 		bl	HAL_GPIO_Init
 270              	.LVL11:
 126:Core/Src/gpio.c **** 
 127:Core/Src/gpio.c ****   /*Configure GPIO pins : PCPin PCPin PCPin */
 128:Core/Src/gpio.c ****   GPIO_InitStruct.Pin = LoRa_EXT1_Pin|LoRa_EXT2_Pin|LoRa_EXT3_Pin;
 271              		.loc 1 128 3 view .LVU91
 272              		.loc 1 128 23 is_stmt 0 view .LVU92
ARM GAS  C:\Users\Vento\AppData\Local\Temp\cccdVEwg.s 			page 8


 273 013c 4FF46073 		mov	r3, #896
 274 0140 0493     		str	r3, [sp, #16]
 129:Core/Src/gpio.c ****   GPIO_InitStruct.Mode = GPIO_MODE_INPUT;
 275              		.loc 1 129 3 is_stmt 1 view .LVU93
 276              		.loc 1 129 24 is_stmt 0 view .LVU94
 277 0142 0594     		str	r4, [sp, #20]
 130:Core/Src/gpio.c ****   GPIO_InitStruct.Pull = GPIO_NOPULL;
 278              		.loc 1 130 3 is_stmt 1 view .LVU95
 279              		.loc 1 130 24 is_stmt 0 view .LVU96
 280 0144 0694     		str	r4, [sp, #24]
 131:Core/Src/gpio.c ****   HAL_GPIO_Init(GPIOC, &GPIO_InitStruct);
 281              		.loc 1 131 3 is_stmt 1 view .LVU97
 282 0146 0DEB0B01 		add	r1, sp, fp
 283 014a 3046     		mov	r0, r6
 284 014c FFF7FEFF 		bl	HAL_GPIO_Init
 285              	.LVL12:
 132:Core/Src/gpio.c **** 
 133:Core/Src/gpio.c ****   /*Configure GPIO pins : PAPin PAPin */
 134:Core/Src/gpio.c ****   GPIO_InitStruct.Pin = LoRa_EXT4_Pin|LoRa_EXT5_Pin;
 286              		.loc 1 134 3 view .LVU98
 287              		.loc 1 134 23 is_stmt 0 view .LVU99
 288 0150 4FF41063 		mov	r3, #2304
 289 0154 0493     		str	r3, [sp, #16]
 135:Core/Src/gpio.c ****   GPIO_InitStruct.Mode = GPIO_MODE_INPUT;
 290              		.loc 1 135 3 is_stmt 1 view .LVU100
 291              		.loc 1 135 24 is_stmt 0 view .LVU101
 292 0156 0594     		str	r4, [sp, #20]
 136:Core/Src/gpio.c ****   GPIO_InitStruct.Pull = GPIO_NOPULL;
 293              		.loc 1 136 3 is_stmt 1 view .LVU102
 294              		.loc 1 136 24 is_stmt 0 view .LVU103
 295 0158 0694     		str	r4, [sp, #24]
 137:Core/Src/gpio.c ****   HAL_GPIO_Init(GPIOA, &GPIO_InitStruct);
 296              		.loc 1 137 3 is_stmt 1 view .LVU104
 297 015a 0DEB0B01 		add	r1, sp, fp
 298 015e 4046     		mov	r0, r8
 299 0160 FFF7FEFF 		bl	HAL_GPIO_Init
 300              	.LVL13:
 138:Core/Src/gpio.c **** 
 139:Core/Src/gpio.c ****   /*Configure GPIO pin : PtPin */
 140:Core/Src/gpio.c ****   GPIO_InitStruct.Pin = RST_Pin;
 301              		.loc 1 140 3 view .LVU105
 302              		.loc 1 140 23 is_stmt 0 view .LVU106
 303 0164 4FF48053 		mov	r3, #4096
 304 0168 0493     		str	r3, [sp, #16]
 141:Core/Src/gpio.c ****   GPIO_InitStruct.Mode = GPIO_MODE_OUTPUT_PP;
 305              		.loc 1 141 3 is_stmt 1 view .LVU107
 306              		.loc 1 141 24 is_stmt 0 view .LVU108
 307 016a 0595     		str	r5, [sp, #20]
 142:Core/Src/gpio.c ****   GPIO_InitStruct.Pull = GPIO_NOPULL;
 308              		.loc 1 142 3 is_stmt 1 view .LVU109
 309              		.loc 1 142 24 is_stmt 0 view .LVU110
 310 016c 0694     		str	r4, [sp, #24]
 143:Core/Src/gpio.c ****   GPIO_InitStruct.Speed = GPIO_SPEED_FREQ_MEDIUM;
 311              		.loc 1 143 3 is_stmt 1 view .LVU111
 312              		.loc 1 143 25 is_stmt 0 view .LVU112
 313 016e 0795     		str	r5, [sp, #28]
 144:Core/Src/gpio.c ****   HAL_GPIO_Init(RST_GPIO_Port, &GPIO_InitStruct);
ARM GAS  C:\Users\Vento\AppData\Local\Temp\cccdVEwg.s 			page 9


 314              		.loc 1 144 3 is_stmt 1 view .LVU113
 315 0170 0DEB0B01 		add	r1, sp, fp
 316 0174 3046     		mov	r0, r6
 317 0176 FFF7FEFF 		bl	HAL_GPIO_Init
 318              	.LVL14:
 145:Core/Src/gpio.c **** 
 146:Core/Src/gpio.c ****   /*Configure GPIO pin : PtPin */
 147:Core/Src/gpio.c ****   GPIO_InitStruct.Pin = BL_Pin;
 319              		.loc 1 147 3 view .LVU114
 320              		.loc 1 147 23 is_stmt 0 view .LVU115
 321 017a 0423     		movs	r3, #4
 322 017c 0493     		str	r3, [sp, #16]
 148:Core/Src/gpio.c ****   GPIO_InitStruct.Mode = GPIO_MODE_OUTPUT_PP;
 323              		.loc 1 148 3 is_stmt 1 view .LVU116
 324              		.loc 1 148 24 is_stmt 0 view .LVU117
 325 017e 0595     		str	r5, [sp, #20]
 149:Core/Src/gpio.c ****   GPIO_InitStruct.Pull = GPIO_PULLDOWN;
 326              		.loc 1 149 3 is_stmt 1 view .LVU118
 327              		.loc 1 149 24 is_stmt 0 view .LVU119
 328 0180 0697     		str	r7, [sp, #24]
 150:Core/Src/gpio.c ****   GPIO_InitStruct.Speed = GPIO_SPEED_FREQ_MEDIUM;
 329              		.loc 1 150 3 is_stmt 1 view .LVU120
 330              		.loc 1 150 25 is_stmt 0 view .LVU121
 331 0182 0795     		str	r5, [sp, #28]
 151:Core/Src/gpio.c ****   HAL_GPIO_Init(BL_GPIO_Port, &GPIO_InitStruct);
 332              		.loc 1 151 3 is_stmt 1 view .LVU122
 333 0184 0DEB0B01 		add	r1, sp, fp
 334 0188 0A48     		ldr	r0, .L3+16
 335 018a FFF7FEFF 		bl	HAL_GPIO_Init
 336              	.LVL15:
 152:Core/Src/gpio.c **** 
 153:Core/Src/gpio.c ****   /* EXTI interrupt init*/
 154:Core/Src/gpio.c ****   HAL_NVIC_SetPriority(EXTI9_5_IRQn, 8, 0);
 337              		.loc 1 154 3 view .LVU123
 338 018e 2246     		mov	r2, r4
 339 0190 0821     		movs	r1, #8
 340 0192 1720     		movs	r0, #23
 341 0194 FFF7FEFF 		bl	HAL_NVIC_SetPriority
 342              	.LVL16:
 155:Core/Src/gpio.c ****   HAL_NVIC_EnableIRQ(EXTI9_5_IRQn);
 343              		.loc 1 155 3 view .LVU124
 344 0198 1720     		movs	r0, #23
 345 019a FFF7FEFF 		bl	HAL_NVIC_EnableIRQ
 346              	.LVL17:
 156:Core/Src/gpio.c **** 
 157:Core/Src/gpio.c **** }
 347              		.loc 1 157 1 is_stmt 0 view .LVU125
 348 019e 09B0     		add	sp, sp, #36
 349              	.LCFI2:
 350              		.cfi_def_cfa_offset 36
 351              		@ sp needed
 352 01a0 BDE8F08F 		pop	{r4, r5, r6, r7, r8, r9, r10, fp, pc}
 353              	.L4:
 354              		.align	2
 355              	.L3:
 356 01a4 00100240 		.word	1073876992
 357 01a8 00100140 		.word	1073811456
ARM GAS  C:\Users\Vento\AppData\Local\Temp\cccdVEwg.s 			page 10


 358 01ac 00080140 		.word	1073809408
 359 01b0 000C0140 		.word	1073810432
 360 01b4 00140140 		.word	1073812480
 361 01b8 00001110 		.word	269549568
 362 01bc 00002110 		.word	270598144
 363              		.cfi_endproc
 364              	.LFE65:
 366              		.text
 367              	.Letext0:
 368              		.file 2 "d:\\tools\\gcc-arm-none-eabi-10.3-2021.07\\arm-none-eabi\\include\\machine\\_default_type
 369              		.file 3 "d:\\tools\\gcc-arm-none-eabi-10.3-2021.07\\arm-none-eabi\\include\\sys\\_stdint.h"
 370              		.file 4 "Drivers/CMSIS/Device/ST/STM32F1xx/Include/stm32f103xe.h"
 371              		.file 5 "Drivers/STM32F1xx_HAL_Driver/Inc/stm32f1xx_hal_gpio.h"
 372              		.file 6 "Drivers/STM32F1xx_HAL_Driver/Inc/stm32f1xx_hal_cortex.h"
ARM GAS  C:\Users\Vento\AppData\Local\Temp\cccdVEwg.s 			page 11


DEFINED SYMBOLS
                            *ABS*:00000000 gpio.c
C:\Users\Vento\AppData\Local\Temp\cccdVEwg.s:16     .text.MX_GPIO_Init:00000000 $t
C:\Users\Vento\AppData\Local\Temp\cccdVEwg.s:24     .text.MX_GPIO_Init:00000000 MX_GPIO_Init
C:\Users\Vento\AppData\Local\Temp\cccdVEwg.s:356    .text.MX_GPIO_Init:000001a4 $d

UNDEFINED SYMBOLS
HAL_GPIO_WritePin
HAL_GPIO_Init
HAL_NVIC_SetPriority
HAL_NVIC_EnableIRQ
