ARM GAS  C:\Users\Vento\AppData\Local\Temp\cciCBIqA.s 			page 1


   1              		.cpu cortex-m3
   2              		.eabi_attribute 20, 1
   3              		.eabi_attribute 21, 1
   4              		.eabi_attribute 23, 3
   5              		.eabi_attribute 24, 1
   6              		.eabi_attribute 25, 1
   7              		.eabi_attribute 26, 1
   8              		.eabi_attribute 30, 1
   9              		.eabi_attribute 34, 1
  10              		.eabi_attribute 18, 4
  11              		.file	"spi.c"
  12              		.text
  13              	.Ltext0:
  14              		.cfi_sections	.debug_frame
  15              		.section	.text.MX_SPI1_Init,"ax",%progbits
  16              		.align	1
  17              		.global	MX_SPI1_Init
  18              		.arch armv7-m
  19              		.syntax unified
  20              		.thumb
  21              		.thumb_func
  22              		.fpu softvfp
  24              	MX_SPI1_Init:
  25              	.LFB65:
  26              		.file 1 "Core/Src/spi.c"
   1:Core/Src/spi.c **** /* USER CODE BEGIN Header */
   2:Core/Src/spi.c **** /**
   3:Core/Src/spi.c ****   ******************************************************************************
   4:Core/Src/spi.c ****   * @file    spi.c
   5:Core/Src/spi.c ****   * @brief   This file provides code for the configuration
   6:Core/Src/spi.c ****   *          of the SPI instances.
   7:Core/Src/spi.c ****   ******************************************************************************
   8:Core/Src/spi.c ****   * @attention
   9:Core/Src/spi.c ****   *
  10:Core/Src/spi.c ****   * Copyright (c) 2023 STMicroelectronics.
  11:Core/Src/spi.c ****   * All rights reserved.
  12:Core/Src/spi.c ****   *
  13:Core/Src/spi.c ****   * This software is licensed under terms that can be found in the LICENSE file
  14:Core/Src/spi.c ****   * in the root directory of this software component.
  15:Core/Src/spi.c ****   * If no LICENSE file comes with this software, it is provided AS-IS.
  16:Core/Src/spi.c ****   *
  17:Core/Src/spi.c ****   ******************************************************************************
  18:Core/Src/spi.c ****   */
  19:Core/Src/spi.c **** /* USER CODE END Header */
  20:Core/Src/spi.c **** /* Includes ------------------------------------------------------------------*/
  21:Core/Src/spi.c **** #include "spi.h"
  22:Core/Src/spi.c **** 
  23:Core/Src/spi.c **** /* USER CODE BEGIN 0 */
  24:Core/Src/spi.c **** 
  25:Core/Src/spi.c **** /* USER CODE END 0 */
  26:Core/Src/spi.c **** 
  27:Core/Src/spi.c **** SPI_HandleTypeDef hspi1;
  28:Core/Src/spi.c **** SPI_HandleTypeDef hspi2;
  29:Core/Src/spi.c **** 
  30:Core/Src/spi.c **** /* SPI1 init function */
  31:Core/Src/spi.c **** void MX_SPI1_Init(void)
  32:Core/Src/spi.c **** {
ARM GAS  C:\Users\Vento\AppData\Local\Temp\cciCBIqA.s 			page 2


  27              		.loc 1 32 1 view -0
  28              		.cfi_startproc
  29              		@ args = 0, pretend = 0, frame = 0
  30              		@ frame_needed = 0, uses_anonymous_args = 0
  31 0000 08B5     		push	{r3, lr}
  32              	.LCFI0:
  33              		.cfi_def_cfa_offset 8
  34              		.cfi_offset 3, -8
  35              		.cfi_offset 14, -4
  33:Core/Src/spi.c **** 
  34:Core/Src/spi.c ****   /* USER CODE BEGIN SPI1_Init 0 */
  35:Core/Src/spi.c **** 
  36:Core/Src/spi.c ****   /* USER CODE END SPI1_Init 0 */
  37:Core/Src/spi.c **** 
  38:Core/Src/spi.c ****   /* USER CODE BEGIN SPI1_Init 1 */
  39:Core/Src/spi.c **** 
  40:Core/Src/spi.c ****   /* USER CODE END SPI1_Init 1 */
  41:Core/Src/spi.c ****   hspi1.Instance = SPI1;
  36              		.loc 1 41 3 view .LVU1
  37              		.loc 1 41 18 is_stmt 0 view .LVU2
  38 0002 0E48     		ldr	r0, .L5
  39 0004 0E4B     		ldr	r3, .L5+4
  40 0006 0360     		str	r3, [r0]
  42:Core/Src/spi.c ****   hspi1.Init.Mode = SPI_MODE_MASTER;
  41              		.loc 1 42 3 is_stmt 1 view .LVU3
  42              		.loc 1 42 19 is_stmt 0 view .LVU4
  43 0008 4FF48273 		mov	r3, #260
  44 000c 4360     		str	r3, [r0, #4]
  43:Core/Src/spi.c ****   hspi1.Init.Direction = SPI_DIRECTION_2LINES;
  45              		.loc 1 43 3 is_stmt 1 view .LVU5
  46              		.loc 1 43 24 is_stmt 0 view .LVU6
  47 000e 0023     		movs	r3, #0
  48 0010 8360     		str	r3, [r0, #8]
  44:Core/Src/spi.c ****   hspi1.Init.DataSize = SPI_DATASIZE_8BIT;
  49              		.loc 1 44 3 is_stmt 1 view .LVU7
  50              		.loc 1 44 23 is_stmt 0 view .LVU8
  51 0012 C360     		str	r3, [r0, #12]
  45:Core/Src/spi.c ****   hspi1.Init.CLKPolarity = SPI_POLARITY_LOW;
  52              		.loc 1 45 3 is_stmt 1 view .LVU9
  53              		.loc 1 45 26 is_stmt 0 view .LVU10
  54 0014 0361     		str	r3, [r0, #16]
  46:Core/Src/spi.c ****   hspi1.Init.CLKPhase = SPI_PHASE_1EDGE;
  55              		.loc 1 46 3 is_stmt 1 view .LVU11
  56              		.loc 1 46 23 is_stmt 0 view .LVU12
  57 0016 4361     		str	r3, [r0, #20]
  47:Core/Src/spi.c ****   hspi1.Init.NSS = SPI_NSS_SOFT;
  58              		.loc 1 47 3 is_stmt 1 view .LVU13
  59              		.loc 1 47 18 is_stmt 0 view .LVU14
  60 0018 4FF40072 		mov	r2, #512
  61 001c 8261     		str	r2, [r0, #24]
  48:Core/Src/spi.c ****   hspi1.Init.BaudRatePrescaler = SPI_BAUDRATEPRESCALER_4;
  62              		.loc 1 48 3 is_stmt 1 view .LVU15
  63              		.loc 1 48 32 is_stmt 0 view .LVU16
  64 001e 0822     		movs	r2, #8
  65 0020 C261     		str	r2, [r0, #28]
  49:Core/Src/spi.c ****   hspi1.Init.FirstBit = SPI_FIRSTBIT_MSB;
  66              		.loc 1 49 3 is_stmt 1 view .LVU17
ARM GAS  C:\Users\Vento\AppData\Local\Temp\cciCBIqA.s 			page 3


  67              		.loc 1 49 23 is_stmt 0 view .LVU18
  68 0022 0362     		str	r3, [r0, #32]
  50:Core/Src/spi.c ****   hspi1.Init.TIMode = SPI_TIMODE_DISABLE;
  69              		.loc 1 50 3 is_stmt 1 view .LVU19
  70              		.loc 1 50 21 is_stmt 0 view .LVU20
  71 0024 4362     		str	r3, [r0, #36]
  51:Core/Src/spi.c ****   hspi1.Init.CRCCalculation = SPI_CRCCALCULATION_DISABLE;
  72              		.loc 1 51 3 is_stmt 1 view .LVU21
  73              		.loc 1 51 29 is_stmt 0 view .LVU22
  74 0026 8362     		str	r3, [r0, #40]
  52:Core/Src/spi.c ****   hspi1.Init.CRCPolynomial = 10;
  75              		.loc 1 52 3 is_stmt 1 view .LVU23
  76              		.loc 1 52 28 is_stmt 0 view .LVU24
  77 0028 0A23     		movs	r3, #10
  78 002a C362     		str	r3, [r0, #44]
  53:Core/Src/spi.c ****   if (HAL_SPI_Init(&hspi1) != HAL_OK)
  79              		.loc 1 53 3 is_stmt 1 view .LVU25
  80              		.loc 1 53 7 is_stmt 0 view .LVU26
  81 002c FFF7FEFF 		bl	HAL_SPI_Init
  82              	.LVL0:
  83              		.loc 1 53 6 view .LVU27
  84 0030 00B9     		cbnz	r0, .L4
  85              	.L1:
  54:Core/Src/spi.c ****   {
  55:Core/Src/spi.c ****     Error_Handler();
  56:Core/Src/spi.c ****   }
  57:Core/Src/spi.c ****   /* USER CODE BEGIN SPI1_Init 2 */
  58:Core/Src/spi.c **** 
  59:Core/Src/spi.c ****   /* USER CODE END SPI1_Init 2 */
  60:Core/Src/spi.c **** 
  61:Core/Src/spi.c **** }
  86              		.loc 1 61 1 view .LVU28
  87 0032 08BD     		pop	{r3, pc}
  88              	.L4:
  55:Core/Src/spi.c ****   }
  89              		.loc 1 55 5 is_stmt 1 view .LVU29
  90 0034 FFF7FEFF 		bl	Error_Handler
  91              	.LVL1:
  92              		.loc 1 61 1 is_stmt 0 view .LVU30
  93 0038 FBE7     		b	.L1
  94              	.L6:
  95 003a 00BF     		.align	2
  96              	.L5:
  97 003c 00000000 		.word	.LANCHOR0
  98 0040 00300140 		.word	1073819648
  99              		.cfi_endproc
 100              	.LFE65:
 102              		.section	.text.MX_SPI2_Init,"ax",%progbits
 103              		.align	1
 104              		.global	MX_SPI2_Init
 105              		.syntax unified
 106              		.thumb
 107              		.thumb_func
 108              		.fpu softvfp
 110              	MX_SPI2_Init:
 111              	.LFB66:
  62:Core/Src/spi.c **** /* SPI2 init function */
ARM GAS  C:\Users\Vento\AppData\Local\Temp\cciCBIqA.s 			page 4


  63:Core/Src/spi.c **** void MX_SPI2_Init(void)
  64:Core/Src/spi.c **** {
 112              		.loc 1 64 1 is_stmt 1 view -0
 113              		.cfi_startproc
 114              		@ args = 0, pretend = 0, frame = 0
 115              		@ frame_needed = 0, uses_anonymous_args = 0
 116 0000 08B5     		push	{r3, lr}
 117              	.LCFI1:
 118              		.cfi_def_cfa_offset 8
 119              		.cfi_offset 3, -8
 120              		.cfi_offset 14, -4
  65:Core/Src/spi.c **** 
  66:Core/Src/spi.c ****   /* USER CODE BEGIN SPI2_Init 0 */
  67:Core/Src/spi.c **** 
  68:Core/Src/spi.c ****   /* USER CODE END SPI2_Init 0 */
  69:Core/Src/spi.c **** 
  70:Core/Src/spi.c ****   /* USER CODE BEGIN SPI2_Init 1 */
  71:Core/Src/spi.c **** 
  72:Core/Src/spi.c ****   /* USER CODE END SPI2_Init 1 */
  73:Core/Src/spi.c ****   hspi2.Instance = SPI2;
 121              		.loc 1 73 3 view .LVU32
 122              		.loc 1 73 18 is_stmt 0 view .LVU33
 123 0002 0E48     		ldr	r0, .L11
 124 0004 0E4B     		ldr	r3, .L11+4
 125 0006 0360     		str	r3, [r0]
  74:Core/Src/spi.c ****   hspi2.Init.Mode = SPI_MODE_MASTER;
 126              		.loc 1 74 3 is_stmt 1 view .LVU34
 127              		.loc 1 74 19 is_stmt 0 view .LVU35
 128 0008 4FF48273 		mov	r3, #260
 129 000c 4360     		str	r3, [r0, #4]
  75:Core/Src/spi.c ****   hspi2.Init.Direction = SPI_DIRECTION_2LINES;
 130              		.loc 1 75 3 is_stmt 1 view .LVU36
 131              		.loc 1 75 24 is_stmt 0 view .LVU37
 132 000e 0023     		movs	r3, #0
 133 0010 8360     		str	r3, [r0, #8]
  76:Core/Src/spi.c ****   hspi2.Init.DataSize = SPI_DATASIZE_8BIT;
 134              		.loc 1 76 3 is_stmt 1 view .LVU38
 135              		.loc 1 76 23 is_stmt 0 view .LVU39
 136 0012 C360     		str	r3, [r0, #12]
  77:Core/Src/spi.c ****   hspi2.Init.CLKPolarity = SPI_POLARITY_LOW;
 137              		.loc 1 77 3 is_stmt 1 view .LVU40
 138              		.loc 1 77 26 is_stmt 0 view .LVU41
 139 0014 0361     		str	r3, [r0, #16]
  78:Core/Src/spi.c ****   hspi2.Init.CLKPhase = SPI_PHASE_1EDGE;
 140              		.loc 1 78 3 is_stmt 1 view .LVU42
 141              		.loc 1 78 23 is_stmt 0 view .LVU43
 142 0016 4361     		str	r3, [r0, #20]
  79:Core/Src/spi.c ****   hspi2.Init.NSS = SPI_NSS_SOFT;
 143              		.loc 1 79 3 is_stmt 1 view .LVU44
 144              		.loc 1 79 18 is_stmt 0 view .LVU45
 145 0018 4FF40072 		mov	r2, #512
 146 001c 8261     		str	r2, [r0, #24]
  80:Core/Src/spi.c ****   hspi2.Init.BaudRatePrescaler = SPI_BAUDRATEPRESCALER_64;
 147              		.loc 1 80 3 is_stmt 1 view .LVU46
 148              		.loc 1 80 32 is_stmt 0 view .LVU47
 149 001e 2822     		movs	r2, #40
 150 0020 C261     		str	r2, [r0, #28]
ARM GAS  C:\Users\Vento\AppData\Local\Temp\cciCBIqA.s 			page 5


  81:Core/Src/spi.c ****   hspi2.Init.FirstBit = SPI_FIRSTBIT_MSB;
 151              		.loc 1 81 3 is_stmt 1 view .LVU48
 152              		.loc 1 81 23 is_stmt 0 view .LVU49
 153 0022 0362     		str	r3, [r0, #32]
  82:Core/Src/spi.c ****   hspi2.Init.TIMode = SPI_TIMODE_DISABLE;
 154              		.loc 1 82 3 is_stmt 1 view .LVU50
 155              		.loc 1 82 21 is_stmt 0 view .LVU51
 156 0024 4362     		str	r3, [r0, #36]
  83:Core/Src/spi.c ****   hspi2.Init.CRCCalculation = SPI_CRCCALCULATION_DISABLE;
 157              		.loc 1 83 3 is_stmt 1 view .LVU52
 158              		.loc 1 83 29 is_stmt 0 view .LVU53
 159 0026 8362     		str	r3, [r0, #40]
  84:Core/Src/spi.c ****   hspi2.Init.CRCPolynomial = 10;
 160              		.loc 1 84 3 is_stmt 1 view .LVU54
 161              		.loc 1 84 28 is_stmt 0 view .LVU55
 162 0028 0A23     		movs	r3, #10
 163 002a C362     		str	r3, [r0, #44]
  85:Core/Src/spi.c ****   if (HAL_SPI_Init(&hspi2) != HAL_OK)
 164              		.loc 1 85 3 is_stmt 1 view .LVU56
 165              		.loc 1 85 7 is_stmt 0 view .LVU57
 166 002c FFF7FEFF 		bl	HAL_SPI_Init
 167              	.LVL2:
 168              		.loc 1 85 6 view .LVU58
 169 0030 00B9     		cbnz	r0, .L10
 170              	.L7:
  86:Core/Src/spi.c ****   {
  87:Core/Src/spi.c ****     Error_Handler();
  88:Core/Src/spi.c ****   }
  89:Core/Src/spi.c ****   /* USER CODE BEGIN SPI2_Init 2 */
  90:Core/Src/spi.c **** 
  91:Core/Src/spi.c ****   /* USER CODE END SPI2_Init 2 */
  92:Core/Src/spi.c **** 
  93:Core/Src/spi.c **** }
 171              		.loc 1 93 1 view .LVU59
 172 0032 08BD     		pop	{r3, pc}
 173              	.L10:
  87:Core/Src/spi.c ****   }
 174              		.loc 1 87 5 is_stmt 1 view .LVU60
 175 0034 FFF7FEFF 		bl	Error_Handler
 176              	.LVL3:
 177              		.loc 1 93 1 is_stmt 0 view .LVU61
 178 0038 FBE7     		b	.L7
 179              	.L12:
 180 003a 00BF     		.align	2
 181              	.L11:
 182 003c 00000000 		.word	.LANCHOR1
 183 0040 00380040 		.word	1073756160
 184              		.cfi_endproc
 185              	.LFE66:
 187              		.section	.text.HAL_SPI_MspInit,"ax",%progbits
 188              		.align	1
 189              		.global	HAL_SPI_MspInit
 190              		.syntax unified
 191              		.thumb
 192              		.thumb_func
 193              		.fpu softvfp
 195              	HAL_SPI_MspInit:
ARM GAS  C:\Users\Vento\AppData\Local\Temp\cciCBIqA.s 			page 6


 196              	.LVL4:
 197              	.LFB67:
  94:Core/Src/spi.c **** 
  95:Core/Src/spi.c **** void HAL_SPI_MspInit(SPI_HandleTypeDef* spiHandle)
  96:Core/Src/spi.c **** {
 198              		.loc 1 96 1 is_stmt 1 view -0
 199              		.cfi_startproc
 200              		@ args = 0, pretend = 0, frame = 32
 201              		@ frame_needed = 0, uses_anonymous_args = 0
 202              		.loc 1 96 1 is_stmt 0 view .LVU63
 203 0000 30B5     		push	{r4, r5, lr}
 204              	.LCFI2:
 205              		.cfi_def_cfa_offset 12
 206              		.cfi_offset 4, -12
 207              		.cfi_offset 5, -8
 208              		.cfi_offset 14, -4
 209 0002 89B0     		sub	sp, sp, #36
 210              	.LCFI3:
 211              		.cfi_def_cfa_offset 48
  97:Core/Src/spi.c **** 
  98:Core/Src/spi.c ****   GPIO_InitTypeDef GPIO_InitStruct = {0};
 212              		.loc 1 98 3 is_stmt 1 view .LVU64
 213              		.loc 1 98 20 is_stmt 0 view .LVU65
 214 0004 0023     		movs	r3, #0
 215 0006 0493     		str	r3, [sp, #16]
 216 0008 0593     		str	r3, [sp, #20]
 217 000a 0693     		str	r3, [sp, #24]
 218 000c 0793     		str	r3, [sp, #28]
  99:Core/Src/spi.c ****   if(spiHandle->Instance==SPI1)
 219              		.loc 1 99 3 is_stmt 1 view .LVU66
 220              		.loc 1 99 15 is_stmt 0 view .LVU67
 221 000e 0368     		ldr	r3, [r0]
 222              		.loc 1 99 5 view .LVU68
 223 0010 344A     		ldr	r2, .L19
 224 0012 9342     		cmp	r3, r2
 225 0014 04D0     		beq	.L17
 100:Core/Src/spi.c ****   {
 101:Core/Src/spi.c ****   /* USER CODE BEGIN SPI1_MspInit 0 */
 102:Core/Src/spi.c **** 
 103:Core/Src/spi.c ****   /* USER CODE END SPI1_MspInit 0 */
 104:Core/Src/spi.c ****     /* SPI1 clock enable */
 105:Core/Src/spi.c ****     __HAL_RCC_SPI1_CLK_ENABLE();
 106:Core/Src/spi.c **** 
 107:Core/Src/spi.c ****     __HAL_RCC_GPIOA_CLK_ENABLE();
 108:Core/Src/spi.c ****     /**SPI1 GPIO Configuration
 109:Core/Src/spi.c ****     PA5     ------> SPI1_SCK
 110:Core/Src/spi.c ****     PA6     ------> SPI1_MISO
 111:Core/Src/spi.c ****     PA7     ------> SPI1_MOSI
 112:Core/Src/spi.c ****     */
 113:Core/Src/spi.c ****     GPIO_InitStruct.Pin = GPIO_PIN_5|GPIO_PIN_7;
 114:Core/Src/spi.c ****     GPIO_InitStruct.Mode = GPIO_MODE_AF_PP;
 115:Core/Src/spi.c ****     GPIO_InitStruct.Speed = GPIO_SPEED_FREQ_HIGH;
 116:Core/Src/spi.c ****     HAL_GPIO_Init(GPIOA, &GPIO_InitStruct);
 117:Core/Src/spi.c **** 
 118:Core/Src/spi.c ****     GPIO_InitStruct.Pin = GPIO_PIN_6;
 119:Core/Src/spi.c ****     GPIO_InitStruct.Mode = GPIO_MODE_INPUT;
 120:Core/Src/spi.c ****     GPIO_InitStruct.Pull = GPIO_NOPULL;
ARM GAS  C:\Users\Vento\AppData\Local\Temp\cciCBIqA.s 			page 7


 121:Core/Src/spi.c ****     HAL_GPIO_Init(GPIOA, &GPIO_InitStruct);
 122:Core/Src/spi.c **** 
 123:Core/Src/spi.c ****     /* SPI1 interrupt Init */
 124:Core/Src/spi.c ****     HAL_NVIC_SetPriority(SPI1_IRQn, 5, 0);
 125:Core/Src/spi.c ****     HAL_NVIC_EnableIRQ(SPI1_IRQn);
 126:Core/Src/spi.c ****   /* USER CODE BEGIN SPI1_MspInit 1 */
 127:Core/Src/spi.c **** 
 128:Core/Src/spi.c ****   /* USER CODE END SPI1_MspInit 1 */
 129:Core/Src/spi.c ****   }
 130:Core/Src/spi.c ****   else if(spiHandle->Instance==SPI2)
 226              		.loc 1 130 8 is_stmt 1 view .LVU69
 227              		.loc 1 130 10 is_stmt 0 view .LVU70
 228 0016 344A     		ldr	r2, .L19+4
 229 0018 9342     		cmp	r3, r2
 230 001a 31D0     		beq	.L18
 231              	.LVL5:
 232              	.L13:
 131:Core/Src/spi.c ****   {
 132:Core/Src/spi.c ****   /* USER CODE BEGIN SPI2_MspInit 0 */
 133:Core/Src/spi.c **** 
 134:Core/Src/spi.c ****   /* USER CODE END SPI2_MspInit 0 */
 135:Core/Src/spi.c ****     /* SPI2 clock enable */
 136:Core/Src/spi.c ****     __HAL_RCC_SPI2_CLK_ENABLE();
 137:Core/Src/spi.c **** 
 138:Core/Src/spi.c ****     __HAL_RCC_GPIOB_CLK_ENABLE();
 139:Core/Src/spi.c ****     /**SPI2 GPIO Configuration
 140:Core/Src/spi.c ****     PB13     ------> SPI2_SCK
 141:Core/Src/spi.c ****     PB14     ------> SPI2_MISO
 142:Core/Src/spi.c ****     PB15     ------> SPI2_MOSI
 143:Core/Src/spi.c ****     */
 144:Core/Src/spi.c ****     GPIO_InitStruct.Pin = GPIO_PIN_13|GPIO_PIN_15;
 145:Core/Src/spi.c ****     GPIO_InitStruct.Mode = GPIO_MODE_AF_PP;
 146:Core/Src/spi.c ****     GPIO_InitStruct.Speed = GPIO_SPEED_FREQ_HIGH;
 147:Core/Src/spi.c ****     HAL_GPIO_Init(GPIOB, &GPIO_InitStruct);
 148:Core/Src/spi.c **** 
 149:Core/Src/spi.c ****     GPIO_InitStruct.Pin = GPIO_PIN_14;
 150:Core/Src/spi.c ****     GPIO_InitStruct.Mode = GPIO_MODE_INPUT;
 151:Core/Src/spi.c ****     GPIO_InitStruct.Pull = GPIO_NOPULL;
 152:Core/Src/spi.c ****     HAL_GPIO_Init(GPIOB, &GPIO_InitStruct);
 153:Core/Src/spi.c **** 
 154:Core/Src/spi.c ****     /* SPI2 interrupt Init */
 155:Core/Src/spi.c ****     HAL_NVIC_SetPriority(SPI2_IRQn, 5, 0);
 156:Core/Src/spi.c ****     HAL_NVIC_EnableIRQ(SPI2_IRQn);
 157:Core/Src/spi.c ****   /* USER CODE BEGIN SPI2_MspInit 1 */
 158:Core/Src/spi.c **** 
 159:Core/Src/spi.c ****   /* USER CODE END SPI2_MspInit 1 */
 160:Core/Src/spi.c ****   }
 161:Core/Src/spi.c **** }
 233              		.loc 1 161 1 view .LVU71
 234 001c 09B0     		add	sp, sp, #36
 235              	.LCFI4:
 236              		.cfi_remember_state
 237              		.cfi_def_cfa_offset 12
 238              		@ sp needed
 239 001e 30BD     		pop	{r4, r5, pc}
 240              	.LVL6:
 241              	.L17:
ARM GAS  C:\Users\Vento\AppData\Local\Temp\cciCBIqA.s 			page 8


 242              	.LCFI5:
 243              		.cfi_restore_state
 105:Core/Src/spi.c **** 
 244              		.loc 1 105 5 is_stmt 1 view .LVU72
 245              	.LBB2:
 105:Core/Src/spi.c **** 
 246              		.loc 1 105 5 view .LVU73
 105:Core/Src/spi.c **** 
 247              		.loc 1 105 5 view .LVU74
 248 0020 324B     		ldr	r3, .L19+8
 249 0022 9A69     		ldr	r2, [r3, #24]
 250 0024 42F48052 		orr	r2, r2, #4096
 251 0028 9A61     		str	r2, [r3, #24]
 105:Core/Src/spi.c **** 
 252              		.loc 1 105 5 view .LVU75
 253 002a 9A69     		ldr	r2, [r3, #24]
 254 002c 02F48052 		and	r2, r2, #4096
 255 0030 0092     		str	r2, [sp]
 105:Core/Src/spi.c **** 
 256              		.loc 1 105 5 view .LVU76
 257 0032 009A     		ldr	r2, [sp]
 258              	.LBE2:
 105:Core/Src/spi.c **** 
 259              		.loc 1 105 5 view .LVU77
 107:Core/Src/spi.c ****     /**SPI1 GPIO Configuration
 260              		.loc 1 107 5 view .LVU78
 261              	.LBB3:
 107:Core/Src/spi.c ****     /**SPI1 GPIO Configuration
 262              		.loc 1 107 5 view .LVU79
 107:Core/Src/spi.c ****     /**SPI1 GPIO Configuration
 263              		.loc 1 107 5 view .LVU80
 264 0034 9A69     		ldr	r2, [r3, #24]
 265 0036 42F00402 		orr	r2, r2, #4
 266 003a 9A61     		str	r2, [r3, #24]
 107:Core/Src/spi.c ****     /**SPI1 GPIO Configuration
 267              		.loc 1 107 5 view .LVU81
 268 003c 9B69     		ldr	r3, [r3, #24]
 269 003e 03F00403 		and	r3, r3, #4
 270 0042 0193     		str	r3, [sp, #4]
 107:Core/Src/spi.c ****     /**SPI1 GPIO Configuration
 271              		.loc 1 107 5 view .LVU82
 272 0044 019B     		ldr	r3, [sp, #4]
 273              	.LBE3:
 107:Core/Src/spi.c ****     /**SPI1 GPIO Configuration
 274              		.loc 1 107 5 view .LVU83
 113:Core/Src/spi.c ****     GPIO_InitStruct.Mode = GPIO_MODE_AF_PP;
 275              		.loc 1 113 5 view .LVU84
 113:Core/Src/spi.c ****     GPIO_InitStruct.Mode = GPIO_MODE_AF_PP;
 276              		.loc 1 113 25 is_stmt 0 view .LVU85
 277 0046 A023     		movs	r3, #160
 278 0048 0493     		str	r3, [sp, #16]
 114:Core/Src/spi.c ****     GPIO_InitStruct.Speed = GPIO_SPEED_FREQ_HIGH;
 279              		.loc 1 114 5 is_stmt 1 view .LVU86
 114:Core/Src/spi.c ****     GPIO_InitStruct.Speed = GPIO_SPEED_FREQ_HIGH;
 280              		.loc 1 114 26 is_stmt 0 view .LVU87
 281 004a 0223     		movs	r3, #2
 282 004c 0593     		str	r3, [sp, #20]
ARM GAS  C:\Users\Vento\AppData\Local\Temp\cciCBIqA.s 			page 9


 115:Core/Src/spi.c ****     HAL_GPIO_Init(GPIOA, &GPIO_InitStruct);
 283              		.loc 1 115 5 is_stmt 1 view .LVU88
 115:Core/Src/spi.c ****     HAL_GPIO_Init(GPIOA, &GPIO_InitStruct);
 284              		.loc 1 115 27 is_stmt 0 view .LVU89
 285 004e 0323     		movs	r3, #3
 286 0050 0793     		str	r3, [sp, #28]
 116:Core/Src/spi.c **** 
 287              		.loc 1 116 5 is_stmt 1 view .LVU90
 288 0052 274D     		ldr	r5, .L19+12
 289 0054 04A9     		add	r1, sp, #16
 290 0056 2846     		mov	r0, r5
 291              	.LVL7:
 116:Core/Src/spi.c **** 
 292              		.loc 1 116 5 is_stmt 0 view .LVU91
 293 0058 FFF7FEFF 		bl	HAL_GPIO_Init
 294              	.LVL8:
 118:Core/Src/spi.c ****     GPIO_InitStruct.Mode = GPIO_MODE_INPUT;
 295              		.loc 1 118 5 is_stmt 1 view .LVU92
 118:Core/Src/spi.c ****     GPIO_InitStruct.Mode = GPIO_MODE_INPUT;
 296              		.loc 1 118 25 is_stmt 0 view .LVU93
 297 005c 4023     		movs	r3, #64
 298 005e 0493     		str	r3, [sp, #16]
 119:Core/Src/spi.c ****     GPIO_InitStruct.Pull = GPIO_NOPULL;
 299              		.loc 1 119 5 is_stmt 1 view .LVU94
 119:Core/Src/spi.c ****     GPIO_InitStruct.Pull = GPIO_NOPULL;
 300              		.loc 1 119 26 is_stmt 0 view .LVU95
 301 0060 0024     		movs	r4, #0
 302 0062 0594     		str	r4, [sp, #20]
 120:Core/Src/spi.c ****     HAL_GPIO_Init(GPIOA, &GPIO_InitStruct);
 303              		.loc 1 120 5 is_stmt 1 view .LVU96
 120:Core/Src/spi.c ****     HAL_GPIO_Init(GPIOA, &GPIO_InitStruct);
 304              		.loc 1 120 26 is_stmt 0 view .LVU97
 305 0064 0694     		str	r4, [sp, #24]
 121:Core/Src/spi.c **** 
 306              		.loc 1 121 5 is_stmt 1 view .LVU98
 307 0066 04A9     		add	r1, sp, #16
 308 0068 2846     		mov	r0, r5
 309 006a FFF7FEFF 		bl	HAL_GPIO_Init
 310              	.LVL9:
 124:Core/Src/spi.c ****     HAL_NVIC_EnableIRQ(SPI1_IRQn);
 311              		.loc 1 124 5 view .LVU99
 312 006e 2246     		mov	r2, r4
 313 0070 0521     		movs	r1, #5
 314 0072 2320     		movs	r0, #35
 315 0074 FFF7FEFF 		bl	HAL_NVIC_SetPriority
 316              	.LVL10:
 125:Core/Src/spi.c ****   /* USER CODE BEGIN SPI1_MspInit 1 */
 317              		.loc 1 125 5 view .LVU100
 318 0078 2320     		movs	r0, #35
 319 007a FFF7FEFF 		bl	HAL_NVIC_EnableIRQ
 320              	.LVL11:
 321 007e CDE7     		b	.L13
 322              	.LVL12:
 323              	.L18:
 136:Core/Src/spi.c **** 
 324              		.loc 1 136 5 view .LVU101
 325              	.LBB4:
ARM GAS  C:\Users\Vento\AppData\Local\Temp\cciCBIqA.s 			page 10


 136:Core/Src/spi.c **** 
 326              		.loc 1 136 5 view .LVU102
 136:Core/Src/spi.c **** 
 327              		.loc 1 136 5 view .LVU103
 328 0080 1A4B     		ldr	r3, .L19+8
 329 0082 DA69     		ldr	r2, [r3, #28]
 330 0084 42F48042 		orr	r2, r2, #16384
 331 0088 DA61     		str	r2, [r3, #28]
 136:Core/Src/spi.c **** 
 332              		.loc 1 136 5 view .LVU104
 333 008a DA69     		ldr	r2, [r3, #28]
 334 008c 02F48042 		and	r2, r2, #16384
 335 0090 0292     		str	r2, [sp, #8]
 136:Core/Src/spi.c **** 
 336              		.loc 1 136 5 view .LVU105
 337 0092 029A     		ldr	r2, [sp, #8]
 338              	.LBE4:
 136:Core/Src/spi.c **** 
 339              		.loc 1 136 5 view .LVU106
 138:Core/Src/spi.c ****     /**SPI2 GPIO Configuration
 340              		.loc 1 138 5 view .LVU107
 341              	.LBB5:
 138:Core/Src/spi.c ****     /**SPI2 GPIO Configuration
 342              		.loc 1 138 5 view .LVU108
 138:Core/Src/spi.c ****     /**SPI2 GPIO Configuration
 343              		.loc 1 138 5 view .LVU109
 344 0094 9A69     		ldr	r2, [r3, #24]
 345 0096 42F00802 		orr	r2, r2, #8
 346 009a 9A61     		str	r2, [r3, #24]
 138:Core/Src/spi.c ****     /**SPI2 GPIO Configuration
 347              		.loc 1 138 5 view .LVU110
 348 009c 9B69     		ldr	r3, [r3, #24]
 349 009e 03F00803 		and	r3, r3, #8
 350 00a2 0393     		str	r3, [sp, #12]
 138:Core/Src/spi.c ****     /**SPI2 GPIO Configuration
 351              		.loc 1 138 5 view .LVU111
 352 00a4 039B     		ldr	r3, [sp, #12]
 353              	.LBE5:
 138:Core/Src/spi.c ****     /**SPI2 GPIO Configuration
 354              		.loc 1 138 5 view .LVU112
 144:Core/Src/spi.c ****     GPIO_InitStruct.Mode = GPIO_MODE_AF_PP;
 355              		.loc 1 144 5 view .LVU113
 144:Core/Src/spi.c ****     GPIO_InitStruct.Mode = GPIO_MODE_AF_PP;
 356              		.loc 1 144 25 is_stmt 0 view .LVU114
 357 00a6 4FF42043 		mov	r3, #40960
 358 00aa 0493     		str	r3, [sp, #16]
 145:Core/Src/spi.c ****     GPIO_InitStruct.Speed = GPIO_SPEED_FREQ_HIGH;
 359              		.loc 1 145 5 is_stmt 1 view .LVU115
 145:Core/Src/spi.c ****     GPIO_InitStruct.Speed = GPIO_SPEED_FREQ_HIGH;
 360              		.loc 1 145 26 is_stmt 0 view .LVU116
 361 00ac 0223     		movs	r3, #2
 362 00ae 0593     		str	r3, [sp, #20]
 146:Core/Src/spi.c ****     HAL_GPIO_Init(GPIOB, &GPIO_InitStruct);
 363              		.loc 1 146 5 is_stmt 1 view .LVU117
 146:Core/Src/spi.c ****     HAL_GPIO_Init(GPIOB, &GPIO_InitStruct);
 364              		.loc 1 146 27 is_stmt 0 view .LVU118
 365 00b0 0323     		movs	r3, #3
ARM GAS  C:\Users\Vento\AppData\Local\Temp\cciCBIqA.s 			page 11


 366 00b2 0793     		str	r3, [sp, #28]
 147:Core/Src/spi.c **** 
 367              		.loc 1 147 5 is_stmt 1 view .LVU119
 368 00b4 0F4D     		ldr	r5, .L19+16
 369 00b6 04A9     		add	r1, sp, #16
 370 00b8 2846     		mov	r0, r5
 371              	.LVL13:
 147:Core/Src/spi.c **** 
 372              		.loc 1 147 5 is_stmt 0 view .LVU120
 373 00ba FFF7FEFF 		bl	HAL_GPIO_Init
 374              	.LVL14:
 149:Core/Src/spi.c ****     GPIO_InitStruct.Mode = GPIO_MODE_INPUT;
 375              		.loc 1 149 5 is_stmt 1 view .LVU121
 149:Core/Src/spi.c ****     GPIO_InitStruct.Mode = GPIO_MODE_INPUT;
 376              		.loc 1 149 25 is_stmt 0 view .LVU122
 377 00be 4FF48043 		mov	r3, #16384
 378 00c2 0493     		str	r3, [sp, #16]
 150:Core/Src/spi.c ****     GPIO_InitStruct.Pull = GPIO_NOPULL;
 379              		.loc 1 150 5 is_stmt 1 view .LVU123
 150:Core/Src/spi.c ****     GPIO_InitStruct.Pull = GPIO_NOPULL;
 380              		.loc 1 150 26 is_stmt 0 view .LVU124
 381 00c4 0024     		movs	r4, #0
 382 00c6 0594     		str	r4, [sp, #20]
 151:Core/Src/spi.c ****     HAL_GPIO_Init(GPIOB, &GPIO_InitStruct);
 383              		.loc 1 151 5 is_stmt 1 view .LVU125
 151:Core/Src/spi.c ****     HAL_GPIO_Init(GPIOB, &GPIO_InitStruct);
 384              		.loc 1 151 26 is_stmt 0 view .LVU126
 385 00c8 0694     		str	r4, [sp, #24]
 152:Core/Src/spi.c **** 
 386              		.loc 1 152 5 is_stmt 1 view .LVU127
 387 00ca 04A9     		add	r1, sp, #16
 388 00cc 2846     		mov	r0, r5
 389 00ce FFF7FEFF 		bl	HAL_GPIO_Init
 390              	.LVL15:
 155:Core/Src/spi.c ****     HAL_NVIC_EnableIRQ(SPI2_IRQn);
 391              		.loc 1 155 5 view .LVU128
 392 00d2 2246     		mov	r2, r4
 393 00d4 0521     		movs	r1, #5
 394 00d6 2420     		movs	r0, #36
 395 00d8 FFF7FEFF 		bl	HAL_NVIC_SetPriority
 396              	.LVL16:
 156:Core/Src/spi.c ****   /* USER CODE BEGIN SPI2_MspInit 1 */
 397              		.loc 1 156 5 view .LVU129
 398 00dc 2420     		movs	r0, #36
 399 00de FFF7FEFF 		bl	HAL_NVIC_EnableIRQ
 400              	.LVL17:
 401              		.loc 1 161 1 is_stmt 0 view .LVU130
 402 00e2 9BE7     		b	.L13
 403              	.L20:
 404              		.align	2
 405              	.L19:
 406 00e4 00300140 		.word	1073819648
 407 00e8 00380040 		.word	1073756160
 408 00ec 00100240 		.word	1073876992
 409 00f0 00080140 		.word	1073809408
 410 00f4 000C0140 		.word	1073810432
 411              		.cfi_endproc
ARM GAS  C:\Users\Vento\AppData\Local\Temp\cciCBIqA.s 			page 12


 412              	.LFE67:
 414              		.section	.text.HAL_SPI_MspDeInit,"ax",%progbits
 415              		.align	1
 416              		.global	HAL_SPI_MspDeInit
 417              		.syntax unified
 418              		.thumb
 419              		.thumb_func
 420              		.fpu softvfp
 422              	HAL_SPI_MspDeInit:
 423              	.LVL18:
 424              	.LFB68:
 162:Core/Src/spi.c **** 
 163:Core/Src/spi.c **** void HAL_SPI_MspDeInit(SPI_HandleTypeDef* spiHandle)
 164:Core/Src/spi.c **** {
 425              		.loc 1 164 1 is_stmt 1 view -0
 426              		.cfi_startproc
 427              		@ args = 0, pretend = 0, frame = 0
 428              		@ frame_needed = 0, uses_anonymous_args = 0
 429              		.loc 1 164 1 is_stmt 0 view .LVU132
 430 0000 08B5     		push	{r3, lr}
 431              	.LCFI6:
 432              		.cfi_def_cfa_offset 8
 433              		.cfi_offset 3, -8
 434              		.cfi_offset 14, -4
 165:Core/Src/spi.c **** 
 166:Core/Src/spi.c ****   if(spiHandle->Instance==SPI1)
 435              		.loc 1 166 3 is_stmt 1 view .LVU133
 436              		.loc 1 166 15 is_stmt 0 view .LVU134
 437 0002 0368     		ldr	r3, [r0]
 438              		.loc 1 166 5 view .LVU135
 439 0004 114A     		ldr	r2, .L27
 440 0006 9342     		cmp	r3, r2
 441 0008 03D0     		beq	.L25
 167:Core/Src/spi.c ****   {
 168:Core/Src/spi.c ****   /* USER CODE BEGIN SPI1_MspDeInit 0 */
 169:Core/Src/spi.c **** 
 170:Core/Src/spi.c ****   /* USER CODE END SPI1_MspDeInit 0 */
 171:Core/Src/spi.c ****     /* Peripheral clock disable */
 172:Core/Src/spi.c ****     __HAL_RCC_SPI1_CLK_DISABLE();
 173:Core/Src/spi.c **** 
 174:Core/Src/spi.c ****     /**SPI1 GPIO Configuration
 175:Core/Src/spi.c ****     PA5     ------> SPI1_SCK
 176:Core/Src/spi.c ****     PA6     ------> SPI1_MISO
 177:Core/Src/spi.c ****     PA7     ------> SPI1_MOSI
 178:Core/Src/spi.c ****     */
 179:Core/Src/spi.c ****     HAL_GPIO_DeInit(GPIOA, GPIO_PIN_5|GPIO_PIN_6|GPIO_PIN_7);
 180:Core/Src/spi.c **** 
 181:Core/Src/spi.c ****     /* SPI1 interrupt Deinit */
 182:Core/Src/spi.c ****     HAL_NVIC_DisableIRQ(SPI1_IRQn);
 183:Core/Src/spi.c ****   /* USER CODE BEGIN SPI1_MspDeInit 1 */
 184:Core/Src/spi.c **** 
 185:Core/Src/spi.c ****   /* USER CODE END SPI1_MspDeInit 1 */
 186:Core/Src/spi.c ****   }
 187:Core/Src/spi.c ****   else if(spiHandle->Instance==SPI2)
 442              		.loc 1 187 8 is_stmt 1 view .LVU136
 443              		.loc 1 187 10 is_stmt 0 view .LVU137
 444 000a 114A     		ldr	r2, .L27+4
ARM GAS  C:\Users\Vento\AppData\Local\Temp\cciCBIqA.s 			page 13


 445 000c 9342     		cmp	r3, r2
 446 000e 0ED0     		beq	.L26
 447              	.LVL19:
 448              	.L21:
 188:Core/Src/spi.c ****   {
 189:Core/Src/spi.c ****   /* USER CODE BEGIN SPI2_MspDeInit 0 */
 190:Core/Src/spi.c **** 
 191:Core/Src/spi.c ****   /* USER CODE END SPI2_MspDeInit 0 */
 192:Core/Src/spi.c ****     /* Peripheral clock disable */
 193:Core/Src/spi.c ****     __HAL_RCC_SPI2_CLK_DISABLE();
 194:Core/Src/spi.c **** 
 195:Core/Src/spi.c ****     /**SPI2 GPIO Configuration
 196:Core/Src/spi.c ****     PB13     ------> SPI2_SCK
 197:Core/Src/spi.c ****     PB14     ------> SPI2_MISO
 198:Core/Src/spi.c ****     PB15     ------> SPI2_MOSI
 199:Core/Src/spi.c ****     */
 200:Core/Src/spi.c ****     HAL_GPIO_DeInit(GPIOB, GPIO_PIN_13|GPIO_PIN_14|GPIO_PIN_15);
 201:Core/Src/spi.c **** 
 202:Core/Src/spi.c ****     /* SPI2 interrupt Deinit */
 203:Core/Src/spi.c ****     HAL_NVIC_DisableIRQ(SPI2_IRQn);
 204:Core/Src/spi.c ****   /* USER CODE BEGIN SPI2_MspDeInit 1 */
 205:Core/Src/spi.c **** 
 206:Core/Src/spi.c ****   /* USER CODE END SPI2_MspDeInit 1 */
 207:Core/Src/spi.c ****   }
 208:Core/Src/spi.c **** }
 449              		.loc 1 208 1 view .LVU138
 450 0010 08BD     		pop	{r3, pc}
 451              	.LVL20:
 452              	.L25:
 172:Core/Src/spi.c **** 
 453              		.loc 1 172 5 is_stmt 1 view .LVU139
 454 0012 02F56042 		add	r2, r2, #57344
 455 0016 9369     		ldr	r3, [r2, #24]
 456 0018 23F48053 		bic	r3, r3, #4096
 457 001c 9361     		str	r3, [r2, #24]
 179:Core/Src/spi.c **** 
 458              		.loc 1 179 5 view .LVU140
 459 001e E021     		movs	r1, #224
 460 0020 0C48     		ldr	r0, .L27+8
 461              	.LVL21:
 179:Core/Src/spi.c **** 
 462              		.loc 1 179 5 is_stmt 0 view .LVU141
 463 0022 FFF7FEFF 		bl	HAL_GPIO_DeInit
 464              	.LVL22:
 182:Core/Src/spi.c ****   /* USER CODE BEGIN SPI1_MspDeInit 1 */
 465              		.loc 1 182 5 is_stmt 1 view .LVU142
 466 0026 2320     		movs	r0, #35
 467 0028 FFF7FEFF 		bl	HAL_NVIC_DisableIRQ
 468              	.LVL23:
 469 002c F0E7     		b	.L21
 470              	.LVL24:
 471              	.L26:
 193:Core/Src/spi.c **** 
 472              		.loc 1 193 5 view .LVU143
 473 002e 02F5EC32 		add	r2, r2, #120832
 474 0032 D369     		ldr	r3, [r2, #28]
 475 0034 23F48043 		bic	r3, r3, #16384
ARM GAS  C:\Users\Vento\AppData\Local\Temp\cciCBIqA.s 			page 14


 476 0038 D361     		str	r3, [r2, #28]
 200:Core/Src/spi.c **** 
 477              		.loc 1 200 5 view .LVU144
 478 003a 4FF46041 		mov	r1, #57344
 479 003e 0648     		ldr	r0, .L27+12
 480              	.LVL25:
 200:Core/Src/spi.c **** 
 481              		.loc 1 200 5 is_stmt 0 view .LVU145
 482 0040 FFF7FEFF 		bl	HAL_GPIO_DeInit
 483              	.LVL26:
 203:Core/Src/spi.c ****   /* USER CODE BEGIN SPI2_MspDeInit 1 */
 484              		.loc 1 203 5 is_stmt 1 view .LVU146
 485 0044 2420     		movs	r0, #36
 486 0046 FFF7FEFF 		bl	HAL_NVIC_DisableIRQ
 487              	.LVL27:
 488              		.loc 1 208 1 is_stmt 0 view .LVU147
 489 004a E1E7     		b	.L21
 490              	.L28:
 491              		.align	2
 492              	.L27:
 493 004c 00300140 		.word	1073819648
 494 0050 00380040 		.word	1073756160
 495 0054 00080140 		.word	1073809408
 496 0058 000C0140 		.word	1073810432
 497              		.cfi_endproc
 498              	.LFE68:
 500              		.global	hspi2
 501              		.global	hspi1
 502              		.section	.bss.hspi1,"aw",%nobits
 503              		.align	2
 504              		.set	.LANCHOR0,. + 0
 507              	hspi1:
 508 0000 00000000 		.space	88
 508      00000000 
 508      00000000 
 508      00000000 
 508      00000000 
 509              		.section	.bss.hspi2,"aw",%nobits
 510              		.align	2
 511              		.set	.LANCHOR1,. + 0
 514              	hspi2:
 515 0000 00000000 		.space	88
 515      00000000 
 515      00000000 
 515      00000000 
 515      00000000 
 516              		.text
 517              	.Letext0:
 518              		.file 2 "d:\\tools\\gcc-arm-none-eabi-10.3-2021.07\\arm-none-eabi\\include\\machine\\_default_type
 519              		.file 3 "d:\\tools\\gcc-arm-none-eabi-10.3-2021.07\\arm-none-eabi\\include\\sys\\_stdint.h"
 520              		.file 4 "Drivers/CMSIS/Device/ST/STM32F1xx/Include/stm32f103xe.h"
 521              		.file 5 "Drivers/STM32F1xx_HAL_Driver/Inc/stm32f1xx_hal_def.h"
 522              		.file 6 "Drivers/STM32F1xx_HAL_Driver/Inc/stm32f1xx_hal_gpio.h"
 523              		.file 7 "Drivers/STM32F1xx_HAL_Driver/Inc/stm32f1xx_hal_dma.h"
 524              		.file 8 "Drivers/STM32F1xx_HAL_Driver/Inc/stm32f1xx_hal_spi.h"
 525              		.file 9 "Core/Inc/spi.h"
 526              		.file 10 "Drivers/STM32F1xx_HAL_Driver/Inc/stm32f1xx_hal_cortex.h"
ARM GAS  C:\Users\Vento\AppData\Local\Temp\cciCBIqA.s 			page 15


 527              		.file 11 "Core/Inc/main.h"
ARM GAS  C:\Users\Vento\AppData\Local\Temp\cciCBIqA.s 			page 16


DEFINED SYMBOLS
                            *ABS*:00000000 spi.c
C:\Users\Vento\AppData\Local\Temp\cciCBIqA.s:16     .text.MX_SPI1_Init:00000000 $t
C:\Users\Vento\AppData\Local\Temp\cciCBIqA.s:24     .text.MX_SPI1_Init:00000000 MX_SPI1_Init
C:\Users\Vento\AppData\Local\Temp\cciCBIqA.s:97     .text.MX_SPI1_Init:0000003c $d
C:\Users\Vento\AppData\Local\Temp\cciCBIqA.s:103    .text.MX_SPI2_Init:00000000 $t
C:\Users\Vento\AppData\Local\Temp\cciCBIqA.s:110    .text.MX_SPI2_Init:00000000 MX_SPI2_Init
C:\Users\Vento\AppData\Local\Temp\cciCBIqA.s:182    .text.MX_SPI2_Init:0000003c $d
C:\Users\Vento\AppData\Local\Temp\cciCBIqA.s:188    .text.HAL_SPI_MspInit:00000000 $t
C:\Users\Vento\AppData\Local\Temp\cciCBIqA.s:195    .text.HAL_SPI_MspInit:00000000 HAL_SPI_MspInit
C:\Users\Vento\AppData\Local\Temp\cciCBIqA.s:406    .text.HAL_SPI_MspInit:000000e4 $d
C:\Users\Vento\AppData\Local\Temp\cciCBIqA.s:415    .text.HAL_SPI_MspDeInit:00000000 $t
C:\Users\Vento\AppData\Local\Temp\cciCBIqA.s:422    .text.HAL_SPI_MspDeInit:00000000 HAL_SPI_MspDeInit
C:\Users\Vento\AppData\Local\Temp\cciCBIqA.s:493    .text.HAL_SPI_MspDeInit:0000004c $d
C:\Users\Vento\AppData\Local\Temp\cciCBIqA.s:514    .bss.hspi2:00000000 hspi2
C:\Users\Vento\AppData\Local\Temp\cciCBIqA.s:507    .bss.hspi1:00000000 hspi1
C:\Users\Vento\AppData\Local\Temp\cciCBIqA.s:503    .bss.hspi1:00000000 $d
C:\Users\Vento\AppData\Local\Temp\cciCBIqA.s:510    .bss.hspi2:00000000 $d

UNDEFINED SYMBOLS
HAL_SPI_Init
Error_Handler
HAL_GPIO_Init
HAL_NVIC_SetPriority
HAL_NVIC_EnableIRQ
HAL_GPIO_DeInit
HAL_NVIC_DisableIRQ
