ARM GAS  C:\Users\Vento\AppData\Local\Temp\ccQmtk6W.s 			page 1


   1              		.cpu cortex-m3
   2              		.eabi_attribute 20, 1
   3              		.eabi_attribute 21, 1
   4              		.eabi_attribute 23, 3
   5              		.eabi_attribute 24, 1
   6              		.eabi_attribute 25, 1
   7              		.eabi_attribute 26, 1
   8              		.eabi_attribute 30, 1
   9              		.eabi_attribute 34, 1
  10              		.eabi_attribute 18, 4
  11              		.file	"sx1278.c"
  12              		.text
  13              	.Ltext0:
  14              		.cfi_sections	.debug_frame
  15              		.section	.text.sx1278_read_reg,"ax",%progbits
  16              		.align	1
  17              		.global	sx1278_read_reg
  18              		.arch armv7-m
  19              		.syntax unified
  20              		.thumb
  21              		.thumb_func
  22              		.fpu softvfp
  24              	sx1278_read_reg:
  25              	.LVL0:
  26              	.LFB68:
  27              		.file 1 "Core/Src/sx1278.c"
   1:Core/Src/sx1278.c **** /*
   2:Core/Src/sx1278.c ****  * sx1278.c
   3:Core/Src/sx1278.c ****  *
   4:Core/Src/sx1278.c ****  *  Created on: Feb 8, 2023
   5:Core/Src/sx1278.c ****  *      Author: dung
   6:Core/Src/sx1278.c ****  */
   7:Core/Src/sx1278.c **** 
   8:Core/Src/sx1278.c **** #include <stdio.h>
   9:Core/Src/sx1278.c **** #include <stdint.h>
  10:Core/Src/sx1278.c **** #include <string.h>
  11:Core/Src/sx1278.c **** #include <stdlib.h>
  12:Core/Src/sx1278.c **** #include <math.h>
  13:Core/Src/sx1278.c **** #include <stdbool.h>
  14:Core/Src/sx1278.c **** #include <time.h>
  15:Core/Src/sx1278.c **** 
  16:Core/Src/sx1278.c **** #include "main.h"
  17:Core/Src/sx1278.c **** // #include "cmsis_os.h"
  18:Core/Src/sx1278.c **** 
  19:Core/Src/sx1278.c **** #include "spi.h"
  20:Core/Src/sx1278.c **** #include "gpio.h"
  21:Core/Src/sx1278.c **** 
  22:Core/Src/sx1278.c **** #include "sx1278.h"
  23:Core/Src/sx1278.c **** #include "common.h"
  24:Core/Src/sx1278.c **** // #include "event_groups.h"
  25:Core/Src/sx1278.c **** 
  26:Core/Src/sx1278.c **** 
  27:Core/Src/sx1278.c **** // extern SPI_HandleTypeDef hspi2;
  28:Core/Src/sx1278.c **** static const char *TAG = "SX1278";
  29:Core/Src/sx1278.c **** // extern EventGroupHandle_t sx1278_evt_group;
  30:Core/Src/sx1278.c **** extern int node_id;
  31:Core/Src/sx1278.c **** 
ARM GAS  C:\Users\Vento\AppData\Local\Temp\ccQmtk6W.s 			page 2


  32:Core/Src/sx1278.c **** 
  33:Core/Src/sx1278.c **** uint8_t sx1278_read_reg(uint8_t reg)
  34:Core/Src/sx1278.c **** {
  28              		.loc 1 34 1 view -0
  29              		.cfi_startproc
  30              		@ args = 0, pretend = 0, frame = 8
  31              		@ frame_needed = 0, uses_anonymous_args = 0
  32              		.loc 1 34 1 is_stmt 0 view .LVU1
  33 0000 00B5     		push	{lr}
  34              	.LCFI0:
  35              		.cfi_def_cfa_offset 4
  36              		.cfi_offset 14, -4
  37 0002 83B0     		sub	sp, sp, #12
  38              	.LCFI1:
  39              		.cfi_def_cfa_offset 16
  35:Core/Src/sx1278.c **** 	uint8_t txByte = reg & 0x7f;
  40              		.loc 1 35 2 is_stmt 1 view .LVU2
  41              		.loc 1 35 23 is_stmt 0 view .LVU3
  42 0004 00F07F00 		and	r0, r0, #127
  43              	.LVL1:
  44              		.loc 1 35 10 view .LVU4
  45 0008 8DF80700 		strb	r0, [sp, #7]
  36:Core/Src/sx1278.c **** 	uint8_t rxByte = 0x00;
  46              		.loc 1 36 2 is_stmt 1 view .LVU5
  47              		.loc 1 36 10 is_stmt 0 view .LVU6
  48 000c 0022     		movs	r2, #0
  49 000e 8DF80620 		strb	r2, [sp, #6]
  37:Core/Src/sx1278.c ****     HAL_GPIO_WritePin(LoRa_CS_PORT, LoRa_CS_PIN, GPIO_PIN_RESET);
  50              		.loc 1 37 5 is_stmt 1 view .LVU7
  51 0012 1021     		movs	r1, #16
  52 0014 1348     		ldr	r0, .L5
  53 0016 FFF7FEFF 		bl	HAL_GPIO_WritePin
  54              	.LVL2:
  38:Core/Src/sx1278.c **** 	HAL_SPI_Transmit(HSPI, &txByte, 1, 1000);
  55              		.loc 1 38 2 view .LVU8
  56 001a 4FF47A73 		mov	r3, #1000
  57 001e 0122     		movs	r2, #1
  58 0020 0DF10701 		add	r1, sp, #7
  59 0024 1048     		ldr	r0, .L5+4
  60 0026 FFF7FEFF 		bl	HAL_SPI_Transmit
  61              	.LVL3:
  39:Core/Src/sx1278.c **** 	while (HAL_SPI_GetState(HSPI) != HAL_SPI_STATE_READY);
  62              		.loc 1 39 2 view .LVU9
  63              	.L2:
  64              		.loc 1 39 55 discriminator 1 view .LVU10
  65              		.loc 1 39 8 discriminator 1 view .LVU11
  66              		.loc 1 39 9 is_stmt 0 discriminator 1 view .LVU12
  67 002a 0F48     		ldr	r0, .L5+4
  68 002c FFF7FEFF 		bl	HAL_SPI_GetState
  69              	.LVL4:
  70              		.loc 1 39 8 discriminator 1 view .LVU13
  71 0030 0128     		cmp	r0, #1
  72 0032 FAD1     		bne	.L2
  40:Core/Src/sx1278.c **** 	HAL_SPI_Receive(HSPI, &rxByte, 1, 1000);
  73              		.loc 1 40 2 is_stmt 1 view .LVU14
  74 0034 4FF47A73 		mov	r3, #1000
  75 0038 0122     		movs	r2, #1
ARM GAS  C:\Users\Vento\AppData\Local\Temp\ccQmtk6W.s 			page 3


  76 003a 0DF10601 		add	r1, sp, #6
  77 003e 0A48     		ldr	r0, .L5+4
  78 0040 FFF7FEFF 		bl	HAL_SPI_Receive
  79              	.LVL5:
  41:Core/Src/sx1278.c **** 	while (HAL_SPI_GetState(HSPI) != HAL_SPI_STATE_READY);
  80              		.loc 1 41 2 view .LVU15
  81              	.L3:
  82              		.loc 1 41 55 discriminator 1 view .LVU16
  83              		.loc 1 41 8 discriminator 1 view .LVU17
  84              		.loc 1 41 9 is_stmt 0 discriminator 1 view .LVU18
  85 0044 0848     		ldr	r0, .L5+4
  86 0046 FFF7FEFF 		bl	HAL_SPI_GetState
  87              	.LVL6:
  88              		.loc 1 41 8 discriminator 1 view .LVU19
  89 004a 0128     		cmp	r0, #1
  90 004c FAD1     		bne	.L3
  42:Core/Src/sx1278.c ****     HAL_GPIO_WritePin(LoRa_CS_PORT, LoRa_CS_PIN, GPIO_PIN_SET);
  91              		.loc 1 42 5 is_stmt 1 view .LVU20
  92 004e 0122     		movs	r2, #1
  93 0050 1021     		movs	r1, #16
  94 0052 0448     		ldr	r0, .L5
  95 0054 FFF7FEFF 		bl	HAL_GPIO_WritePin
  96              	.LVL7:
  43:Core/Src/sx1278.c ****     return rxByte;
  97              		.loc 1 43 5 view .LVU21
  44:Core/Src/sx1278.c **** }
  98              		.loc 1 44 1 is_stmt 0 view .LVU22
  99 0058 9DF80600 		ldrb	r0, [sp, #6]	@ zero_extendqisi2
 100 005c 03B0     		add	sp, sp, #12
 101              	.LCFI2:
 102              		.cfi_def_cfa_offset 4
 103              		@ sp needed
 104 005e 5DF804FB 		ldr	pc, [sp], #4
 105              	.L6:
 106 0062 00BF     		.align	2
 107              	.L5:
 108 0064 00080140 		.word	1073809408
 109 0068 00000000 		.word	hspi1
 110              		.cfi_endproc
 111              	.LFE68:
 113              		.section	.text.sx1278_write_reg,"ax",%progbits
 114              		.align	1
 115              		.global	sx1278_write_reg
 116              		.syntax unified
 117              		.thumb
 118              		.thumb_func
 119              		.fpu softvfp
 121              	sx1278_write_reg:
 122              	.LVL8:
 123              	.LFB69:
  45:Core/Src/sx1278.c **** 
  46:Core/Src/sx1278.c **** void sx1278_write_reg(uint8_t reg, uint8_t val)
  47:Core/Src/sx1278.c **** {
 124              		.loc 1 47 1 is_stmt 1 view -0
 125              		.cfi_startproc
 126              		@ args = 0, pretend = 0, frame = 16
 127              		@ frame_needed = 0, uses_anonymous_args = 0
ARM GAS  C:\Users\Vento\AppData\Local\Temp\ccQmtk6W.s 			page 4


 128              		.loc 1 47 1 is_stmt 0 view .LVU24
 129 0000 00B5     		push	{lr}
 130              	.LCFI3:
 131              		.cfi_def_cfa_offset 4
 132              		.cfi_offset 14, -4
 133 0002 85B0     		sub	sp, sp, #20
 134              	.LCFI4:
 135              		.cfi_def_cfa_offset 24
 136 0004 8DF80710 		strb	r1, [sp, #7]
  48:Core/Src/sx1278.c **** 	uint8_t ureg = reg | 0x80;
 137              		.loc 1 48 2 is_stmt 1 view .LVU25
 138              		.loc 1 48 10 is_stmt 0 view .LVU26
 139 0008 60F07F00 		orn	r0, r0, #127
 140              	.LVL9:
 141              		.loc 1 48 10 view .LVU27
 142 000c 8DF80F00 		strb	r0, [sp, #15]
  49:Core/Src/sx1278.c **** 	HAL_GPIO_WritePin(LoRa_CS_PORT, LoRa_CS_PIN, GPIO_PIN_RESET);
 143              		.loc 1 49 2 is_stmt 1 view .LVU28
 144 0010 0022     		movs	r2, #0
 145 0012 1021     		movs	r1, #16
 146              	.LVL10:
 147              		.loc 1 49 2 is_stmt 0 view .LVU29
 148 0014 1248     		ldr	r0, .L11
 149 0016 FFF7FEFF 		bl	HAL_GPIO_WritePin
 150              	.LVL11:
  50:Core/Src/sx1278.c **** 	HAL_SPI_Transmit(HSPI, &ureg, 1, 1000);
 151              		.loc 1 50 2 is_stmt 1 view .LVU30
 152 001a 4FF47A73 		mov	r3, #1000
 153 001e 0122     		movs	r2, #1
 154 0020 0DF10F01 		add	r1, sp, #15
 155 0024 0F48     		ldr	r0, .L11+4
 156 0026 FFF7FEFF 		bl	HAL_SPI_Transmit
 157              	.LVL12:
  51:Core/Src/sx1278.c **** 	while (HAL_SPI_GetState(HSPI) != HAL_SPI_STATE_READY);
 158              		.loc 1 51 2 view .LVU31
 159              	.L8:
 160              		.loc 1 51 55 discriminator 1 view .LVU32
 161              		.loc 1 51 8 discriminator 1 view .LVU33
 162              		.loc 1 51 9 is_stmt 0 discriminator 1 view .LVU34
 163 002a 0E48     		ldr	r0, .L11+4
 164 002c FFF7FEFF 		bl	HAL_SPI_GetState
 165              	.LVL13:
 166              		.loc 1 51 8 discriminator 1 view .LVU35
 167 0030 0128     		cmp	r0, #1
 168 0032 FAD1     		bne	.L8
  52:Core/Src/sx1278.c **** 	HAL_SPI_Transmit(HSPI, &val, 1, 1000);
 169              		.loc 1 52 2 is_stmt 1 view .LVU36
 170 0034 4FF47A73 		mov	r3, #1000
 171 0038 0122     		movs	r2, #1
 172 003a 0DF10701 		add	r1, sp, #7
 173 003e 0948     		ldr	r0, .L11+4
 174 0040 FFF7FEFF 		bl	HAL_SPI_Transmit
 175              	.LVL14:
  53:Core/Src/sx1278.c **** 	while (HAL_SPI_GetState(HSPI) != HAL_SPI_STATE_READY);
 176              		.loc 1 53 2 view .LVU37
 177              	.L9:
 178              		.loc 1 53 55 discriminator 1 view .LVU38
ARM GAS  C:\Users\Vento\AppData\Local\Temp\ccQmtk6W.s 			page 5


 179              		.loc 1 53 8 discriminator 1 view .LVU39
 180              		.loc 1 53 9 is_stmt 0 discriminator 1 view .LVU40
 181 0044 0748     		ldr	r0, .L11+4
 182 0046 FFF7FEFF 		bl	HAL_SPI_GetState
 183              	.LVL15:
 184              		.loc 1 53 8 discriminator 1 view .LVU41
 185 004a 0128     		cmp	r0, #1
 186 004c FAD1     		bne	.L9
  54:Core/Src/sx1278.c **** 	HAL_GPIO_WritePin(LoRa_CS_PORT, LoRa_CS_PIN, GPIO_PIN_SET);
 187              		.loc 1 54 2 is_stmt 1 view .LVU42
 188 004e 0122     		movs	r2, #1
 189 0050 1021     		movs	r1, #16
 190 0052 0348     		ldr	r0, .L11
 191 0054 FFF7FEFF 		bl	HAL_GPIO_WritePin
 192              	.LVL16:
  55:Core/Src/sx1278.c **** }
 193              		.loc 1 55 1 is_stmt 0 view .LVU43
 194 0058 05B0     		add	sp, sp, #20
 195              	.LCFI5:
 196              		.cfi_def_cfa_offset 4
 197              		@ sp needed
 198 005a 5DF804FB 		ldr	pc, [sp], #4
 199              	.L12:
 200 005e 00BF     		.align	2
 201              	.L11:
 202 0060 00080140 		.word	1073809408
 203 0064 00000000 		.word	hspi1
 204              		.cfi_endproc
 205              	.LFE69:
 207              		.section	.text.sx1278_reset,"ax",%progbits
 208              		.align	1
 209              		.global	sx1278_reset
 210              		.syntax unified
 211              		.thumb
 212              		.thumb_func
 213              		.fpu softvfp
 215              	sx1278_reset:
 216              	.LFB70:
  56:Core/Src/sx1278.c **** 
  57:Core/Src/sx1278.c **** void sx1278_reset(void)
  58:Core/Src/sx1278.c **** {
 217              		.loc 1 58 1 is_stmt 1 view -0
 218              		.cfi_startproc
 219              		@ args = 0, pretend = 0, frame = 0
 220              		@ frame_needed = 0, uses_anonymous_args = 0
 221 0000 10B5     		push	{r4, lr}
 222              	.LCFI6:
 223              		.cfi_def_cfa_offset 8
 224              		.cfi_offset 4, -8
 225              		.cfi_offset 14, -4
  59:Core/Src/sx1278.c **** 	HAL_GPIO_WritePin(LoRa_RST_PORT, LoRa_RST_PIN, GPIO_PIN_RESET);
 226              		.loc 1 59 2 view .LVU45
 227 0002 094C     		ldr	r4, .L15
 228 0004 0022     		movs	r2, #0
 229 0006 1021     		movs	r1, #16
 230 0008 2046     		mov	r0, r4
 231 000a FFF7FEFF 		bl	HAL_GPIO_WritePin
ARM GAS  C:\Users\Vento\AppData\Local\Temp\ccQmtk6W.s 			page 6


 232              	.LVL17:
  60:Core/Src/sx1278.c ****     HAL_Delay(10);
 233              		.loc 1 60 5 view .LVU46
 234 000e 0A20     		movs	r0, #10
 235 0010 FFF7FEFF 		bl	HAL_Delay
 236              	.LVL18:
  61:Core/Src/sx1278.c ****     HAL_GPIO_WritePin(LoRa_RST_PORT, LoRa_RST_PIN, GPIO_PIN_SET);
 237              		.loc 1 61 5 view .LVU47
 238 0014 0122     		movs	r2, #1
 239 0016 1021     		movs	r1, #16
 240 0018 2046     		mov	r0, r4
 241 001a FFF7FEFF 		bl	HAL_GPIO_WritePin
 242              	.LVL19:
  62:Core/Src/sx1278.c ****     HAL_Delay(10);
 243              		.loc 1 62 5 view .LVU48
 244 001e 0A20     		movs	r0, #10
 245 0020 FFF7FEFF 		bl	HAL_Delay
 246              	.LVL20:
  63:Core/Src/sx1278.c **** }
 247              		.loc 1 63 1 is_stmt 0 view .LVU49
 248 0024 10BD     		pop	{r4, pc}
 249              	.L16:
 250 0026 00BF     		.align	2
 251              	.L15:
 252 0028 00100140 		.word	1073811456
 253              		.cfi_endproc
 254              	.LFE70:
 256              		.section	.text.sx1278_sleep,"ax",%progbits
 257              		.align	1
 258              		.global	sx1278_sleep
 259              		.syntax unified
 260              		.thumb
 261              		.thumb_func
 262              		.fpu softvfp
 264              	sx1278_sleep:
 265              	.LFB71:
  64:Core/Src/sx1278.c **** 
  65:Core/Src/sx1278.c **** void sx1278_sleep(void)
  66:Core/Src/sx1278.c **** {
 266              		.loc 1 66 1 is_stmt 1 view -0
 267              		.cfi_startproc
 268              		@ args = 0, pretend = 0, frame = 0
 269              		@ frame_needed = 0, uses_anonymous_args = 0
 270 0000 08B5     		push	{r3, lr}
 271              	.LCFI7:
 272              		.cfi_def_cfa_offset 8
 273              		.cfi_offset 3, -8
 274              		.cfi_offset 14, -4
  67:Core/Src/sx1278.c ****     sx1278_write_reg(REG_OP_MODE, MODE_LONG_RANGE_MODE | MODE_SLEEP);
 275              		.loc 1 67 5 view .LVU51
 276 0002 8021     		movs	r1, #128
 277 0004 0120     		movs	r0, #1
 278 0006 FFF7FEFF 		bl	sx1278_write_reg
 279              	.LVL21:
  68:Core/Src/sx1278.c **** }
 280              		.loc 1 68 1 is_stmt 0 view .LVU52
 281 000a 08BD     		pop	{r3, pc}
ARM GAS  C:\Users\Vento\AppData\Local\Temp\ccQmtk6W.s 			page 7


 282              		.cfi_endproc
 283              	.LFE71:
 285              		.section	.text.sx1278_standby,"ax",%progbits
 286              		.align	1
 287              		.global	sx1278_standby
 288              		.syntax unified
 289              		.thumb
 290              		.thumb_func
 291              		.fpu softvfp
 293              	sx1278_standby:
 294              	.LFB72:
  69:Core/Src/sx1278.c **** 
  70:Core/Src/sx1278.c **** void sx1278_standby(void)
  71:Core/Src/sx1278.c **** {
 295              		.loc 1 71 1 is_stmt 1 view -0
 296              		.cfi_startproc
 297              		@ args = 0, pretend = 0, frame = 0
 298              		@ frame_needed = 0, uses_anonymous_args = 0
 299 0000 08B5     		push	{r3, lr}
 300              	.LCFI8:
 301              		.cfi_def_cfa_offset 8
 302              		.cfi_offset 3, -8
 303              		.cfi_offset 14, -4
  72:Core/Src/sx1278.c ****     sx1278_write_reg(REG_OP_MODE, MODE_LONG_RANGE_MODE | MODE_STDBY);
 304              		.loc 1 72 5 view .LVU54
 305 0002 8121     		movs	r1, #129
 306 0004 0120     		movs	r0, #1
 307 0006 FFF7FEFF 		bl	sx1278_write_reg
 308              	.LVL22:
  73:Core/Src/sx1278.c **** }
 309              		.loc 1 73 1 is_stmt 0 view .LVU55
 310 000a 08BD     		pop	{r3, pc}
 311              		.cfi_endproc
 312              	.LFE72:
 314              		.section	.text.sx1278_rx_contiuous,"ax",%progbits
 315              		.align	1
 316              		.global	sx1278_rx_contiuous
 317              		.syntax unified
 318              		.thumb
 319              		.thumb_func
 320              		.fpu softvfp
 322              	sx1278_rx_contiuous:
 323              	.LFB73:
  74:Core/Src/sx1278.c **** 
  75:Core/Src/sx1278.c **** void sx1278_rx_contiuous(void)
  76:Core/Src/sx1278.c **** {
 324              		.loc 1 76 1 is_stmt 1 view -0
 325              		.cfi_startproc
 326              		@ args = 0, pretend = 0, frame = 0
 327              		@ frame_needed = 0, uses_anonymous_args = 0
 328 0000 08B5     		push	{r3, lr}
 329              	.LCFI9:
 330              		.cfi_def_cfa_offset 8
 331              		.cfi_offset 3, -8
 332              		.cfi_offset 14, -4
  77:Core/Src/sx1278.c ****     sx1278_write_reg(REG_OP_MODE, MODE_LONG_RANGE_MODE | MODE_RX_CONTINUOUS);
 333              		.loc 1 77 5 view .LVU57
ARM GAS  C:\Users\Vento\AppData\Local\Temp\ccQmtk6W.s 			page 8


 334 0002 8521     		movs	r1, #133
 335 0004 0120     		movs	r0, #1
 336 0006 FFF7FEFF 		bl	sx1278_write_reg
 337              	.LVL23:
  78:Core/Src/sx1278.c **** }
 338              		.loc 1 78 1 is_stmt 0 view .LVU58
 339 000a 08BD     		pop	{r3, pc}
 340              		.cfi_endproc
 341              	.LFE73:
 343              		.section	.text.sx1278_rx_single,"ax",%progbits
 344              		.align	1
 345              		.global	sx1278_rx_single
 346              		.syntax unified
 347              		.thumb
 348              		.thumb_func
 349              		.fpu softvfp
 351              	sx1278_rx_single:
 352              	.LFB74:
  79:Core/Src/sx1278.c **** 
  80:Core/Src/sx1278.c **** void sx1278_rx_single(void)
  81:Core/Src/sx1278.c **** {
 353              		.loc 1 81 1 is_stmt 1 view -0
 354              		.cfi_startproc
 355              		@ args = 0, pretend = 0, frame = 0
 356              		@ frame_needed = 0, uses_anonymous_args = 0
 357 0000 08B5     		push	{r3, lr}
 358              	.LCFI10:
 359              		.cfi_def_cfa_offset 8
 360              		.cfi_offset 3, -8
 361              		.cfi_offset 14, -4
  82:Core/Src/sx1278.c ****     sx1278_write_reg(REG_OP_MODE, MODE_LONG_RANGE_MODE | MODE_RX_SINGLE);
 362              		.loc 1 82 5 view .LVU60
 363 0002 8621     		movs	r1, #134
 364 0004 0120     		movs	r0, #1
 365 0006 FFF7FEFF 		bl	sx1278_write_reg
 366              	.LVL24:
  83:Core/Src/sx1278.c **** }
 367              		.loc 1 83 1 is_stmt 0 view .LVU61
 368 000a 08BD     		pop	{r3, pc}
 369              		.cfi_endproc
 370              	.LFE74:
 372              		.section	.text.sx1278_tx,"ax",%progbits
 373              		.align	1
 374              		.global	sx1278_tx
 375              		.syntax unified
 376              		.thumb
 377              		.thumb_func
 378              		.fpu softvfp
 380              	sx1278_tx:
 381              	.LFB75:
  84:Core/Src/sx1278.c **** 
  85:Core/Src/sx1278.c **** void sx1278_tx(void)
  86:Core/Src/sx1278.c **** {
 382              		.loc 1 86 1 is_stmt 1 view -0
 383              		.cfi_startproc
 384              		@ args = 0, pretend = 0, frame = 0
 385              		@ frame_needed = 0, uses_anonymous_args = 0
ARM GAS  C:\Users\Vento\AppData\Local\Temp\ccQmtk6W.s 			page 9


 386 0000 08B5     		push	{r3, lr}
 387              	.LCFI11:
 388              		.cfi_def_cfa_offset 8
 389              		.cfi_offset 3, -8
 390              		.cfi_offset 14, -4
  87:Core/Src/sx1278.c ****     sx1278_write_reg(REG_OP_MODE, MODE_LONG_RANGE_MODE | MODE_TX);
 391              		.loc 1 87 5 view .LVU63
 392 0002 8321     		movs	r1, #131
 393 0004 0120     		movs	r0, #1
 394 0006 FFF7FEFF 		bl	sx1278_write_reg
 395              	.LVL25:
  88:Core/Src/sx1278.c **** }
 396              		.loc 1 88 1 is_stmt 0 view .LVU64
 397 000a 08BD     		pop	{r3, pc}
 398              		.cfi_endproc
 399              	.LFE75:
 401              		.section	.text.sx1278_set_tx_power,"ax",%progbits
 402              		.align	1
 403              		.global	sx1278_set_tx_power
 404              		.syntax unified
 405              		.thumb
 406              		.thumb_func
 407              		.fpu softvfp
 409              	sx1278_set_tx_power:
 410              	.LVL26:
 411              	.LFB77:
  89:Core/Src/sx1278.c **** 
  90:Core/Src/sx1278.c **** void sx1278_cad(void)
  91:Core/Src/sx1278.c **** {
  92:Core/Src/sx1278.c ****     sx1278_standby();
  93:Core/Src/sx1278.c **** 	sx1278_set_irq(0x80);
  94:Core/Src/sx1278.c ****     sx1278_write_reg(REG_IRQ_FLAGS, sx1278_read_reg(REG_IRQ_FLAGS));
  95:Core/Src/sx1278.c ****     sx1278_write_reg(REG_OP_MODE, MODE_LONG_RANGE_MODE | MODE_CAD);
  96:Core/Src/sx1278.c **** }
  97:Core/Src/sx1278.c **** 
  98:Core/Src/sx1278.c **** void sx1278_set_tx_power(uint8_t output_power)
  99:Core/Src/sx1278.c **** {
 412              		.loc 1 99 1 is_stmt 1 view -0
 413              		.cfi_startproc
 414              		@ args = 0, pretend = 0, frame = 0
 415              		@ frame_needed = 0, uses_anonymous_args = 0
 100:Core/Src/sx1278.c ****     if (output_power > 15)
 416              		.loc 1 100 5 view .LVU66
 417              		.loc 1 100 8 is_stmt 0 view .LVU67
 418 0000 0F28     		cmp	r0, #15
 419 0002 00D9     		bls	.L33
 420 0004 7047     		bx	lr
 421              	.L33:
  99:Core/Src/sx1278.c ****     if (output_power > 15)
 422              		.loc 1 99 1 view .LVU68
 423 0006 08B5     		push	{r3, lr}
 424              	.LCFI12:
 425              		.cfi_def_cfa_offset 8
 426              		.cfi_offset 3, -8
 427              		.cfi_offset 14, -4
 101:Core/Src/sx1278.c ****     {
 102:Core/Src/sx1278.c ****         // LOG(TAG, "Invalid output power");
ARM GAS  C:\Users\Vento\AppData\Local\Temp\ccQmtk6W.s 			page 10


 103:Core/Src/sx1278.c ****         return;
 104:Core/Src/sx1278.c ****     }
 105:Core/Src/sx1278.c ****     // PA output pin: PA_BOOST pin
 106:Core/Src/sx1278.c ****     sx1278_write_reg(REG_PA_CONFIG, PA_BOOST | output_power);
 428              		.loc 1 106 5 is_stmt 1 view .LVU69
 429 0008 40F08001 		orr	r1, r0, #128
 430 000c 0920     		movs	r0, #9
 431              	.LVL27:
 432              		.loc 1 106 5 is_stmt 0 view .LVU70
 433 000e FFF7FEFF 		bl	sx1278_write_reg
 434              	.LVL28:
 107:Core/Src/sx1278.c **** }
 435              		.loc 1 107 1 view .LVU71
 436 0012 08BD     		pop	{r3, pc}
 437              		.cfi_endproc
 438              	.LFE77:
 440              		.section	.text.sx1278_set_LNA_gain,"ax",%progbits
 441              		.align	1
 442              		.global	sx1278_set_LNA_gain
 443              		.syntax unified
 444              		.thumb
 445              		.thumb_func
 446              		.fpu softvfp
 448              	sx1278_set_LNA_gain:
 449              	.LVL29:
 450              	.LFB78:
 108:Core/Src/sx1278.c **** 
 109:Core/Src/sx1278.c **** void sx1278_set_LNA_gain(uint8_t gain)
 110:Core/Src/sx1278.c **** {
 451              		.loc 1 110 1 is_stmt 1 view -0
 452              		.cfi_startproc
 453              		@ args = 0, pretend = 0, frame = 0
 454              		@ frame_needed = 0, uses_anonymous_args = 0
 111:Core/Src/sx1278.c ****     if (gain > 6)
 455              		.loc 1 111 5 view .LVU73
 456              		.loc 1 111 8 is_stmt 0 view .LVU74
 457 0000 0628     		cmp	r0, #6
 458 0002 16D8     		bhi	.L38
 110:Core/Src/sx1278.c ****     if (gain > 6)
 459              		.loc 1 110 1 view .LVU75
 460 0004 10B5     		push	{r4, lr}
 461              	.LCFI13:
 462              		.cfi_def_cfa_offset 8
 463              		.cfi_offset 4, -8
 464              		.cfi_offset 14, -4
 465 0006 0446     		mov	r4, r0
 112:Core/Src/sx1278.c ****     {
 113:Core/Src/sx1278.c ****         // LOG(TAG, "Invalid gain");
 114:Core/Src/sx1278.c ****         return;
 115:Core/Src/sx1278.c ****     }
 116:Core/Src/sx1278.c **** 
 117:Core/Src/sx1278.c ****     if (gain == 0)
 466              		.loc 1 117 5 is_stmt 1 view .LVU76
 467              		.loc 1 117 8 is_stmt 0 view .LVU77
 468 0008 20B9     		cbnz	r0, .L36
 118:Core/Src/sx1278.c ****     {
 119:Core/Src/sx1278.c ****         sx1278_write_reg(REG_MODEM_CONFIG_3, 0x04);
ARM GAS  C:\Users\Vento\AppData\Local\Temp\ccQmtk6W.s 			page 11


 469              		.loc 1 119 9 is_stmt 1 view .LVU78
 470 000a 0421     		movs	r1, #4
 471 000c 2620     		movs	r0, #38
 472              	.LVL30:
 473              		.loc 1 119 9 is_stmt 0 view .LVU79
 474 000e FFF7FEFF 		bl	sx1278_write_reg
 475              	.LVL31:
 476              	.L34:
 120:Core/Src/sx1278.c ****     }
 121:Core/Src/sx1278.c ****     else
 122:Core/Src/sx1278.c ****     {
 123:Core/Src/sx1278.c ****         sx1278_write_reg(REG_MODEM_CONFIG_3, 0x00);
 124:Core/Src/sx1278.c ****         sx1278_write_reg(REG_LNA, sx1278_read_reg(REG_LNA) | (gain << 5));
 125:Core/Src/sx1278.c ****     }
 126:Core/Src/sx1278.c **** }
 477              		.loc 1 126 1 view .LVU80
 478 0012 10BD     		pop	{r4, pc}
 479              	.LVL32:
 480              	.L36:
 123:Core/Src/sx1278.c ****         sx1278_write_reg(REG_LNA, sx1278_read_reg(REG_LNA) | (gain << 5));
 481              		.loc 1 123 9 is_stmt 1 view .LVU81
 482 0014 0021     		movs	r1, #0
 483 0016 2620     		movs	r0, #38
 484              	.LVL33:
 123:Core/Src/sx1278.c ****         sx1278_write_reg(REG_LNA, sx1278_read_reg(REG_LNA) | (gain << 5));
 485              		.loc 1 123 9 is_stmt 0 view .LVU82
 486 0018 FFF7FEFF 		bl	sx1278_write_reg
 487              	.LVL34:
 124:Core/Src/sx1278.c ****     }
 488              		.loc 1 124 9 is_stmt 1 view .LVU83
 124:Core/Src/sx1278.c ****     }
 489              		.loc 1 124 35 is_stmt 0 view .LVU84
 490 001c 0C20     		movs	r0, #12
 491 001e FFF7FEFF 		bl	sx1278_read_reg
 492              	.LVL35:
 493 0022 41B2     		sxtb	r1, r0
 124:Core/Src/sx1278.c ****     }
 494              		.loc 1 124 60 view .LVU85
 495 0024 41EA4411 		orr	r1, r1, r4, lsl #5
 124:Core/Src/sx1278.c ****     }
 496              		.loc 1 124 9 view .LVU86
 497 0028 C9B2     		uxtb	r1, r1
 498 002a 0C20     		movs	r0, #12
 499 002c FFF7FEFF 		bl	sx1278_write_reg
 500              	.LVL36:
 501 0030 EFE7     		b	.L34
 502              	.LVL37:
 503              	.L38:
 504              	.LCFI14:
 505              		.cfi_def_cfa_offset 0
 506              		.cfi_restore 4
 507              		.cfi_restore 14
 124:Core/Src/sx1278.c ****     }
 508              		.loc 1 124 9 view .LVU87
 509 0032 7047     		bx	lr
 510              		.cfi_endproc
 511              	.LFE78:
ARM GAS  C:\Users\Vento\AppData\Local\Temp\ccQmtk6W.s 			page 12


 513              		.global	__aeabi_uldivmod
 514              		.section	.text.sx1278_set_freq,"ax",%progbits
 515              		.align	1
 516              		.global	sx1278_set_freq
 517              		.syntax unified
 518              		.thumb
 519              		.thumb_func
 520              		.fpu softvfp
 522              	sx1278_set_freq:
 523              	.LVL38:
 524              	.LFB79:
 127:Core/Src/sx1278.c **** 
 128:Core/Src/sx1278.c **** void sx1278_set_freq(uint64_t freq)
 129:Core/Src/sx1278.c **** {
 525              		.loc 1 129 1 is_stmt 1 view -0
 526              		.cfi_startproc
 527              		@ args = 0, pretend = 0, frame = 0
 528              		@ frame_needed = 0, uses_anonymous_args = 0
 529              		.loc 1 129 1 is_stmt 0 view .LVU89
 530 0000 10B5     		push	{r4, lr}
 531              	.LCFI15:
 532              		.cfi_def_cfa_offset 8
 533              		.cfi_offset 4, -8
 534              		.cfi_offset 14, -4
 535 0002 0446     		mov	r4, r0
 130:Core/Src/sx1278.c ****     uint64_t frf = ((uint64_t)freq << 19) / 32000000;
 536              		.loc 1 130 5 is_stmt 1 view .LVU90
 537              		.loc 1 130 36 is_stmt 0 view .LVU91
 538 0004 C904     		lsls	r1, r1, #19
 539              		.loc 1 130 14 view .LVU92
 540 0006 0B4A     		ldr	r2, .L43
 541 0008 0023     		movs	r3, #0
 542 000a C004     		lsls	r0, r0, #19
 543              	.LVL39:
 544              		.loc 1 130 14 view .LVU93
 545 000c 41EA5431 		orr	r1, r1, r4, lsr #13
 546 0010 FFF7FEFF 		bl	__aeabi_uldivmod
 547              	.LVL40:
 548 0014 0446     		mov	r4, r0
 549              	.LVL41:
 131:Core/Src/sx1278.c ****     sx1278_write_reg(REG_FRF_MSB, (uint8_t)(frf >> 16));
 550              		.loc 1 131 5 is_stmt 1 view .LVU94
 551 0016 C0F30741 		ubfx	r1, r0, #16, #8
 552              	.LVL42:
 553              		.loc 1 131 5 is_stmt 0 view .LVU95
 554 001a 0620     		movs	r0, #6
 555              		.loc 1 131 5 view .LVU96
 556 001c FFF7FEFF 		bl	sx1278_write_reg
 557              	.LVL43:
 132:Core/Src/sx1278.c ****     sx1278_write_reg(REG_FRF_MID, (uint8_t)(frf >> 8));
 558              		.loc 1 132 5 is_stmt 1 view .LVU97
 559 0020 C4F30721 		ubfx	r1, r4, #8, #8
 560 0024 0720     		movs	r0, #7
 561 0026 FFF7FEFF 		bl	sx1278_write_reg
 562              	.LVL44:
 133:Core/Src/sx1278.c ****     sx1278_write_reg(REG_FRF_LSB, (uint8_t)(frf >> 0));
 563              		.loc 1 133 5 view .LVU98
ARM GAS  C:\Users\Vento\AppData\Local\Temp\ccQmtk6W.s 			page 13


 564 002a E1B2     		uxtb	r1, r4
 565 002c 0820     		movs	r0, #8
 566 002e FFF7FEFF 		bl	sx1278_write_reg
 567              	.LVL45:
 134:Core/Src/sx1278.c **** }
 568              		.loc 1 134 1 is_stmt 0 view .LVU99
 569 0032 10BD     		pop	{r4, pc}
 570              	.L44:
 571              		.loc 1 134 1 view .LVU100
 572              		.align	2
 573              	.L43:
 574 0034 0048E801 		.word	32000000
 575              		.cfi_endproc
 576              	.LFE79:
 578              		.section	.text.sx1278_set_bandwidth,"ax",%progbits
 579              		.align	1
 580              		.global	sx1278_set_bandwidth
 581              		.syntax unified
 582              		.thumb
 583              		.thumb_func
 584              		.fpu softvfp
 586              	sx1278_set_bandwidth:
 587              	.LVL46:
 588              	.LFB80:
 135:Core/Src/sx1278.c **** 
 136:Core/Src/sx1278.c **** void sx1278_set_bandwidth(long band)
 137:Core/Src/sx1278.c **** {
 589              		.loc 1 137 1 is_stmt 1 view -0
 590              		.cfi_startproc
 591              		@ args = 0, pretend = 0, frame = 0
 592              		@ frame_needed = 0, uses_anonymous_args = 0
 593              		.loc 1 137 1 is_stmt 0 view .LVU102
 594 0000 10B5     		push	{r4, lr}
 595              	.LCFI16:
 596              		.cfi_def_cfa_offset 8
 597              		.cfi_offset 4, -8
 598              		.cfi_offset 14, -4
 138:Core/Src/sx1278.c ****     int bw;
 599              		.loc 1 138 5 is_stmt 1 view .LVU103
 139:Core/Src/sx1278.c ****     if (band <= 7.8E3)
 600              		.loc 1 139 5 view .LVU104
 601              		.loc 1 139 8 is_stmt 0 view .LVU105
 602 0002 41F67863 		movw	r3, #7800
 603 0006 9842     		cmp	r0, r3
 604 0008 1FDD     		ble	.L47
 140:Core/Src/sx1278.c ****         bw = 0;
 141:Core/Src/sx1278.c ****     else if (band <= 10.4E3)
 605              		.loc 1 141 10 is_stmt 1 view .LVU106
 606              		.loc 1 141 13 is_stmt 0 view .LVU107
 607 000a 42F6A003 		movw	r3, #10400
 608 000e 9842     		cmp	r0, r3
 609 0010 27DD     		ble	.L48
 142:Core/Src/sx1278.c ****         bw = 1;
 143:Core/Src/sx1278.c ****     else if (band <= 15.6E3)
 610              		.loc 1 143 10 is_stmt 1 view .LVU108
 611              		.loc 1 143 13 is_stmt 0 view .LVU109
 612 0012 43F6F043 		movw	r3, #15600
ARM GAS  C:\Users\Vento\AppData\Local\Temp\ccQmtk6W.s 			page 14


 613 0016 9842     		cmp	r0, r3
 614 0018 25DD     		ble	.L49
 144:Core/Src/sx1278.c ****         bw = 2;
 145:Core/Src/sx1278.c ****     else if (band <= 20.8E3)
 615              		.loc 1 145 10 is_stmt 1 view .LVU110
 616              		.loc 1 145 13 is_stmt 0 view .LVU111
 617 001a 45F24013 		movw	r3, #20800
 618 001e 9842     		cmp	r0, r3
 619 0020 23DD     		ble	.L50
 146:Core/Src/sx1278.c ****         bw = 3;
 147:Core/Src/sx1278.c ****     else if (band <= 31.25E3)
 620              		.loc 1 147 10 is_stmt 1 view .LVU112
 621              		.loc 1 147 13 is_stmt 0 view .LVU113
 622 0022 47F61223 		movw	r3, #31250
 623 0026 9842     		cmp	r0, r3
 624 0028 21DD     		ble	.L51
 148:Core/Src/sx1278.c ****         bw = 4;
 149:Core/Src/sx1278.c ****     else if (band <= 41.7E3)
 625              		.loc 1 149 10 is_stmt 1 view .LVU114
 626              		.loc 1 149 13 is_stmt 0 view .LVU115
 627 002a 4AF2E423 		movw	r3, #41700
 628 002e 9842     		cmp	r0, r3
 629 0030 1FDD     		ble	.L52
 150:Core/Src/sx1278.c ****         bw = 5;
 151:Core/Src/sx1278.c ****     else if (band <= 62.5E3)
 630              		.loc 1 151 10 is_stmt 1 view .LVU116
 631              		.loc 1 151 13 is_stmt 0 view .LVU117
 632 0032 4FF22443 		movw	r3, #62500
 633 0036 9842     		cmp	r0, r3
 634 0038 1DDD     		ble	.L53
 152:Core/Src/sx1278.c ****         bw = 6;
 153:Core/Src/sx1278.c ****     else if (band <= 125E3)
 635              		.loc 1 153 10 is_stmt 1 view .LVU118
 636              		.loc 1 153 13 is_stmt 0 view .LVU119
 637 003a 124B     		ldr	r3, .L57
 638 003c 9842     		cmp	r0, r3
 639 003e 1CDD     		ble	.L54
 154:Core/Src/sx1278.c ****         bw = 7;
 155:Core/Src/sx1278.c ****     else if (band <= 250E3)
 640              		.loc 1 155 10 is_stmt 1 view .LVU120
 641              		.loc 1 155 13 is_stmt 0 view .LVU121
 642 0040 114B     		ldr	r3, .L57+4
 643 0042 9842     		cmp	r0, r3
 644 0044 1BDC     		bgt	.L55
 156:Core/Src/sx1278.c ****         bw = 8;
 645              		.loc 1 156 12 view .LVU122
 646 0046 0824     		movs	r4, #8
 647 0048 00E0     		b	.L46
 648              	.L47:
 140:Core/Src/sx1278.c ****     else if (band <= 10.4E3)
 649              		.loc 1 140 12 view .LVU123
 650 004a 0024     		movs	r4, #0
 651              	.L46:
 652              	.LVL47:
 157:Core/Src/sx1278.c ****     else
 158:Core/Src/sx1278.c ****         bw = 9;
 159:Core/Src/sx1278.c ****     sx1278_write_reg(REG_MODEM_CONFIG_1, (sx1278_read_reg(REG_MODEM_CONFIG_1) & 0x0f) | (bw << 4));
ARM GAS  C:\Users\Vento\AppData\Local\Temp\ccQmtk6W.s 			page 15


 653              		.loc 1 159 5 is_stmt 1 view .LVU124
 654              		.loc 1 159 43 is_stmt 0 view .LVU125
 655 004c 1D20     		movs	r0, #29
 656              	.LVL48:
 657              		.loc 1 159 43 view .LVU126
 658 004e FFF7FEFF 		bl	sx1278_read_reg
 659              	.LVL49:
 660              		.loc 1 159 79 view .LVU127
 661 0052 00F00F01 		and	r1, r0, #15
 662              		.loc 1 159 5 view .LVU128
 663 0056 41EA0411 		orr	r1, r1, r4, lsl #4
 664 005a 1D20     		movs	r0, #29
 665 005c FFF7FEFF 		bl	sx1278_write_reg
 666              	.LVL50:
 160:Core/Src/sx1278.c **** }
 667              		.loc 1 160 1 view .LVU129
 668 0060 10BD     		pop	{r4, pc}
 669              	.LVL51:
 670              	.L48:
 142:Core/Src/sx1278.c ****     else if (band <= 15.6E3)
 671              		.loc 1 142 12 view .LVU130
 672 0062 0124     		movs	r4, #1
 673 0064 F2E7     		b	.L46
 674              	.L49:
 144:Core/Src/sx1278.c ****     else if (band <= 20.8E3)
 675              		.loc 1 144 12 view .LVU131
 676 0066 0224     		movs	r4, #2
 677 0068 F0E7     		b	.L46
 678              	.L50:
 146:Core/Src/sx1278.c ****     else if (band <= 31.25E3)
 679              		.loc 1 146 12 view .LVU132
 680 006a 0324     		movs	r4, #3
 681 006c EEE7     		b	.L46
 682              	.L51:
 148:Core/Src/sx1278.c ****     else if (band <= 41.7E3)
 683              		.loc 1 148 12 view .LVU133
 684 006e 0424     		movs	r4, #4
 685 0070 ECE7     		b	.L46
 686              	.L52:
 150:Core/Src/sx1278.c ****     else if (band <= 62.5E3)
 687              		.loc 1 150 12 view .LVU134
 688 0072 0524     		movs	r4, #5
 689 0074 EAE7     		b	.L46
 690              	.L53:
 152:Core/Src/sx1278.c ****     else if (band <= 125E3)
 691              		.loc 1 152 12 view .LVU135
 692 0076 0624     		movs	r4, #6
 693 0078 E8E7     		b	.L46
 694              	.L54:
 154:Core/Src/sx1278.c ****     else if (band <= 250E3)
 695              		.loc 1 154 12 view .LVU136
 696 007a 0724     		movs	r4, #7
 697 007c E6E7     		b	.L46
 698              	.L55:
 158:Core/Src/sx1278.c ****     sx1278_write_reg(REG_MODEM_CONFIG_1, (sx1278_read_reg(REG_MODEM_CONFIG_1) & 0x0f) | (bw << 4));
 699              		.loc 1 158 12 view .LVU137
 700 007e 0924     		movs	r4, #9
ARM GAS  C:\Users\Vento\AppData\Local\Temp\ccQmtk6W.s 			page 16


 701 0080 E4E7     		b	.L46
 702              	.L58:
 703 0082 00BF     		.align	2
 704              	.L57:
 705 0084 48E80100 		.word	125000
 706 0088 90D00300 		.word	250000
 707              		.cfi_endproc
 708              	.LFE80:
 710              		.section	.text.sx1278_set_sf,"ax",%progbits
 711              		.align	1
 712              		.global	sx1278_set_sf
 713              		.syntax unified
 714              		.thumb
 715              		.thumb_func
 716              		.fpu softvfp
 718              	sx1278_set_sf:
 719              	.LVL52:
 720              	.LFB81:
 161:Core/Src/sx1278.c **** 
 162:Core/Src/sx1278.c **** void sx1278_set_sf(uint8_t sf)
 163:Core/Src/sx1278.c **** {
 721              		.loc 1 163 1 is_stmt 1 view -0
 722              		.cfi_startproc
 723              		@ args = 0, pretend = 0, frame = 0
 724              		@ frame_needed = 0, uses_anonymous_args = 0
 164:Core/Src/sx1278.c ****     if (sf < 6 || sf > 12)
 725              		.loc 1 164 5 view .LVU139
 726              		.loc 1 164 16 is_stmt 0 view .LVU140
 727 0000 831F     		subs	r3, r0, #6
 728 0002 DBB2     		uxtb	r3, r3
 729              		.loc 1 164 8 view .LVU141
 730 0004 062B     		cmp	r3, #6
 731 0006 20D8     		bhi	.L64
 163:Core/Src/sx1278.c ****     if (sf < 6 || sf > 12)
 732              		.loc 1 163 1 view .LVU142
 733 0008 10B5     		push	{r4, lr}
 734              	.LCFI17:
 735              		.cfi_def_cfa_offset 8
 736              		.cfi_offset 4, -8
 737              		.cfi_offset 14, -4
 738 000a 0446     		mov	r4, r0
 165:Core/Src/sx1278.c ****     {
 166:Core/Src/sx1278.c ****         // LOG(TAG, "Invalid spreading factor");
 167:Core/Src/sx1278.c ****         return;
 168:Core/Src/sx1278.c ****     }
 169:Core/Src/sx1278.c **** 
 170:Core/Src/sx1278.c ****     if (sf == 6)
 739              		.loc 1 170 5 is_stmt 1 view .LVU143
 740              		.loc 1 170 8 is_stmt 0 view .LVU144
 741 000c 0628     		cmp	r0, #6
 742 000e 13D0     		beq	.L67
 171:Core/Src/sx1278.c ****     {
 172:Core/Src/sx1278.c ****         sx1278_write_reg(REG_DETECTION_OPTIMIZE, 0xc5);
 173:Core/Src/sx1278.c ****         sx1278_write_reg(REG_DETECTION_THRESHOLD, 0x0c);
 174:Core/Src/sx1278.c ****     }
 175:Core/Src/sx1278.c ****     else
 176:Core/Src/sx1278.c ****     {
ARM GAS  C:\Users\Vento\AppData\Local\Temp\ccQmtk6W.s 			page 17


 177:Core/Src/sx1278.c ****         sx1278_write_reg(REG_DETECTION_OPTIMIZE, 0xc3);
 743              		.loc 1 177 9 is_stmt 1 view .LVU145
 744 0010 C321     		movs	r1, #195
 745 0012 3120     		movs	r0, #49
 746              	.LVL53:
 747              		.loc 1 177 9 is_stmt 0 view .LVU146
 748 0014 FFF7FEFF 		bl	sx1278_write_reg
 749              	.LVL54:
 178:Core/Src/sx1278.c ****         sx1278_write_reg(REG_DETECTION_THRESHOLD, 0x0a);
 750              		.loc 1 178 9 is_stmt 1 view .LVU147
 751 0018 0A21     		movs	r1, #10
 752 001a 3720     		movs	r0, #55
 753 001c FFF7FEFF 		bl	sx1278_write_reg
 754              	.LVL55:
 755              	.L62:
 179:Core/Src/sx1278.c ****     }
 180:Core/Src/sx1278.c ****     sx1278_write_reg(REG_MODEM_CONFIG_2, (sx1278_read_reg(REG_MODEM_CONFIG_2) & 0x0f) | ((sf << 4) 
 756              		.loc 1 180 5 view .LVU148
 757              		.loc 1 180 43 is_stmt 0 view .LVU149
 758 0020 1E20     		movs	r0, #30
 759 0022 FFF7FEFF 		bl	sx1278_read_reg
 760              	.LVL56:
 761              		.loc 1 180 79 view .LVU150
 762 0026 00F00F01 		and	r1, r0, #15
 763              		.loc 1 180 87 view .LVU151
 764 002a 41EA0411 		orr	r1, r1, r4, lsl #4
 765              		.loc 1 180 5 view .LVU152
 766 002e C9B2     		uxtb	r1, r1
 767 0030 1E20     		movs	r0, #30
 768 0032 FFF7FEFF 		bl	sx1278_write_reg
 769              	.LVL57:
 181:Core/Src/sx1278.c **** }
 770              		.loc 1 181 1 view .LVU153
 771 0036 10BD     		pop	{r4, pc}
 772              	.LVL58:
 773              	.L67:
 172:Core/Src/sx1278.c ****         sx1278_write_reg(REG_DETECTION_THRESHOLD, 0x0c);
 774              		.loc 1 172 9 is_stmt 1 view .LVU154
 775 0038 C521     		movs	r1, #197
 776 003a 3120     		movs	r0, #49
 777              	.LVL59:
 172:Core/Src/sx1278.c ****         sx1278_write_reg(REG_DETECTION_THRESHOLD, 0x0c);
 778              		.loc 1 172 9 is_stmt 0 view .LVU155
 779 003c FFF7FEFF 		bl	sx1278_write_reg
 780              	.LVL60:
 173:Core/Src/sx1278.c ****     }
 781              		.loc 1 173 9 is_stmt 1 view .LVU156
 782 0040 0C21     		movs	r1, #12
 783 0042 3720     		movs	r0, #55
 784 0044 FFF7FEFF 		bl	sx1278_write_reg
 785              	.LVL61:
 786 0048 EAE7     		b	.L62
 787              	.LVL62:
 788              	.L64:
 789              	.LCFI18:
 790              		.cfi_def_cfa_offset 0
 791              		.cfi_restore 4
ARM GAS  C:\Users\Vento\AppData\Local\Temp\ccQmtk6W.s 			page 18


 792              		.cfi_restore 14
 173:Core/Src/sx1278.c ****     }
 793              		.loc 1 173 9 is_stmt 0 view .LVU157
 794 004a 7047     		bx	lr
 795              		.cfi_endproc
 796              	.LFE81:
 798              		.section	.text.sx1278_set_cr,"ax",%progbits
 799              		.align	1
 800              		.global	sx1278_set_cr
 801              		.syntax unified
 802              		.thumb
 803              		.thumb_func
 804              		.fpu softvfp
 806              	sx1278_set_cr:
 807              	.LVL63:
 808              	.LFB82:
 182:Core/Src/sx1278.c **** 
 183:Core/Src/sx1278.c **** void sx1278_set_cr(uint8_t cr)
 184:Core/Src/sx1278.c **** {
 809              		.loc 1 184 1 is_stmt 1 view -0
 810              		.cfi_startproc
 811              		@ args = 0, pretend = 0, frame = 0
 812              		@ frame_needed = 0, uses_anonymous_args = 0
 185:Core/Src/sx1278.c ****     if ((cr < 5U) || (cr > 8U))
 813              		.loc 1 185 5 view .LVU159
 814              		.loc 1 185 19 is_stmt 0 view .LVU160
 815 0000 431F     		subs	r3, r0, #5
 816 0002 DBB2     		uxtb	r3, r3
 817              		.loc 1 185 8 view .LVU161
 818 0004 032B     		cmp	r3, #3
 819 0006 00D9     		bls	.L74
 820 0008 7047     		bx	lr
 821              	.L74:
 184:Core/Src/sx1278.c ****     if ((cr < 5U) || (cr > 8U))
 822              		.loc 1 184 1 view .LVU162
 823 000a 10B5     		push	{r4, lr}
 824              	.LCFI19:
 825              		.cfi_def_cfa_offset 8
 826              		.cfi_offset 4, -8
 827              		.cfi_offset 14, -4
 186:Core/Src/sx1278.c ****     {
 187:Core/Src/sx1278.c ****         // LOG(TAG, "Invalid coding rate");
 188:Core/Src/sx1278.c ****         return;
 189:Core/Src/sx1278.c ****     }
 190:Core/Src/sx1278.c **** 
 191:Core/Src/sx1278.c ****     cr = cr - 4;
 828              		.loc 1 191 5 is_stmt 1 view .LVU163
 829              		.loc 1 191 8 is_stmt 0 view .LVU164
 830 000c 0438     		subs	r0, r0, #4
 831              	.LVL64:
 832              		.loc 1 191 8 view .LVU165
 833 000e C4B2     		uxtb	r4, r0
 834              	.LVL65:
 192:Core/Src/sx1278.c ****     sx1278_write_reg(REG_MODEM_CONFIG_1, (sx1278_read_reg(REG_MODEM_CONFIG_1) & 0xf1) | (cr << 1));
 835              		.loc 1 192 5 is_stmt 1 view .LVU166
 836              		.loc 1 192 43 is_stmt 0 view .LVU167
 837 0010 1D20     		movs	r0, #29
ARM GAS  C:\Users\Vento\AppData\Local\Temp\ccQmtk6W.s 			page 19


 838 0012 FFF7FEFF 		bl	sx1278_read_reg
 839              	.LVL66:
 840 0016 41B2     		sxtb	r1, r0
 841              		.loc 1 192 79 view .LVU168
 842 0018 21F00E01 		bic	r1, r1, #14
 843              		.loc 1 192 87 view .LVU169
 844 001c 41EA4401 		orr	r1, r1, r4, lsl #1
 845              		.loc 1 192 5 view .LVU170
 846 0020 C9B2     		uxtb	r1, r1
 847 0022 1D20     		movs	r0, #29
 848 0024 FFF7FEFF 		bl	sx1278_write_reg
 849              	.LVL67:
 193:Core/Src/sx1278.c **** }
 850              		.loc 1 193 1 view .LVU171
 851 0028 10BD     		pop	{r4, pc}
 852              		.loc 1 193 1 view .LVU172
 853              		.cfi_endproc
 854              	.LFE82:
 856              		.section	.text.sx1278_set_header,"ax",%progbits
 857              		.align	1
 858              		.global	sx1278_set_header
 859              		.syntax unified
 860              		.thumb
 861              		.thumb_func
 862              		.fpu softvfp
 864              	sx1278_set_header:
 865              	.LVL68:
 866              	.LFB83:
 194:Core/Src/sx1278.c **** 
 195:Core/Src/sx1278.c **** void sx1278_set_header(bool en, uint32_t size)
 196:Core/Src/sx1278.c **** {
 867              		.loc 1 196 1 is_stmt 1 view -0
 868              		.cfi_startproc
 869              		@ args = 0, pretend = 0, frame = 0
 870              		@ frame_needed = 0, uses_anonymous_args = 0
 871              		.loc 1 196 1 is_stmt 0 view .LVU174
 872 0000 10B5     		push	{r4, lr}
 873              	.LCFI20:
 874              		.cfi_def_cfa_offset 8
 875              		.cfi_offset 4, -8
 876              		.cfi_offset 14, -4
 197:Core/Src/sx1278.c ****     if (en)
 877              		.loc 1 197 5 is_stmt 1 view .LVU175
 878              		.loc 1 197 8 is_stmt 0 view .LVU176
 879 0002 40B1     		cbz	r0, .L76
 198:Core/Src/sx1278.c ****         sx1278_write_reg(REG_MODEM_CONFIG_1, sx1278_read_reg(REG_MODEM_CONFIG_1) & 0xfe);
 880              		.loc 1 198 9 is_stmt 1 view .LVU177
 881              		.loc 1 198 46 is_stmt 0 view .LVU178
 882 0004 1D20     		movs	r0, #29
 883              	.LVL69:
 884              		.loc 1 198 46 view .LVU179
 885 0006 FFF7FEFF 		bl	sx1278_read_reg
 886              	.LVL70:
 887              		.loc 1 198 9 view .LVU180
 888 000a 00F0FE01 		and	r1, r0, #254
 889 000e 1D20     		movs	r0, #29
 890 0010 FFF7FEFF 		bl	sx1278_write_reg
ARM GAS  C:\Users\Vento\AppData\Local\Temp\ccQmtk6W.s 			page 20


 891              	.LVL71:
 892              	.L75:
 199:Core/Src/sx1278.c ****     else
 200:Core/Src/sx1278.c ****     {
 201:Core/Src/sx1278.c ****         sx1278_write_reg(REG_MODEM_CONFIG_1, sx1278_read_reg(REG_MODEM_CONFIG_1) | 0x01);
 202:Core/Src/sx1278.c ****         sx1278_write_reg(REG_PAYLOAD_LENGTH, size);
 203:Core/Src/sx1278.c ****     }
 204:Core/Src/sx1278.c **** }
 893              		.loc 1 204 1 view .LVU181
 894 0014 10BD     		pop	{r4, pc}
 895              	.LVL72:
 896              	.L76:
 897              		.loc 1 204 1 view .LVU182
 898 0016 0C46     		mov	r4, r1
 201:Core/Src/sx1278.c ****         sx1278_write_reg(REG_PAYLOAD_LENGTH, size);
 899              		.loc 1 201 9 is_stmt 1 view .LVU183
 201:Core/Src/sx1278.c ****         sx1278_write_reg(REG_PAYLOAD_LENGTH, size);
 900              		.loc 1 201 46 is_stmt 0 view .LVU184
 901 0018 1D20     		movs	r0, #29
 902              	.LVL73:
 201:Core/Src/sx1278.c ****         sx1278_write_reg(REG_PAYLOAD_LENGTH, size);
 903              		.loc 1 201 46 view .LVU185
 904 001a FFF7FEFF 		bl	sx1278_read_reg
 905              	.LVL74:
 201:Core/Src/sx1278.c ****         sx1278_write_reg(REG_PAYLOAD_LENGTH, size);
 906              		.loc 1 201 9 view .LVU186
 907 001e 40F00101 		orr	r1, r0, #1
 908 0022 C9B2     		uxtb	r1, r1
 909 0024 1D20     		movs	r0, #29
 910 0026 FFF7FEFF 		bl	sx1278_write_reg
 911              	.LVL75:
 202:Core/Src/sx1278.c ****     }
 912              		.loc 1 202 9 is_stmt 1 view .LVU187
 913 002a E1B2     		uxtb	r1, r4
 914 002c 2220     		movs	r0, #34
 915 002e FFF7FEFF 		bl	sx1278_write_reg
 916              	.LVL76:
 917              		.loc 1 204 1 is_stmt 0 view .LVU188
 918 0032 EFE7     		b	.L75
 919              		.cfi_endproc
 920              	.LFE83:
 922              		.section	.text.sx1278_set_crc,"ax",%progbits
 923              		.align	1
 924              		.global	sx1278_set_crc
 925              		.syntax unified
 926              		.thumb
 927              		.thumb_func
 928              		.fpu softvfp
 930              	sx1278_set_crc:
 931              	.LVL77:
 932              	.LFB84:
 205:Core/Src/sx1278.c **** 
 206:Core/Src/sx1278.c **** void sx1278_set_crc(bool en)
 207:Core/Src/sx1278.c **** {
 933              		.loc 1 207 1 is_stmt 1 view -0
 934              		.cfi_startproc
 935              		@ args = 0, pretend = 0, frame = 0
ARM GAS  C:\Users\Vento\AppData\Local\Temp\ccQmtk6W.s 			page 21


 936              		@ frame_needed = 0, uses_anonymous_args = 0
 937              		.loc 1 207 1 is_stmt 0 view .LVU190
 938 0000 08B5     		push	{r3, lr}
 939              	.LCFI21:
 940              		.cfi_def_cfa_offset 8
 941              		.cfi_offset 3, -8
 942              		.cfi_offset 14, -4
 208:Core/Src/sx1278.c ****     if (en)
 943              		.loc 1 208 5 is_stmt 1 view .LVU191
 944              		.loc 1 208 8 is_stmt 0 view .LVU192
 945 0002 48B1     		cbz	r0, .L80
 209:Core/Src/sx1278.c ****         sx1278_write_reg(REG_MODEM_CONFIG_2, sx1278_read_reg(REG_MODEM_CONFIG_2) | 0x04);
 946              		.loc 1 209 9 is_stmt 1 view .LVU193
 947              		.loc 1 209 46 is_stmt 0 view .LVU194
 948 0004 1E20     		movs	r0, #30
 949              	.LVL78:
 950              		.loc 1 209 46 view .LVU195
 951 0006 FFF7FEFF 		bl	sx1278_read_reg
 952              	.LVL79:
 953              		.loc 1 209 9 view .LVU196
 954 000a 40F00401 		orr	r1, r0, #4
 955 000e C9B2     		uxtb	r1, r1
 956 0010 1E20     		movs	r0, #30
 957 0012 FFF7FEFF 		bl	sx1278_write_reg
 958              	.LVL80:
 959              	.L79:
 210:Core/Src/sx1278.c ****     else
 211:Core/Src/sx1278.c ****         sx1278_write_reg(REG_MODEM_CONFIG_2, sx1278_read_reg(REG_MODEM_CONFIG_2) & 0xfb);
 212:Core/Src/sx1278.c **** }
 960              		.loc 1 212 1 view .LVU197
 961 0016 08BD     		pop	{r3, pc}
 962              	.LVL81:
 963              	.L80:
 211:Core/Src/sx1278.c **** }
 964              		.loc 1 211 9 is_stmt 1 view .LVU198
 211:Core/Src/sx1278.c **** }
 965              		.loc 1 211 46 is_stmt 0 view .LVU199
 966 0018 1E20     		movs	r0, #30
 967              	.LVL82:
 211:Core/Src/sx1278.c **** }
 968              		.loc 1 211 46 view .LVU200
 969 001a FFF7FEFF 		bl	sx1278_read_reg
 970              	.LVL83:
 211:Core/Src/sx1278.c **** }
 971              		.loc 1 211 9 view .LVU201
 972 001e 00F0FB01 		and	r1, r0, #251
 973 0022 1E20     		movs	r0, #30
 974 0024 FFF7FEFF 		bl	sx1278_write_reg
 975              	.LVL84:
 976              		.loc 1 212 1 view .LVU202
 977 0028 F5E7     		b	.L79
 978              		.cfi_endproc
 979              	.LFE84:
 981              		.section	.text.sx1278_set_preamble,"ax",%progbits
 982              		.align	1
 983              		.global	sx1278_set_preamble
 984              		.syntax unified
ARM GAS  C:\Users\Vento\AppData\Local\Temp\ccQmtk6W.s 			page 22


 985              		.thumb
 986              		.thumb_func
 987              		.fpu softvfp
 989              	sx1278_set_preamble:
 990              	.LVL85:
 991              	.LFB85:
 213:Core/Src/sx1278.c **** 
 214:Core/Src/sx1278.c **** void sx1278_set_preamble(int len)
 215:Core/Src/sx1278.c **** {
 992              		.loc 1 215 1 is_stmt 1 view -0
 993              		.cfi_startproc
 994              		@ args = 0, pretend = 0, frame = 0
 995              		@ frame_needed = 0, uses_anonymous_args = 0
 996              		.loc 1 215 1 is_stmt 0 view .LVU204
 997 0000 10B5     		push	{r4, lr}
 998              	.LCFI22:
 999              		.cfi_def_cfa_offset 8
 1000              		.cfi_offset 4, -8
 1001              		.cfi_offset 14, -4
 1002 0002 0446     		mov	r4, r0
 216:Core/Src/sx1278.c ****     sx1278_write_reg(REG_PREAMBLE_MSB, (uint8_t)(len >> 8));
 1003              		.loc 1 216 5 is_stmt 1 view .LVU205
 1004 0004 C0F30721 		ubfx	r1, r0, #8, #8
 1005 0008 2020     		movs	r0, #32
 1006              	.LVL86:
 1007              		.loc 1 216 5 is_stmt 0 view .LVU206
 1008 000a FFF7FEFF 		bl	sx1278_write_reg
 1009              	.LVL87:
 217:Core/Src/sx1278.c ****     sx1278_write_reg(REG_PREAMBLE_LSB, (uint8_t)(len >> 0));
 1010              		.loc 1 217 5 is_stmt 1 view .LVU207
 1011 000e E1B2     		uxtb	r1, r4
 1012 0010 2120     		movs	r0, #33
 1013 0012 FFF7FEFF 		bl	sx1278_write_reg
 1014              	.LVL88:
 218:Core/Src/sx1278.c **** }
 1015              		.loc 1 218 1 is_stmt 0 view .LVU208
 1016 0016 10BD     		pop	{r4, pc}
 1017              		.loc 1 218 1 view .LVU209
 1018              		.cfi_endproc
 1019              	.LFE85:
 1021              		.section	.text.sx1278_get_rssi,"ax",%progbits
 1022              		.align	1
 1023              		.global	sx1278_get_rssi
 1024              		.syntax unified
 1025              		.thumb
 1026              		.thumb_func
 1027              		.fpu softvfp
 1029              	sx1278_get_rssi:
 1030              	.LFB86:
 219:Core/Src/sx1278.c **** 
 220:Core/Src/sx1278.c **** int sx1278_get_rssi(void)
 221:Core/Src/sx1278.c **** {
 1031              		.loc 1 221 1 is_stmt 1 view -0
 1032              		.cfi_startproc
 1033              		@ args = 0, pretend = 0, frame = 0
 1034              		@ frame_needed = 0, uses_anonymous_args = 0
 1035 0000 08B5     		push	{r3, lr}
ARM GAS  C:\Users\Vento\AppData\Local\Temp\ccQmtk6W.s 			page 23


 1036              	.LCFI23:
 1037              		.cfi_def_cfa_offset 8
 1038              		.cfi_offset 3, -8
 1039              		.cfi_offset 14, -4
 222:Core/Src/sx1278.c ****     return (sx1278_read_reg(REG_PKT_RSSI_VALUE) - 164);
 1040              		.loc 1 222 5 view .LVU211
 1041              		.loc 1 222 13 is_stmt 0 view .LVU212
 1042 0002 1A20     		movs	r0, #26
 1043 0004 FFF7FEFF 		bl	sx1278_read_reg
 1044              	.LVL89:
 223:Core/Src/sx1278.c **** }
 1045              		.loc 1 223 1 view .LVU213
 1046 0008 A438     		subs	r0, r0, #164
 1047 000a 08BD     		pop	{r3, pc}
 1048              		.cfi_endproc
 1049              	.LFE86:
 1051              		.global	__aeabi_i2d
 1052              		.global	__aeabi_dmul
 1053              		.global	__aeabi_d2f
 1054              		.section	.text.sx1278_get_snr,"ax",%progbits
 1055              		.align	1
 1056              		.global	sx1278_get_snr
 1057              		.syntax unified
 1058              		.thumb
 1059              		.thumb_func
 1060              		.fpu softvfp
 1062              	sx1278_get_snr:
 1063              	.LFB87:
 224:Core/Src/sx1278.c **** 
 225:Core/Src/sx1278.c **** float sx1278_get_snr(void)
 226:Core/Src/sx1278.c **** {
 1064              		.loc 1 226 1 is_stmt 1 view -0
 1065              		.cfi_startproc
 1066              		@ args = 0, pretend = 0, frame = 0
 1067              		@ frame_needed = 0, uses_anonymous_args = 0
 1068 0000 08B5     		push	{r3, lr}
 1069              	.LCFI24:
 1070              		.cfi_def_cfa_offset 8
 1071              		.cfi_offset 3, -8
 1072              		.cfi_offset 14, -4
 227:Core/Src/sx1278.c ****     return ((int8_t)sx1278_read_reg(REG_PKT_SNR_VALUE) * 0.25);
 1073              		.loc 1 227 5 view .LVU215
 1074              		.loc 1 227 21 is_stmt 0 view .LVU216
 1075 0002 1920     		movs	r0, #25
 1076 0004 FFF7FEFF 		bl	sx1278_read_reg
 1077              	.LVL90:
 1078              		.loc 1 227 56 view .LVU217
 1079 0008 40B2     		sxtb	r0, r0
 1080 000a FFF7FEFF 		bl	__aeabi_i2d
 1081              	.LVL91:
 1082 000e 0022     		movs	r2, #0
 1083 0010 024B     		ldr	r3, .L89
 1084 0012 FFF7FEFF 		bl	__aeabi_dmul
 1085              	.LVL92:
 1086 0016 FFF7FEFF 		bl	__aeabi_d2f
 1087              	.LVL93:
 228:Core/Src/sx1278.c **** }
ARM GAS  C:\Users\Vento\AppData\Local\Temp\ccQmtk6W.s 			page 24


 1088              		.loc 1 228 1 view .LVU218
 1089 001a 08BD     		pop	{r3, pc}
 1090              	.L90:
 1091              		.align	2
 1092              	.L89:
 1093 001c 0000D03F 		.word	1070596096
 1094              		.cfi_endproc
 1095              	.LFE87:
 1097              		.section	.text.sx1278_set_irq,"ax",%progbits
 1098              		.align	1
 1099              		.global	sx1278_set_irq
 1100              		.syntax unified
 1101              		.thumb
 1102              		.thumb_func
 1103              		.fpu softvfp
 1105              	sx1278_set_irq:
 1106              	.LVL94:
 1107              	.LFB88:
 229:Core/Src/sx1278.c **** 
 230:Core/Src/sx1278.c **** void sx1278_set_irq(uint8_t val)
 231:Core/Src/sx1278.c **** {
 1108              		.loc 1 231 1 is_stmt 1 view -0
 1109              		.cfi_startproc
 1110              		@ args = 0, pretend = 0, frame = 0
 1111              		@ frame_needed = 0, uses_anonymous_args = 0
 1112              		.loc 1 231 1 is_stmt 0 view .LVU220
 1113 0000 08B5     		push	{r3, lr}
 1114              	.LCFI25:
 1115              		.cfi_def_cfa_offset 8
 1116              		.cfi_offset 3, -8
 1117              		.cfi_offset 14, -4
 1118 0002 0146     		mov	r1, r0
 232:Core/Src/sx1278.c ****     sx1278_write_reg(REG_DIO_MAPPING_1, val);
 1119              		.loc 1 232 5 is_stmt 1 view .LVU221
 1120 0004 4020     		movs	r0, #64
 1121              	.LVL95:
 1122              		.loc 1 232 5 is_stmt 0 view .LVU222
 1123 0006 FFF7FEFF 		bl	sx1278_write_reg
 1124              	.LVL96:
 233:Core/Src/sx1278.c **** }
 1125              		.loc 1 233 1 view .LVU223
 1126 000a 08BD     		pop	{r3, pc}
 1127              		.cfi_endproc
 1128              	.LFE88:
 1130              		.section	.text.sx1278_cad,"ax",%progbits
 1131              		.align	1
 1132              		.global	sx1278_cad
 1133              		.syntax unified
 1134              		.thumb
 1135              		.thumb_func
 1136              		.fpu softvfp
 1138              	sx1278_cad:
 1139              	.LFB76:
  91:Core/Src/sx1278.c ****     sx1278_standby();
 1140              		.loc 1 91 1 is_stmt 1 view -0
 1141              		.cfi_startproc
 1142              		@ args = 0, pretend = 0, frame = 0
ARM GAS  C:\Users\Vento\AppData\Local\Temp\ccQmtk6W.s 			page 25


 1143              		@ frame_needed = 0, uses_anonymous_args = 0
 1144 0000 08B5     		push	{r3, lr}
 1145              	.LCFI26:
 1146              		.cfi_def_cfa_offset 8
 1147              		.cfi_offset 3, -8
 1148              		.cfi_offset 14, -4
  92:Core/Src/sx1278.c **** 	sx1278_set_irq(0x80);
 1149              		.loc 1 92 5 view .LVU225
 1150 0002 FFF7FEFF 		bl	sx1278_standby
 1151              	.LVL97:
  93:Core/Src/sx1278.c ****     sx1278_write_reg(REG_IRQ_FLAGS, sx1278_read_reg(REG_IRQ_FLAGS));
 1152              		.loc 1 93 2 view .LVU226
 1153 0006 8020     		movs	r0, #128
 1154 0008 FFF7FEFF 		bl	sx1278_set_irq
 1155              	.LVL98:
  94:Core/Src/sx1278.c ****     sx1278_write_reg(REG_OP_MODE, MODE_LONG_RANGE_MODE | MODE_CAD);
 1156              		.loc 1 94 5 view .LVU227
 1157 000c 1220     		movs	r0, #18
 1158 000e FFF7FEFF 		bl	sx1278_read_reg
 1159              	.LVL99:
 1160 0012 0146     		mov	r1, r0
 1161 0014 1220     		movs	r0, #18
 1162 0016 FFF7FEFF 		bl	sx1278_write_reg
 1163              	.LVL100:
  95:Core/Src/sx1278.c **** }
 1164              		.loc 1 95 5 view .LVU228
 1165 001a 8721     		movs	r1, #135
 1166 001c 0120     		movs	r0, #1
 1167 001e FFF7FEFF 		bl	sx1278_write_reg
 1168              	.LVL101:
  96:Core/Src/sx1278.c **** 
 1169              		.loc 1 96 1 is_stmt 0 view .LVU229
 1170 0022 08BD     		pop	{r3, pc}
 1171              		.cfi_endproc
 1172              	.LFE76:
 1174              		.section	.rodata.sx1278_init.str1.4,"aMS",%progbits,1
 1175              		.align	2
 1176              	.LC0:
 1177 0000 53583132 		.ascii	"SX1278\000"
 1177      373800
 1178 0007 00       		.align	2
 1179              	.LC1:
 1180 0008 2573202D 		.ascii	"%s - Module version: 0x%02X\000"
 1180      204D6F64 
 1180      756C6520 
 1180      76657273 
 1180      696F6E3A 
 1181              		.align	2
 1182              	.LC2:
 1183 0024 2573202D 		.ascii	"%s - Initialize Start...\000"
 1183      20496E69 
 1183      7469616C 
 1183      697A6520 
 1183      53746172 
 1184 003d 000000   		.align	2
 1185              	.LC3:
 1186 0040 2573202D 		.ascii	"%s - Initialize Done!\000"
ARM GAS  C:\Users\Vento\AppData\Local\Temp\ccQmtk6W.s 			page 26


 1186      20496E69 
 1186      7469616C 
 1186      697A6520 
 1186      446F6E65 
 1187              		.section	.text.sx1278_init,"ax",%progbits
 1188              		.align	1
 1189              		.global	sx1278_init
 1190              		.syntax unified
 1191              		.thumb
 1192              		.thumb_func
 1193              		.fpu softvfp
 1195              	sx1278_init:
 1196              	.LFB89:
 234:Core/Src/sx1278.c **** 
 235:Core/Src/sx1278.c **** void sx1278_init(void)
 236:Core/Src/sx1278.c **** {
 1197              		.loc 1 236 1 is_stmt 1 view -0
 1198              		.cfi_startproc
 1199              		@ args = 0, pretend = 0, frame = 0
 1200              		@ frame_needed = 0, uses_anonymous_args = 0
 1201 0000 10B5     		push	{r4, lr}
 1202              	.LCFI27:
 1203              		.cfi_def_cfa_offset 8
 1204              		.cfi_offset 4, -8
 1205              		.cfi_offset 14, -4
 237:Core/Src/sx1278.c **** 	sx1278_reset();
 1206              		.loc 1 237 2 view .LVU231
 1207 0002 FFF7FEFF 		bl	sx1278_reset
 1208              	.LVL102:
 238:Core/Src/sx1278.c **** 	uint8_t ver = sx1278_read_reg(REG_VERSION);
 1209              		.loc 1 238 2 view .LVU232
 1210              		.loc 1 238 16 is_stmt 0 view .LVU233
 1211 0006 4220     		movs	r0, #66
 1212 0008 FFF7FEFF 		bl	sx1278_read_reg
 1213              	.LVL103:
 1214 000c 0246     		mov	r2, r0
 1215              	.LVL104:
 239:Core/Src/sx1278.c ****     // LOG(TAG, "LoRa Version: 0x%02X");
 240:Core/Src/sx1278.c ****     logPC("%s - Module version: 0x%02X", TAG, ver);
 1216              		.loc 1 240 5 is_stmt 1 view .LVU234
 1217 000e 204C     		ldr	r4, .L97+8
 1218 0010 2146     		mov	r1, r4
 1219 0012 2048     		ldr	r0, .L97+12
 1220 0014 FFF7FEFF 		bl	logPC
 1221              	.LVL105:
 241:Core/Src/sx1278.c ****     logPC("%s - Initialize Start...", TAG);
 1222              		.loc 1 241 5 view .LVU235
 1223 0018 2146     		mov	r1, r4
 1224 001a 1F48     		ldr	r0, .L97+16
 1225 001c FFF7FEFF 		bl	logPC
 1226              	.LVL106:
 242:Core/Src/sx1278.c **** 	sx1278_sleep();
 1227              		.loc 1 242 2 view .LVU236
 1228 0020 FFF7FEFF 		bl	sx1278_sleep
 1229              	.LVL107:
 243:Core/Src/sx1278.c ****     sx1278_write_reg(REG_FIFO_RX_BASE_ADDR, 0x00);
 1230              		.loc 1 243 5 view .LVU237
ARM GAS  C:\Users\Vento\AppData\Local\Temp\ccQmtk6W.s 			page 27


 1231 0024 0021     		movs	r1, #0
 1232 0026 0F20     		movs	r0, #15
 1233 0028 FFF7FEFF 		bl	sx1278_write_reg
 1234              	.LVL108:
 244:Core/Src/sx1278.c ****     sx1278_write_reg(REG_FIFO_TX_BASE_ADDR, 0x00);
 1235              		.loc 1 244 5 view .LVU238
 1236 002c 0021     		movs	r1, #0
 1237 002e 0E20     		movs	r0, #14
 1238 0030 FFF7FEFF 		bl	sx1278_write_reg
 1239              	.LVL109:
 245:Core/Src/sx1278.c ****     sx1278_set_LNA_gain(0);
 1240              		.loc 1 245 5 view .LVU239
 1241 0034 0020     		movs	r0, #0
 1242 0036 FFF7FEFF 		bl	sx1278_set_LNA_gain
 1243              	.LVL110:
 246:Core/Src/sx1278.c ****     sx1278_set_tx_power(13);        // Pout = 13 dBm
 1244              		.loc 1 246 5 view .LVU240
 1245 003a 0D20     		movs	r0, #13
 1246 003c FFF7FEFF 		bl	sx1278_set_tx_power
 1247              	.LVL111:
 247:Core/Src/sx1278.c ****     sx1278_set_freq(433000000);
 1248              		.loc 1 247 5 view .LVU241
 1249 0040 11A1     		adr	r1, .L97
 1250 0042 D1E90001 		ldrd	r0, [r1]
 1251 0046 FFF7FEFF 		bl	sx1278_set_freq
 1252              	.LVL112:
 248:Core/Src/sx1278.c ****     sx1278_set_bandwidth(250000);   // Bandwidth: 250 kHz
 1253              		.loc 1 248 5 view .LVU242
 1254 004a 1448     		ldr	r0, .L97+20
 1255 004c FFF7FEFF 		bl	sx1278_set_bandwidth
 1256              	.LVL113:
 249:Core/Src/sx1278.c ****     sx1278_set_sf(10U);
 1257              		.loc 1 249 5 view .LVU243
 1258 0050 0A20     		movs	r0, #10
 1259 0052 FFF7FEFF 		bl	sx1278_set_sf
 1260              	.LVL114:
 250:Core/Src/sx1278.c ****     sx1278_set_cr(5U);
 1261              		.loc 1 250 5 view .LVU244
 1262 0056 0520     		movs	r0, #5
 1263 0058 FFF7FEFF 		bl	sx1278_set_cr
 1264              	.LVL115:
 251:Core/Src/sx1278.c ****     sx1278_set_preamble(12);
 1265              		.loc 1 251 5 view .LVU245
 1266 005c 0C20     		movs	r0, #12
 1267 005e FFF7FEFF 		bl	sx1278_set_preamble
 1268              	.LVL116:
 252:Core/Src/sx1278.c ****     sx1278_set_header(true, 0);
 1269              		.loc 1 252 5 view .LVU246
 1270 0062 0021     		movs	r1, #0
 1271 0064 0120     		movs	r0, #1
 1272 0066 FFF7FEFF 		bl	sx1278_set_header
 1273              	.LVL117:
 253:Core/Src/sx1278.c ****     sx1278_set_crc(true);
 1274              		.loc 1 253 5 view .LVU247
 1275 006a 0120     		movs	r0, #1
 1276 006c FFF7FEFF 		bl	sx1278_set_crc
 1277              	.LVL118:
ARM GAS  C:\Users\Vento\AppData\Local\Temp\ccQmtk6W.s 			page 28


 254:Core/Src/sx1278.c ****     sx1278_set_irq(0x00);
 1278              		.loc 1 254 5 view .LVU248
 1279 0070 0020     		movs	r0, #0
 1280 0072 FFF7FEFF 		bl	sx1278_set_irq
 1281              	.LVL119:
 255:Core/Src/sx1278.c ****     sx1278_standby();
 1282              		.loc 1 255 5 view .LVU249
 1283 0076 FFF7FEFF 		bl	sx1278_standby
 1284              	.LVL120:
 256:Core/Src/sx1278.c ****     logPC("%s - Initialize Done!", TAG);
 1285              		.loc 1 256 5 view .LVU250
 1286 007a 2146     		mov	r1, r4
 1287 007c 0848     		ldr	r0, .L97+24
 1288 007e FFF7FEFF 		bl	logPC
 1289              	.LVL121:
 257:Core/Src/sx1278.c **** }
 1290              		.loc 1 257 1 is_stmt 0 view .LVU251
 1291 0082 10BD     		pop	{r4, pc}
 1292              	.L98:
 1293 0084 AFF30080 		.align	3
 1294              	.L97:
 1295 0088 400ECF19 		.word	433000000
 1296 008c 00000000 		.word	0
 1297 0090 00000000 		.word	.LC0
 1298 0094 08000000 		.word	.LC1
 1299 0098 24000000 		.word	.LC2
 1300 009c 90D00300 		.word	250000
 1301 00a0 40000000 		.word	.LC3
 1302              		.cfi_endproc
 1303              	.LFE89:
 1305              		.section	.text.sx1278_send_data,"ax",%progbits
 1306              		.align	1
 1307              		.global	sx1278_send_data
 1308              		.syntax unified
 1309              		.thumb
 1310              		.thumb_func
 1311              		.fpu softvfp
 1313              	sx1278_send_data:
 1314              	.LVL122:
 1315              	.LFB90:
 258:Core/Src/sx1278.c **** 
 259:Core/Src/sx1278.c **** void sx1278_send_data(uint8_t *data_send, int size)
 260:Core/Src/sx1278.c **** {
 1316              		.loc 1 260 1 is_stmt 1 view -0
 1317              		.cfi_startproc
 1318              		@ args = 0, pretend = 0, frame = 0
 1319              		@ frame_needed = 0, uses_anonymous_args = 0
 1320              		.loc 1 260 1 is_stmt 0 view .LVU253
 1321 0000 70B5     		push	{r4, r5, r6, lr}
 1322              	.LCFI28:
 1323              		.cfi_def_cfa_offset 16
 1324              		.cfi_offset 4, -16
 1325              		.cfi_offset 5, -12
 1326              		.cfi_offset 6, -8
 1327              		.cfi_offset 14, -4
 1328 0002 0646     		mov	r6, r0
 1329 0004 0D46     		mov	r5, r1
ARM GAS  C:\Users\Vento\AppData\Local\Temp\ccQmtk6W.s 			page 29


 261:Core/Src/sx1278.c ****     sx1278_standby();
 1330              		.loc 1 261 5 is_stmt 1 view .LVU254
 1331 0006 FFF7FEFF 		bl	sx1278_standby
 1332              	.LVL123:
 262:Core/Src/sx1278.c ****     sx1278_write_reg(REG_FIFO_ADDR_PTR, 0);
 1333              		.loc 1 262 5 view .LVU255
 1334 000a 0021     		movs	r1, #0
 1335 000c 0D20     		movs	r0, #13
 1336 000e FFF7FEFF 		bl	sx1278_write_reg
 1337              	.LVL124:
 263:Core/Src/sx1278.c ****     sx1278_write_reg(REG_PAYLOAD_LENGTH, 0);
 1338              		.loc 1 263 5 view .LVU256
 1339 0012 0021     		movs	r1, #0
 1340 0014 2220     		movs	r0, #34
 1341 0016 FFF7FEFF 		bl	sx1278_write_reg
 1342              	.LVL125:
 264:Core/Src/sx1278.c ****     for (int index = 0; index < size; index++)
 1343              		.loc 1 264 5 view .LVU257
 1344              	.LBB2:
 1345              		.loc 1 264 10 view .LVU258
 1346              		.loc 1 264 14 is_stmt 0 view .LVU259
 1347 001a 0024     		movs	r4, #0
 1348              		.loc 1 264 5 view .LVU260
 1349 001c 04E0     		b	.L100
 1350              	.LVL126:
 1351              	.L101:
 265:Core/Src/sx1278.c ****     {
 266:Core/Src/sx1278.c ****         sx1278_write_reg(REG_FIFO, data_send[index]);
 1352              		.loc 1 266 9 is_stmt 1 discriminator 3 view .LVU261
 1353 001e 315D     		ldrb	r1, [r6, r4]	@ zero_extendqisi2
 1354 0020 0020     		movs	r0, #0
 1355 0022 FFF7FEFF 		bl	sx1278_write_reg
 1356              	.LVL127:
 264:Core/Src/sx1278.c ****     for (int index = 0; index < size; index++)
 1357              		.loc 1 264 39 discriminator 3 view .LVU262
 264:Core/Src/sx1278.c ****     for (int index = 0; index < size; index++)
 1358              		.loc 1 264 44 is_stmt 0 discriminator 3 view .LVU263
 1359 0026 0134     		adds	r4, r4, #1
 1360              	.LVL128:
 1361              	.L100:
 264:Core/Src/sx1278.c ****     for (int index = 0; index < size; index++)
 1362              		.loc 1 264 25 is_stmt 1 discriminator 1 view .LVU264
 264:Core/Src/sx1278.c ****     for (int index = 0; index < size; index++)
 1363              		.loc 1 264 5 is_stmt 0 discriminator 1 view .LVU265
 1364 0028 AC42     		cmp	r4, r5
 1365 002a F8DB     		blt	.L101
 1366              	.LBE2:
 267:Core/Src/sx1278.c ****     }
 268:Core/Src/sx1278.c ****     sx1278_write_reg(REG_PAYLOAD_LENGTH, size);
 1367              		.loc 1 268 5 is_stmt 1 view .LVU266
 1368 002c E9B2     		uxtb	r1, r5
 1369 002e 2220     		movs	r0, #34
 1370 0030 FFF7FEFF 		bl	sx1278_write_reg
 1371              	.LVL129:
 269:Core/Src/sx1278.c ****     // Start transmission and wait for conclusion
 270:Core/Src/sx1278.c ****     sx1278_write_reg(REG_OP_MODE, MODE_LONG_RANGE_MODE | MODE_TX);
 1372              		.loc 1 270 5 view .LVU267
ARM GAS  C:\Users\Vento\AppData\Local\Temp\ccQmtk6W.s 			page 30


 1373 0034 8321     		movs	r1, #131
 1374 0036 0120     		movs	r0, #1
 1375 0038 FFF7FEFF 		bl	sx1278_write_reg
 1376              	.LVL130:
 271:Core/Src/sx1278.c ****     while (!(sx1278_read_reg(REG_IRQ_FLAGS) & IRQ_TX_DONE_MASK))
 1377              		.loc 1 271 5 view .LVU268
 1378              		.loc 1 271 11 is_stmt 0 view .LVU269
 1379 003c 02E0     		b	.L102
 1380              	.L103:
 272:Core/Src/sx1278.c ****     {
 273:Core/Src/sx1278.c ****         HAL_Delay(10);
 1381              		.loc 1 273 9 is_stmt 1 view .LVU270
 1382 003e 0A20     		movs	r0, #10
 1383 0040 FFF7FEFF 		bl	HAL_Delay
 1384              	.LVL131:
 1385              	.L102:
 271:Core/Src/sx1278.c ****     while (!(sx1278_read_reg(REG_IRQ_FLAGS) & IRQ_TX_DONE_MASK))
 1386              		.loc 1 271 11 view .LVU271
 271:Core/Src/sx1278.c ****     while (!(sx1278_read_reg(REG_IRQ_FLAGS) & IRQ_TX_DONE_MASK))
 1387              		.loc 1 271 14 is_stmt 0 view .LVU272
 1388 0044 1220     		movs	r0, #18
 1389 0046 FFF7FEFF 		bl	sx1278_read_reg
 1390              	.LVL132:
 271:Core/Src/sx1278.c ****     while (!(sx1278_read_reg(REG_IRQ_FLAGS) & IRQ_TX_DONE_MASK))
 1391              		.loc 1 271 11 view .LVU273
 1392 004a 10F0080F 		tst	r0, #8
 1393 004e F6D0     		beq	.L103
 274:Core/Src/sx1278.c ****     }
 275:Core/Src/sx1278.c ****     int irq = sx1278_read_reg(REG_IRQ_FLAGS);
 1394              		.loc 1 275 5 is_stmt 1 view .LVU274
 1395              		.loc 1 275 15 is_stmt 0 view .LVU275
 1396 0050 1220     		movs	r0, #18
 1397 0052 FFF7FEFF 		bl	sx1278_read_reg
 1398              	.LVL133:
 1399 0056 0146     		mov	r1, r0
 1400              	.LVL134:
 276:Core/Src/sx1278.c ****     sx1278_write_reg(REG_IRQ_FLAGS, irq);
 1401              		.loc 1 276 5 is_stmt 1 view .LVU276
 1402 0058 1220     		movs	r0, #18
 1403 005a FFF7FEFF 		bl	sx1278_write_reg
 1404              	.LVL135:
 277:Core/Src/sx1278.c ****     sx1278_sleep();
 1405              		.loc 1 277 5 view .LVU277
 1406 005e FFF7FEFF 		bl	sx1278_sleep
 1407              	.LVL136:
 278:Core/Src/sx1278.c **** }
 1408              		.loc 1 278 1 is_stmt 0 view .LVU278
 1409 0062 70BD     		pop	{r4, r5, r6, pc}
 1410              		.loc 1 278 1 view .LVU279
 1411              		.cfi_endproc
 1412              	.LFE90:
 1414              		.section	.text.sx1278_start_recv_data,"ax",%progbits
 1415              		.align	1
 1416              		.global	sx1278_start_recv_data
 1417              		.syntax unified
 1418              		.thumb
 1419              		.thumb_func
ARM GAS  C:\Users\Vento\AppData\Local\Temp\ccQmtk6W.s 			page 31


 1420              		.fpu softvfp
 1422              	sx1278_start_recv_data:
 1423              	.LFB91:
 279:Core/Src/sx1278.c **** 
 280:Core/Src/sx1278.c **** /**
 281:Core/Src/sx1278.c ****  * @brief put module into downlink mode, ready to recieve data
 282:Core/Src/sx1278.c ****  * 
 283:Core/Src/sx1278.c ****  */
 284:Core/Src/sx1278.c **** void sx1278_start_recv_data(void)
 285:Core/Src/sx1278.c **** {
 1424              		.loc 1 285 1 is_stmt 1 view -0
 1425              		.cfi_startproc
 1426              		@ args = 0, pretend = 0, frame = 0
 1427              		@ frame_needed = 0, uses_anonymous_args = 0
 1428 0000 08B5     		push	{r3, lr}
 1429              	.LCFI29:
 1430              		.cfi_def_cfa_offset 8
 1431              		.cfi_offset 3, -8
 1432              		.cfi_offset 14, -4
 286:Core/Src/sx1278.c ****     sx1278_standby();
 1433              		.loc 1 286 5 view .LVU281
 1434 0002 FFF7FEFF 		bl	sx1278_standby
 1435              	.LVL137:
 287:Core/Src/sx1278.c **** 	sx1278_set_irq(0x00);
 1436              		.loc 1 287 2 view .LVU282
 1437 0006 0020     		movs	r0, #0
 1438 0008 FFF7FEFF 		bl	sx1278_set_irq
 1439              	.LVL138:
 288:Core/Src/sx1278.c ****     sx1278_write_reg(REG_IRQ_FLAGS, sx1278_read_reg(REG_IRQ_FLAGS));
 1440              		.loc 1 288 5 view .LVU283
 1441 000c 1220     		movs	r0, #18
 1442 000e FFF7FEFF 		bl	sx1278_read_reg
 1443              	.LVL139:
 1444 0012 0146     		mov	r1, r0
 1445 0014 1220     		movs	r0, #18
 1446 0016 FFF7FEFF 		bl	sx1278_write_reg
 1447              	.LVL140:
 289:Core/Src/sx1278.c ****     sx1278_rx_contiuous();
 1448              		.loc 1 289 5 view .LVU284
 1449 001a FFF7FEFF 		bl	sx1278_rx_contiuous
 1450              	.LVL141:
 290:Core/Src/sx1278.c **** }
 1451              		.loc 1 290 1 is_stmt 0 view .LVU285
 1452 001e 08BD     		pop	{r3, pc}
 1453              		.cfi_endproc
 1454              	.LFE91:
 1456              		.section	.rodata.sx1278_recv_data.str1.4,"aMS",%progbits,1
 1457              		.align	2
 1458              	.LC4:
 1459 0000 496E7661 		.ascii	"Invalid RxDone Interrupt\000"
 1459      6C696420 
 1459      5278446F 
 1459      6E652049 
 1459      6E746572 
 1460 0019 000000   		.align	2
 1461              	.LC5:
 1462 001c 496E7661 		.ascii	"Invalid Header Interrupt\000"
ARM GAS  C:\Users\Vento\AppData\Local\Temp\ccQmtk6W.s 			page 32


 1462      6C696420 
 1462      48656164 
 1462      65722049 
 1462      6E746572 
 1463 0035 000000   		.align	2
 1464              	.LC6:
 1465 0038 5061796C 		.ascii	"Payload Crc Error Interrupt\000"
 1465      6F616420 
 1465      43726320 
 1465      4572726F 
 1465      7220496E 
 1466              		.section	.text.sx1278_recv_data,"ax",%progbits
 1467              		.align	1
 1468              		.global	sx1278_recv_data
 1469              		.syntax unified
 1470              		.thumb
 1471              		.thumb_func
 1472              		.fpu softvfp
 1474              	sx1278_recv_data:
 1475              	.LVL142:
 1476              	.LFB92:
 291:Core/Src/sx1278.c **** 
 292:Core/Src/sx1278.c **** /**
 293:Core/Src/sx1278.c ****  * @brief Function to check, parse and get data from LoRa packet
 294:Core/Src/sx1278.c ****  * 
 295:Core/Src/sx1278.c ****  * @param data_recv packet
 296:Core/Src/sx1278.c ****  * @param rssi signal strength (Received Signal Strength Indicator)
 297:Core/Src/sx1278.c ****  * @param snr Signal-to-Noise Ratio
 298:Core/Src/sx1278.c ****  * @param node place to store data
 299:Core/Src/sx1278.c ****  * @return sx1278_err_t 
 300:Core/Src/sx1278.c ****  */
 301:Core/Src/sx1278.c **** sx1278_err_t sx1278_recv_data(uint8_t *data_recv, uint32_t *len, int *rssi, float *snr, bool isStay
 302:Core/Src/sx1278.c **** {
 1477              		.loc 1 302 1 is_stmt 1 view -0
 1478              		.cfi_startproc
 1479              		@ args = 4, pretend = 0, frame = 0
 1480              		@ frame_needed = 0, uses_anonymous_args = 0
 1481              		.loc 1 302 1 is_stmt 0 view .LVU287
 1482 0000 2DE9F047 		push	{r4, r5, r6, r7, r8, r9, r10, lr}
 1483              	.LCFI30:
 1484              		.cfi_def_cfa_offset 32
 1485              		.cfi_offset 4, -32
 1486              		.cfi_offset 5, -28
 1487              		.cfi_offset 6, -24
 1488              		.cfi_offset 7, -20
 1489              		.cfi_offset 8, -16
 1490              		.cfi_offset 9, -12
 1491              		.cfi_offset 10, -8
 1492              		.cfi_offset 14, -4
 1493 0004 0746     		mov	r7, r0
 1494 0006 0E46     		mov	r6, r1
 1495 0008 9246     		mov	r10, r2
 1496 000a 9946     		mov	r9, r3
 1497 000c 9DF82080 		ldrb	r8, [sp, #32]	@ zero_extendqisi2
 303:Core/Src/sx1278.c ****     memset((char *)data_recv, '\0', strlen((char *)data_recv));
 1498              		.loc 1 303 5 is_stmt 1 view .LVU288
 1499 0010 FFF7FEFF 		bl	strlen
ARM GAS  C:\Users\Vento\AppData\Local\Temp\ccQmtk6W.s 			page 33


 1500              	.LVL143:
 1501              		.loc 1 303 5 is_stmt 0 view .LVU289
 1502 0014 0246     		mov	r2, r0
 1503 0016 0021     		movs	r1, #0
 1504 0018 3846     		mov	r0, r7
 1505 001a FFF7FEFF 		bl	memset
 1506              	.LVL144:
 304:Core/Src/sx1278.c ****     int irq = sx1278_read_reg(REG_IRQ_FLAGS);
 1507              		.loc 1 304 5 is_stmt 1 view .LVU290
 1508              		.loc 1 304 15 is_stmt 0 view .LVU291
 1509 001e 1220     		movs	r0, #18
 1510 0020 FFF7FEFF 		bl	sx1278_read_reg
 1511              	.LVL145:
 1512 0024 0546     		mov	r5, r0
 1513              	.LVL146:
 305:Core/Src/sx1278.c ****     sx1278_write_reg(REG_IRQ_FLAGS, irq);
 1514              		.loc 1 305 5 is_stmt 1 view .LVU292
 1515 0026 0146     		mov	r1, r0
 1516 0028 1220     		movs	r0, #18
 1517              	.LVL147:
 1518              		.loc 1 305 5 is_stmt 0 view .LVU293
 1519 002a FFF7FEFF 		bl	sx1278_write_reg
 1520              	.LVL148:
 306:Core/Src/sx1278.c **** 
 307:Core/Src/sx1278.c ****     if (!(irq & IRQ_RX_DONE_MASK))
 1521              		.loc 1 307 5 is_stmt 1 view .LVU294
 1522              		.loc 1 307 8 is_stmt 0 view .LVU295
 1523 002e 15F0400F 		tst	r5, #64
 1524 0032 1AD0     		beq	.L115
 308:Core/Src/sx1278.c ****     {
 309:Core/Src/sx1278.c ****         LOG(TAG, "Invalid RxDone Interrupt");
 310:Core/Src/sx1278.c ****         return SX1278_INVALID_RX_DONE;
 311:Core/Src/sx1278.c ****     }
 312:Core/Src/sx1278.c **** 
 313:Core/Src/sx1278.c ****     if (!(irq & IRQ_VALID_HEADER_MASK))
 1525              		.loc 1 313 5 is_stmt 1 view .LVU296
 1526              		.loc 1 313 8 is_stmt 0 view .LVU297
 1527 0034 15F0100F 		tst	r5, #16
 1528 0038 1DD0     		beq	.L116
 314:Core/Src/sx1278.c ****     {
 315:Core/Src/sx1278.c ****         LOG(TAG, "Invalid Header Interrupt");
 316:Core/Src/sx1278.c ****         return SX1278_INVALID_HEADER;
 317:Core/Src/sx1278.c ****     }
 318:Core/Src/sx1278.c **** 
 319:Core/Src/sx1278.c ****     if (irq & IRQ_PAYLOAD_CRC_ERROR_MASK)
 1529              		.loc 1 319 5 is_stmt 1 view .LVU298
 1530              		.loc 1 319 8 is_stmt 0 view .LVU299
 1531 003a 15F02005 		ands	r5, r5, #32
 1532 003e 20D1     		bne	.L117
 320:Core/Src/sx1278.c ****     {
 321:Core/Src/sx1278.c ****         LOG(TAG, "Payload Crc Error Interrupt");
 322:Core/Src/sx1278.c ****         return SX1278_PAYLOAD_CRC_ERROR;
 323:Core/Src/sx1278.c ****     }
 324:Core/Src/sx1278.c **** 
 325:Core/Src/sx1278.c ****     *len = sx1278_read_reg(REG_RX_NB_BYTES);
 1533              		.loc 1 325 5 is_stmt 1 view .LVU300
 1534              		.loc 1 325 12 is_stmt 0 view .LVU301
ARM GAS  C:\Users\Vento\AppData\Local\Temp\ccQmtk6W.s 			page 34


 1535 0040 1320     		movs	r0, #19
 1536 0042 FFF7FEFF 		bl	sx1278_read_reg
 1537              	.LVL149:
 1538              		.loc 1 325 10 view .LVU302
 1539 0046 3060     		str	r0, [r6]
 326:Core/Src/sx1278.c ****     *rssi = sx1278_get_rssi();
 1540              		.loc 1 326 5 is_stmt 1 view .LVU303
 1541              		.loc 1 326 13 is_stmt 0 view .LVU304
 1542 0048 FFF7FEFF 		bl	sx1278_get_rssi
 1543              	.LVL150:
 1544              		.loc 1 326 11 view .LVU305
 1545 004c CAF80000 		str	r0, [r10]
 327:Core/Src/sx1278.c ****     *snr = sx1278_get_snr();
 1546              		.loc 1 327 5 is_stmt 1 view .LVU306
 1547              		.loc 1 327 12 is_stmt 0 view .LVU307
 1548 0050 FFF7FEFF 		bl	sx1278_get_snr
 1549              	.LVL151:
 1550              		.loc 1 327 10 view .LVU308
 1551 0054 C9F80000 		str	r0, [r9]	@ float
 328:Core/Src/sx1278.c ****     sx1278_write_reg(REG_FIFO_ADDR_PTR, sx1278_read_reg(REG_FIFO_RX_CURRENT_ADDR));
 1552              		.loc 1 328 5 is_stmt 1 view .LVU309
 1553 0058 1020     		movs	r0, #16
 1554 005a FFF7FEFF 		bl	sx1278_read_reg
 1555              	.LVL152:
 1556 005e 0146     		mov	r1, r0
 1557 0060 0D20     		movs	r0, #13
 1558 0062 FFF7FEFF 		bl	sx1278_write_reg
 1559              	.LVL153:
 329:Core/Src/sx1278.c ****     for (int index = 0; index < *len; index++)
 1560              		.loc 1 329 5 view .LVU310
 1561              	.LBB3:
 1562              		.loc 1 329 10 view .LVU311
 1563              		.loc 1 329 14 is_stmt 0 view .LVU312
 1564 0066 0024     		movs	r4, #0
 1565              		.loc 1 329 5 view .LVU313
 1566 0068 16E0     		b	.L112
 1567              	.LVL154:
 1568              	.L115:
 1569              		.loc 1 329 5 view .LVU314
 1570              	.LBE3:
 309:Core/Src/sx1278.c ****         return SX1278_INVALID_RX_DONE;
 1571              		.loc 1 309 9 is_stmt 1 view .LVU315
 1572 006a 1149     		ldr	r1, .L119
 1573 006c 1148     		ldr	r0, .L119+4
 1574 006e FFF7FEFF 		bl	LOG
 1575              	.LVL155:
 310:Core/Src/sx1278.c ****     }
 1576              		.loc 1 310 9 view .LVU316
 310:Core/Src/sx1278.c ****     }
 1577              		.loc 1 310 16 is_stmt 0 view .LVU317
 1578 0072 0225     		movs	r5, #2
 1579 0074 16E0     		b	.L109
 1580              	.L116:
 315:Core/Src/sx1278.c ****         return SX1278_INVALID_HEADER;
 1581              		.loc 1 315 9 is_stmt 1 view .LVU318
 1582 0076 1049     		ldr	r1, .L119+8
 1583 0078 0E48     		ldr	r0, .L119+4
ARM GAS  C:\Users\Vento\AppData\Local\Temp\ccQmtk6W.s 			page 35


 1584 007a FFF7FEFF 		bl	LOG
 1585              	.LVL156:
 316:Core/Src/sx1278.c ****     }
 1586              		.loc 1 316 9 view .LVU319
 316:Core/Src/sx1278.c ****     }
 1587              		.loc 1 316 16 is_stmt 0 view .LVU320
 1588 007e 0425     		movs	r5, #4
 1589 0080 10E0     		b	.L109
 1590              	.L117:
 321:Core/Src/sx1278.c ****         return SX1278_PAYLOAD_CRC_ERROR;
 1591              		.loc 1 321 9 is_stmt 1 view .LVU321
 1592 0082 0E49     		ldr	r1, .L119+12
 1593 0084 0B48     		ldr	r0, .L119+4
 1594 0086 FFF7FEFF 		bl	LOG
 1595              	.LVL157:
 322:Core/Src/sx1278.c ****     }
 1596              		.loc 1 322 9 view .LVU322
 322:Core/Src/sx1278.c ****     }
 1597              		.loc 1 322 16 is_stmt 0 view .LVU323
 1598 008a 0325     		movs	r5, #3
 1599 008c 0AE0     		b	.L109
 1600              	.LVL158:
 1601              	.L113:
 1602              	.LBB4:
 330:Core/Src/sx1278.c ****     {
 331:Core/Src/sx1278.c ****         data_recv[index] = sx1278_read_reg(REG_FIFO);
 1603              		.loc 1 331 9 is_stmt 1 discriminator 3 view .LVU324
 1604              		.loc 1 331 28 is_stmt 0 discriminator 3 view .LVU325
 1605 008e 0020     		movs	r0, #0
 1606 0090 FFF7FEFF 		bl	sx1278_read_reg
 1607              	.LVL159:
 1608              		.loc 1 331 26 discriminator 3 view .LVU326
 1609 0094 3855     		strb	r0, [r7, r4]
 329:Core/Src/sx1278.c ****     {
 1610              		.loc 1 329 39 is_stmt 1 discriminator 3 view .LVU327
 329:Core/Src/sx1278.c ****     {
 1611              		.loc 1 329 44 is_stmt 0 discriminator 3 view .LVU328
 1612 0096 0134     		adds	r4, r4, #1
 1613              	.LVL160:
 1614              	.L112:
 329:Core/Src/sx1278.c ****     {
 1615              		.loc 1 329 25 is_stmt 1 discriminator 1 view .LVU329
 329:Core/Src/sx1278.c ****     {
 1616              		.loc 1 329 33 is_stmt 0 discriminator 1 view .LVU330
 1617 0098 3368     		ldr	r3, [r6]
 329:Core/Src/sx1278.c ****     {
 1618              		.loc 1 329 5 discriminator 1 view .LVU331
 1619 009a A342     		cmp	r3, r4
 1620 009c F7D8     		bhi	.L113
 1621              	.LBE4:
 332:Core/Src/sx1278.c ****     }
 333:Core/Src/sx1278.c ****     if (isStayinRX == false)    sx1278_standby();
 1622              		.loc 1 333 5 is_stmt 1 view .LVU332
 1623              		.loc 1 333 8 is_stmt 0 view .LVU333
 1624 009e B8F1000F 		cmp	r8, #0
 1625 00a2 02D0     		beq	.L118
 1626              	.LVL161:
ARM GAS  C:\Users\Vento\AppData\Local\Temp\ccQmtk6W.s 			page 36


 1627              	.L109:
 334:Core/Src/sx1278.c ****     return SX1278_OK;
 335:Core/Src/sx1278.c **** }
 1628              		.loc 1 335 1 view .LVU334
 1629 00a4 2846     		mov	r0, r5
 1630 00a6 BDE8F087 		pop	{r4, r5, r6, r7, r8, r9, r10, pc}
 1631              	.LVL162:
 1632              	.L118:
 333:Core/Src/sx1278.c ****     return SX1278_OK;
 1633              		.loc 1 333 33 is_stmt 1 discriminator 1 view .LVU335
 1634 00aa FFF7FEFF 		bl	sx1278_standby
 1635              	.LVL163:
 1636 00ae F9E7     		b	.L109
 1637              	.L120:
 1638              		.align	2
 1639              	.L119:
 1640 00b0 00000000 		.word	.LC4
 1641 00b4 00000000 		.word	.LC0
 1642 00b8 1C000000 		.word	.LC5
 1643 00bc 38000000 		.word	.LC6
 1644              		.cfi_endproc
 1645              	.LFE92:
 1647              		.section	.text.get_random_value,"ax",%progbits
 1648              		.align	1
 1649              		.global	get_random_value
 1650              		.syntax unified
 1651              		.thumb
 1652              		.thumb_func
 1653              		.fpu softvfp
 1655              	get_random_value:
 1656              	.LVL164:
 1657              	.LFB93:
 336:Core/Src/sx1278.c **** 
 337:Core/Src/sx1278.c **** int get_random_value(int min, int max)
 338:Core/Src/sx1278.c **** {
 1658              		.loc 1 338 1 view -0
 1659              		.cfi_startproc
 1660              		@ args = 0, pretend = 0, frame = 0
 1661              		@ frame_needed = 0, uses_anonymous_args = 0
 1662              		.loc 1 338 1 is_stmt 0 view .LVU337
 1663 0000 38B5     		push	{r3, r4, r5, lr}
 1664              	.LCFI31:
 1665              		.cfi_def_cfa_offset 16
 1666              		.cfi_offset 3, -16
 1667              		.cfi_offset 4, -12
 1668              		.cfi_offset 5, -8
 1669              		.cfi_offset 14, -4
 1670 0002 0546     		mov	r5, r0
 1671 0004 0C46     		mov	r4, r1
 339:Core/Src/sx1278.c ****     srand(HAL_GetTick());
 1672              		.loc 1 339 5 is_stmt 1 view .LVU338
 1673              		.loc 1 339 11 is_stmt 0 view .LVU339
 1674 0006 FFF7FEFF 		bl	HAL_GetTick
 1675              	.LVL165:
 1676              		.loc 1 339 5 view .LVU340
 1677 000a FFF7FEFF 		bl	srand
 1678              	.LVL166:
ARM GAS  C:\Users\Vento\AppData\Local\Temp\ccQmtk6W.s 			page 37


 340:Core/Src/sx1278.c ****     return (rand() % (int)(max-min)) + min;
 1679              		.loc 1 340 5 is_stmt 1 view .LVU341
 1680              		.loc 1 340 13 is_stmt 0 view .LVU342
 1681 000e FFF7FEFF 		bl	rand
 1682              	.LVL167:
 1683              		.loc 1 340 22 view .LVU343
 1684 0012 611B     		subs	r1, r4, r5
 1685              		.loc 1 340 20 view .LVU344
 1686 0014 90FBF1F3 		sdiv	r3, r0, r1
 1687 0018 01FB1300 		mls	r0, r1, r3, r0
 341:Core/Src/sx1278.c **** }
 1688              		.loc 1 341 1 view .LVU345
 1689 001c 2844     		add	r0, r0, r5
 1690 001e 38BD     		pop	{r3, r4, r5, pc}
 1691              		.loc 1 341 1 view .LVU346
 1692              		.cfi_endproc
 1693              	.LFE93:
 1695              		.section	.text.get_crc_value,"ax",%progbits
 1696              		.align	1
 1697              		.global	get_crc_value
 1698              		.syntax unified
 1699              		.thumb
 1700              		.thumb_func
 1701              		.fpu softvfp
 1703              	get_crc_value:
 1704              	.LVL168:
 1705              	.LFB94:
 342:Core/Src/sx1278.c **** 
 343:Core/Src/sx1278.c **** uint8_t get_crc_value(uint8_t *data, int len)
 344:Core/Src/sx1278.c **** {
 1706              		.loc 1 344 1 is_stmt 1 view -0
 1707              		.cfi_startproc
 1708              		@ args = 0, pretend = 0, frame = 0
 1709              		@ frame_needed = 0, uses_anonymous_args = 0
 1710              		@ link register save eliminated.
 1711              		.loc 1 344 1 is_stmt 0 view .LVU348
 1712 0000 8446     		mov	ip, r0
 345:Core/Src/sx1278.c ****     uint8_t crc = 0;
 1713              		.loc 1 345 5 is_stmt 1 view .LVU349
 1714              	.LVL169:
 346:Core/Src/sx1278.c ****     for (int i = 0; i < len; i++)
 1715              		.loc 1 346 5 view .LVU350
 1716              	.LBB5:
 1717              		.loc 1 346 10 view .LVU351
 1718              		.loc 1 346 14 is_stmt 0 view .LVU352
 1719 0002 0023     		movs	r3, #0
 1720              	.LBE5:
 345:Core/Src/sx1278.c ****     uint8_t crc = 0;
 1721              		.loc 1 345 13 view .LVU353
 1722 0004 1846     		mov	r0, r3
 1723              	.LVL170:
 1724              	.LBB6:
 1725              		.loc 1 346 5 view .LVU354
 1726 0006 03E0     		b	.L124
 1727              	.LVL171:
 1728              	.L125:
 347:Core/Src/sx1278.c ****     {
ARM GAS  C:\Users\Vento\AppData\Local\Temp\ccQmtk6W.s 			page 38


 348:Core/Src/sx1278.c ****         crc ^= data[i];
 1729              		.loc 1 348 9 is_stmt 1 discriminator 3 view .LVU355
 1730              		.loc 1 348 20 is_stmt 0 discriminator 3 view .LVU356
 1731 0008 1CF80320 		ldrb	r2, [ip, r3]	@ zero_extendqisi2
 1732              		.loc 1 348 13 discriminator 3 view .LVU357
 1733 000c 5040     		eors	r0, r0, r2
 1734              	.LVL172:
 346:Core/Src/sx1278.c ****     for (int i = 0; i < len; i++)
 1735              		.loc 1 346 30 is_stmt 1 discriminator 3 view .LVU358
 346:Core/Src/sx1278.c ****     for (int i = 0; i < len; i++)
 1736              		.loc 1 346 31 is_stmt 0 discriminator 3 view .LVU359
 1737 000e 0133     		adds	r3, r3, #1
 1738              	.LVL173:
 1739              	.L124:
 346:Core/Src/sx1278.c ****     for (int i = 0; i < len; i++)
 1740              		.loc 1 346 21 is_stmt 1 discriminator 1 view .LVU360
 346:Core/Src/sx1278.c ****     for (int i = 0; i < len; i++)
 1741              		.loc 1 346 5 is_stmt 0 discriminator 1 view .LVU361
 1742 0010 8B42     		cmp	r3, r1
 1743 0012 F9DB     		blt	.L125
 1744              	.LBE6:
 349:Core/Src/sx1278.c ****     }
 350:Core/Src/sx1278.c ****     return crc;
 1745              		.loc 1 350 5 is_stmt 1 view .LVU362
 351:Core/Src/sx1278.c **** }
 1746              		.loc 1 351 1 is_stmt 0 view .LVU363
 1747 0014 7047     		bx	lr
 1748              		.cfi_endproc
 1749              	.LFE94:
 1751              		.text
 1752              	.Letext0:
 1753              		.file 2 "d:\\tools\\gcc-arm-none-eabi-10.3-2021.07\\arm-none-eabi\\include\\machine\\_default_type
 1754              		.file 3 "d:\\tools\\gcc-arm-none-eabi-10.3-2021.07\\arm-none-eabi\\include\\sys\\_stdint.h"
 1755              		.file 4 "Drivers/CMSIS/Device/ST/STM32F1xx/Include/stm32f103xe.h"
 1756              		.file 5 "Drivers/STM32F1xx_HAL_Driver/Inc/stm32f1xx_hal_def.h"
 1757              		.file 6 "Drivers/STM32F1xx_HAL_Driver/Inc/stm32f1xx_hal_gpio.h"
 1758              		.file 7 "Drivers/STM32F1xx_HAL_Driver/Inc/stm32f1xx_hal_dma.h"
 1759              		.file 8 "Drivers/STM32F1xx_HAL_Driver/Inc/stm32f1xx_hal_spi.h"
 1760              		.file 9 "Core/Inc/sx1278.h"
 1761              		.file 10 "Core/Inc/spi.h"
 1762              		.file 11 "Drivers/STM32F1xx_HAL_Driver/Inc/stm32f1xx_hal.h"
 1763              		.file 12 "d:\\tools\\gcc-arm-none-eabi-10.3-2021.07\\arm-none-eabi\\include\\stdlib.h"
 1764              		.file 13 "d:\\tools\\gcc-arm-none-eabi-10.3-2021.07\\arm-none-eabi\\include\\string.h"
 1765              		.file 14 "Core/Inc/common.h"
 1766              		.file 15 "<built-in>"
ARM GAS  C:\Users\Vento\AppData\Local\Temp\ccQmtk6W.s 			page 39


DEFINED SYMBOLS
                            *ABS*:00000000 sx1278.c
C:\Users\Vento\AppData\Local\Temp\ccQmtk6W.s:16     .text.sx1278_read_reg:00000000 $t
C:\Users\Vento\AppData\Local\Temp\ccQmtk6W.s:24     .text.sx1278_read_reg:00000000 sx1278_read_reg
C:\Users\Vento\AppData\Local\Temp\ccQmtk6W.s:108    .text.sx1278_read_reg:00000064 $d
C:\Users\Vento\AppData\Local\Temp\ccQmtk6W.s:114    .text.sx1278_write_reg:00000000 $t
C:\Users\Vento\AppData\Local\Temp\ccQmtk6W.s:121    .text.sx1278_write_reg:00000000 sx1278_write_reg
C:\Users\Vento\AppData\Local\Temp\ccQmtk6W.s:202    .text.sx1278_write_reg:00000060 $d
C:\Users\Vento\AppData\Local\Temp\ccQmtk6W.s:208    .text.sx1278_reset:00000000 $t
C:\Users\Vento\AppData\Local\Temp\ccQmtk6W.s:215    .text.sx1278_reset:00000000 sx1278_reset
C:\Users\Vento\AppData\Local\Temp\ccQmtk6W.s:252    .text.sx1278_reset:00000028 $d
C:\Users\Vento\AppData\Local\Temp\ccQmtk6W.s:257    .text.sx1278_sleep:00000000 $t
C:\Users\Vento\AppData\Local\Temp\ccQmtk6W.s:264    .text.sx1278_sleep:00000000 sx1278_sleep
C:\Users\Vento\AppData\Local\Temp\ccQmtk6W.s:286    .text.sx1278_standby:00000000 $t
C:\Users\Vento\AppData\Local\Temp\ccQmtk6W.s:293    .text.sx1278_standby:00000000 sx1278_standby
C:\Users\Vento\AppData\Local\Temp\ccQmtk6W.s:315    .text.sx1278_rx_contiuous:00000000 $t
C:\Users\Vento\AppData\Local\Temp\ccQmtk6W.s:322    .text.sx1278_rx_contiuous:00000000 sx1278_rx_contiuous
C:\Users\Vento\AppData\Local\Temp\ccQmtk6W.s:344    .text.sx1278_rx_single:00000000 $t
C:\Users\Vento\AppData\Local\Temp\ccQmtk6W.s:351    .text.sx1278_rx_single:00000000 sx1278_rx_single
C:\Users\Vento\AppData\Local\Temp\ccQmtk6W.s:373    .text.sx1278_tx:00000000 $t
C:\Users\Vento\AppData\Local\Temp\ccQmtk6W.s:380    .text.sx1278_tx:00000000 sx1278_tx
C:\Users\Vento\AppData\Local\Temp\ccQmtk6W.s:402    .text.sx1278_set_tx_power:00000000 $t
C:\Users\Vento\AppData\Local\Temp\ccQmtk6W.s:409    .text.sx1278_set_tx_power:00000000 sx1278_set_tx_power
C:\Users\Vento\AppData\Local\Temp\ccQmtk6W.s:441    .text.sx1278_set_LNA_gain:00000000 $t
C:\Users\Vento\AppData\Local\Temp\ccQmtk6W.s:448    .text.sx1278_set_LNA_gain:00000000 sx1278_set_LNA_gain
C:\Users\Vento\AppData\Local\Temp\ccQmtk6W.s:515    .text.sx1278_set_freq:00000000 $t
C:\Users\Vento\AppData\Local\Temp\ccQmtk6W.s:522    .text.sx1278_set_freq:00000000 sx1278_set_freq
C:\Users\Vento\AppData\Local\Temp\ccQmtk6W.s:574    .text.sx1278_set_freq:00000034 $d
C:\Users\Vento\AppData\Local\Temp\ccQmtk6W.s:579    .text.sx1278_set_bandwidth:00000000 $t
C:\Users\Vento\AppData\Local\Temp\ccQmtk6W.s:586    .text.sx1278_set_bandwidth:00000000 sx1278_set_bandwidth
C:\Users\Vento\AppData\Local\Temp\ccQmtk6W.s:705    .text.sx1278_set_bandwidth:00000084 $d
C:\Users\Vento\AppData\Local\Temp\ccQmtk6W.s:711    .text.sx1278_set_sf:00000000 $t
C:\Users\Vento\AppData\Local\Temp\ccQmtk6W.s:718    .text.sx1278_set_sf:00000000 sx1278_set_sf
C:\Users\Vento\AppData\Local\Temp\ccQmtk6W.s:799    .text.sx1278_set_cr:00000000 $t
C:\Users\Vento\AppData\Local\Temp\ccQmtk6W.s:806    .text.sx1278_set_cr:00000000 sx1278_set_cr
C:\Users\Vento\AppData\Local\Temp\ccQmtk6W.s:857    .text.sx1278_set_header:00000000 $t
C:\Users\Vento\AppData\Local\Temp\ccQmtk6W.s:864    .text.sx1278_set_header:00000000 sx1278_set_header
C:\Users\Vento\AppData\Local\Temp\ccQmtk6W.s:923    .text.sx1278_set_crc:00000000 $t
C:\Users\Vento\AppData\Local\Temp\ccQmtk6W.s:930    .text.sx1278_set_crc:00000000 sx1278_set_crc
C:\Users\Vento\AppData\Local\Temp\ccQmtk6W.s:982    .text.sx1278_set_preamble:00000000 $t
C:\Users\Vento\AppData\Local\Temp\ccQmtk6W.s:989    .text.sx1278_set_preamble:00000000 sx1278_set_preamble
C:\Users\Vento\AppData\Local\Temp\ccQmtk6W.s:1022   .text.sx1278_get_rssi:00000000 $t
C:\Users\Vento\AppData\Local\Temp\ccQmtk6W.s:1029   .text.sx1278_get_rssi:00000000 sx1278_get_rssi
C:\Users\Vento\AppData\Local\Temp\ccQmtk6W.s:1055   .text.sx1278_get_snr:00000000 $t
C:\Users\Vento\AppData\Local\Temp\ccQmtk6W.s:1062   .text.sx1278_get_snr:00000000 sx1278_get_snr
C:\Users\Vento\AppData\Local\Temp\ccQmtk6W.s:1093   .text.sx1278_get_snr:0000001c $d
C:\Users\Vento\AppData\Local\Temp\ccQmtk6W.s:1098   .text.sx1278_set_irq:00000000 $t
C:\Users\Vento\AppData\Local\Temp\ccQmtk6W.s:1105   .text.sx1278_set_irq:00000000 sx1278_set_irq
C:\Users\Vento\AppData\Local\Temp\ccQmtk6W.s:1131   .text.sx1278_cad:00000000 $t
C:\Users\Vento\AppData\Local\Temp\ccQmtk6W.s:1138   .text.sx1278_cad:00000000 sx1278_cad
C:\Users\Vento\AppData\Local\Temp\ccQmtk6W.s:1175   .rodata.sx1278_init.str1.4:00000000 $d
C:\Users\Vento\AppData\Local\Temp\ccQmtk6W.s:1188   .text.sx1278_init:00000000 $t
C:\Users\Vento\AppData\Local\Temp\ccQmtk6W.s:1195   .text.sx1278_init:00000000 sx1278_init
C:\Users\Vento\AppData\Local\Temp\ccQmtk6W.s:1295   .text.sx1278_init:00000088 $d
C:\Users\Vento\AppData\Local\Temp\ccQmtk6W.s:1306   .text.sx1278_send_data:00000000 $t
C:\Users\Vento\AppData\Local\Temp\ccQmtk6W.s:1313   .text.sx1278_send_data:00000000 sx1278_send_data
C:\Users\Vento\AppData\Local\Temp\ccQmtk6W.s:1415   .text.sx1278_start_recv_data:00000000 $t
ARM GAS  C:\Users\Vento\AppData\Local\Temp\ccQmtk6W.s 			page 40


C:\Users\Vento\AppData\Local\Temp\ccQmtk6W.s:1422   .text.sx1278_start_recv_data:00000000 sx1278_start_recv_data
C:\Users\Vento\AppData\Local\Temp\ccQmtk6W.s:1457   .rodata.sx1278_recv_data.str1.4:00000000 $d
C:\Users\Vento\AppData\Local\Temp\ccQmtk6W.s:1467   .text.sx1278_recv_data:00000000 $t
C:\Users\Vento\AppData\Local\Temp\ccQmtk6W.s:1474   .text.sx1278_recv_data:00000000 sx1278_recv_data
C:\Users\Vento\AppData\Local\Temp\ccQmtk6W.s:1640   .text.sx1278_recv_data:000000b0 $d
C:\Users\Vento\AppData\Local\Temp\ccQmtk6W.s:1648   .text.get_random_value:00000000 $t
C:\Users\Vento\AppData\Local\Temp\ccQmtk6W.s:1655   .text.get_random_value:00000000 get_random_value
C:\Users\Vento\AppData\Local\Temp\ccQmtk6W.s:1696   .text.get_crc_value:00000000 $t
C:\Users\Vento\AppData\Local\Temp\ccQmtk6W.s:1703   .text.get_crc_value:00000000 get_crc_value

UNDEFINED SYMBOLS
HAL_GPIO_WritePin
HAL_SPI_Transmit
HAL_SPI_GetState
HAL_SPI_Receive
hspi1
HAL_Delay
__aeabi_uldivmod
__aeabi_i2d
__aeabi_dmul
__aeabi_d2f
logPC
strlen
memset
LOG
HAL_GetTick
srand
rand
