ARM GAS  C:\Users\Vento\AppData\Local\Temp\ccXk2L1w.s 			page 1


   1              		.cpu cortex-m3
   2              		.eabi_attribute 20, 1
   3              		.eabi_attribute 21, 1
   4              		.eabi_attribute 23, 3
   5              		.eabi_attribute 24, 1
   6              		.eabi_attribute 25, 1
   7              		.eabi_attribute 26, 1
   8              		.eabi_attribute 30, 1
   9              		.eabi_attribute 34, 1
  10              		.eabi_attribute 18, 4
  11              		.file	"touch.c"
  12              		.text
  13              	.Ltext0:
  14              		.cfi_sections	.debug_frame
  15              		.section	.text.ILI9341_TouchUnselect,"ax",%progbits
  16              		.align	1
  17              		.global	ILI9341_TouchUnselect
  18              		.arch armv7-m
  19              		.syntax unified
  20              		.thumb
  21              		.thumb_func
  22              		.fpu softvfp
  24              	ILI9341_TouchUnselect:
  25              	.LFB69:
  26              		.file 1 "Core/Src/touch.c"
   1:Core/Src/touch.c **** /**
   2:Core/Src/touch.c ****  * @file touch.c
   3:Core/Src/touch.c ****  * @author Vento (zseefvhu12345@gmail.com)
   4:Core/Src/touch.c ****  * @brief 
   5:Core/Src/touch.c ****  * @version 1.0
   6:Core/Src/touch.c ****  * @date 17-07_2023
   7:Core/Src/touch.c ****  * 
   8:Core/Src/touch.c ****  * @copyright Copyright (c) 2023
   9:Core/Src/touch.c ****  * 
  10:Core/Src/touch.c ****  */
  11:Core/Src/touch.c **** 
  12:Core/Src/touch.c **** 
  13:Core/Src/touch.c **** #include "touch.h"
  14:Core/Src/touch.c **** #include <stdio.h>
  15:Core/Src/touch.c **** #include "common.h"
  16:Core/Src/touch.c **** 
  17:Core/Src/touch.c **** #define READ_X 0xD0
  18:Core/Src/touch.c **** #define READ_Y 0x90
  19:Core/Src/touch.c **** 
  20:Core/Src/touch.c **** #define NUMBER_OF_SAMPLE    (200)
  21:Core/Src/touch.c **** 
  22:Core/Src/touch.c **** #define ABS(x) ((x) > 0 ? (x) : -(x))
  23:Core/Src/touch.c **** 
  24:Core/Src/touch.c **** inline static void ILI9341_TouchSelect()
  25:Core/Src/touch.c **** {
  26:Core/Src/touch.c ****     HAL_GPIO_WritePin(ILI9341_TOUCH_CS_GPIO_Port, ILI9341_TOUCH_CS_Pin, GPIO_PIN_RESET);
  27:Core/Src/touch.c **** }
  28:Core/Src/touch.c **** 
  29:Core/Src/touch.c **** inline void ILI9341_TouchUnselect()
  30:Core/Src/touch.c **** {
  27              		.loc 1 30 1 view -0
  28              		.cfi_startproc
ARM GAS  C:\Users\Vento\AppData\Local\Temp\ccXk2L1w.s 			page 2


  29              		@ args = 0, pretend = 0, frame = 0
  30              		@ frame_needed = 0, uses_anonymous_args = 0
  31 0000 08B5     		push	{r3, lr}
  32              	.LCFI0:
  33              		.cfi_def_cfa_offset 8
  34              		.cfi_offset 3, -8
  35              		.cfi_offset 14, -4
  31:Core/Src/touch.c ****     HAL_GPIO_WritePin(ILI9341_TOUCH_CS_GPIO_Port, ILI9341_TOUCH_CS_Pin, GPIO_PIN_SET);
  36              		.loc 1 31 5 view .LVU1
  37 0002 0122     		movs	r2, #1
  38 0004 4FF48051 		mov	r1, #4096
  39 0008 0148     		ldr	r0, .L3
  40 000a FFF7FEFF 		bl	HAL_GPIO_WritePin
  41              	.LVL0:
  32:Core/Src/touch.c **** }
  42              		.loc 1 32 1 is_stmt 0 view .LVU2
  43 000e 08BD     		pop	{r3, pc}
  44              	.L4:
  45              		.align	2
  46              	.L3:
  47 0010 000C0140 		.word	1073810432
  48              		.cfi_endproc
  49              	.LFE69:
  51              		.section	.text.ILI9341_TouchPressed,"ax",%progbits
  52              		.align	1
  53              		.global	ILI9341_TouchPressed
  54              		.syntax unified
  55              		.thumb
  56              		.thumb_func
  57              		.fpu softvfp
  59              	ILI9341_TouchPressed:
  60              	.LFB70:
  33:Core/Src/touch.c **** 
  34:Core/Src/touch.c **** inline bool ILI9341_TouchPressed()
  35:Core/Src/touch.c **** {
  61              		.loc 1 35 1 is_stmt 1 view -0
  62              		.cfi_startproc
  63              		@ args = 0, pretend = 0, frame = 0
  64              		@ frame_needed = 0, uses_anonymous_args = 0
  65 0000 08B5     		push	{r3, lr}
  66              	.LCFI1:
  67              		.cfi_def_cfa_offset 8
  68              		.cfi_offset 3, -8
  69              		.cfi_offset 14, -4
  36:Core/Src/touch.c ****     return HAL_GPIO_ReadPin(ILI9341_TOUCH_IRQ_GPIO_Port, ILI9341_TOUCH_IRQ_Pin) == GPIO_PIN_RESET;
  70              		.loc 1 36 5 view .LVU4
  71              		.loc 1 36 12 is_stmt 0 view .LVU5
  72 0002 4021     		movs	r1, #64
  73 0004 0348     		ldr	r0, .L7
  74 0006 FFF7FEFF 		bl	HAL_GPIO_ReadPin
  75              	.LVL1:
  37:Core/Src/touch.c **** }
  76              		.loc 1 37 1 view .LVU6
  77 000a B0FA80F0 		clz	r0, r0
  78 000e 4009     		lsrs	r0, r0, #5
  79 0010 08BD     		pop	{r3, pc}
  80              	.L8:
ARM GAS  C:\Users\Vento\AppData\Local\Temp\ccXk2L1w.s 			page 3


  81 0012 00BF     		.align	2
  82              	.L7:
  83 0014 00100140 		.word	1073811456
  84              		.cfi_endproc
  85              	.LFE70:
  87              		.section	.text.ILI9341_TouchGetCoordinates,"ax",%progbits
  88              		.align	1
  89              		.global	ILI9341_TouchGetCoordinates
  90              		.syntax unified
  91              		.thumb
  92              		.thumb_func
  93              		.fpu softvfp
  95              	ILI9341_TouchGetCoordinates:
  96              	.LVL2:
  97              	.LFB71:
  38:Core/Src/touch.c **** 
  39:Core/Src/touch.c **** bool ILI9341_TouchGetCoordinates(uint16_t* x, uint16_t* y)
  40:Core/Src/touch.c **** {
  98              		.loc 1 40 1 is_stmt 1 view -0
  99              		.cfi_startproc
 100              		@ args = 0, pretend = 0, frame = 16
 101              		@ frame_needed = 0, uses_anonymous_args = 0
 102              		.loc 1 40 1 is_stmt 0 view .LVU8
 103 0000 2DE9F04F 		push	{r4, r5, r6, r7, r8, r9, r10, fp, lr}
 104              	.LCFI2:
 105              		.cfi_def_cfa_offset 36
 106              		.cfi_offset 4, -36
 107              		.cfi_offset 5, -32
 108              		.cfi_offset 6, -28
 109              		.cfi_offset 7, -24
 110              		.cfi_offset 8, -20
 111              		.cfi_offset 9, -16
 112              		.cfi_offset 10, -12
 113              		.cfi_offset 11, -8
 114              		.cfi_offset 14, -4
 115 0004 87B0     		sub	sp, sp, #28
 116              	.LCFI3:
 117              		.cfi_def_cfa_offset 64
 118 0006 8346     		mov	fp, r0
 119 0008 0391     		str	r1, [sp, #12]
  41:Core/Src/touch.c ****     static const uint8_t cmd_read_x[] = { READ_X };
 120              		.loc 1 41 5 is_stmt 1 view .LVU9
  42:Core/Src/touch.c ****     static const uint8_t cmd_read_y[] = { READ_Y };
 121              		.loc 1 42 5 view .LVU10
  43:Core/Src/touch.c ****     static const uint8_t zeroes_tx[] = { 0x00, 0x00 };
 122              		.loc 1 43 5 view .LVU11
  44:Core/Src/touch.c **** 
  45:Core/Src/touch.c ****     ILI9341_TouchSelect();
 123              		.loc 1 45 5 view .LVU12
 124              	.LBB10:
 125              	.LBI10:
  24:Core/Src/touch.c **** {
 126              		.loc 1 24 20 view .LVU13
 127              	.LBB11:
  26:Core/Src/touch.c **** }
 128              		.loc 1 26 5 view .LVU14
 129 000a 0022     		movs	r2, #0
ARM GAS  C:\Users\Vento\AppData\Local\Temp\ccXk2L1w.s 			page 4


 130 000c 4FF48051 		mov	r1, #4096
 131              	.LVL3:
  26:Core/Src/touch.c **** }
 132              		.loc 1 26 5 is_stmt 0 view .LVU15
 133 0010 3F48     		ldr	r0, .L17
 134              	.LVL4:
  26:Core/Src/touch.c **** }
 135              		.loc 1 26 5 view .LVU16
 136 0012 FFF7FEFF 		bl	HAL_GPIO_WritePin
 137              	.LVL5:
 138              	.LBE11:
 139              	.LBE10:
  46:Core/Src/touch.c **** 
  47:Core/Src/touch.c ****     uint32_t avg_x = 0;
 140              		.loc 1 47 5 is_stmt 1 view .LVU17
  48:Core/Src/touch.c ****     uint32_t avg_y = 0;
 141              		.loc 1 48 5 view .LVU18
  49:Core/Src/touch.c ****     uint8_t nsamples = 0;
 142              		.loc 1 49 5 view .LVU19
  50:Core/Src/touch.c ****     for(uint8_t i = 0; i < NUMBER_OF_SAMPLE; i++) 
 143              		.loc 1 50 5 view .LVU20
 144              	.LBB12:
 145              		.loc 1 50 9 view .LVU21
 146              		.loc 1 50 17 is_stmt 0 view .LVU22
 147 0016 0024     		movs	r4, #0
 148              	.LBE12:
  49:Core/Src/touch.c ****     uint8_t nsamples = 0;
 149              		.loc 1 49 13 view .LVU23
 150 0018 2646     		mov	r6, r4
  48:Core/Src/touch.c ****     uint32_t avg_y = 0;
 151              		.loc 1 48 14 view .LVU24
 152 001a A046     		mov	r8, r4
  47:Core/Src/touch.c ****     uint32_t avg_y = 0;
 153              		.loc 1 47 14 view .LVU25
 154 001c A246     		mov	r10, r4
 155              	.LVL6:
 156              	.L10:
 157              	.LBB16:
 158              		.loc 1 50 24 is_stmt 1 discriminator 1 view .LVU26
 159              		.loc 1 50 5 is_stmt 0 discriminator 1 view .LVU27
 160 001e C72C     		cmp	r4, #199
 161 0020 37D8     		bhi	.L12
 162              	.LBB13:
  51:Core/Src/touch.c ****     {
  52:Core/Src/touch.c ****         if(!ILI9341_TouchPressed())
 163              		.loc 1 52 9 is_stmt 1 view .LVU28
 164              	.LBB14:
 165              	.LBI14:
  34:Core/Src/touch.c **** {
 166              		.loc 1 34 13 view .LVU29
 167              	.LBB15:
  36:Core/Src/touch.c **** }
 168              		.loc 1 36 5 view .LVU30
  36:Core/Src/touch.c **** }
 169              		.loc 1 36 12 is_stmt 0 view .LVU31
 170 0022 4021     		movs	r1, #64
 171 0024 3B48     		ldr	r0, .L17+4
ARM GAS  C:\Users\Vento\AppData\Local\Temp\ccXk2L1w.s 			page 5


 172 0026 FFF7FEFF 		bl	HAL_GPIO_ReadPin
 173              	.LVL7:
 174              	.LBE15:
 175              	.LBE14:
 176              		.loc 1 52 11 view .LVU32
 177 002a 90BB     		cbnz	r0, .L12
  53:Core/Src/touch.c ****             break;
  54:Core/Src/touch.c **** 
  55:Core/Src/touch.c ****         nsamples++;
 178              		.loc 1 55 9 is_stmt 1 view .LVU33
 179              		.loc 1 55 17 is_stmt 0 view .LVU34
 180 002c 0136     		adds	r6, r6, #1
 181              	.LVL8:
 182              		.loc 1 55 17 view .LVU35
 183 002e F6B2     		uxtb	r6, r6
 184              	.LVL9:
  56:Core/Src/touch.c **** 
  57:Core/Src/touch.c ****         HAL_SPI_Transmit(&ILI9341_TOUCH_SPI_PORT, (uint8_t*)cmd_read_y, sizeof(cmd_read_y), HAL_MAX
 185              		.loc 1 57 9 is_stmt 1 view .LVU36
 186 0030 394D     		ldr	r5, .L17+8
 187 0032 4FF0FF33 		mov	r3, #-1
 188 0036 0122     		movs	r2, #1
 189 0038 3849     		ldr	r1, .L17+12
 190 003a 2846     		mov	r0, r5
 191 003c FFF7FEFF 		bl	HAL_SPI_Transmit
 192              	.LVL10:
  58:Core/Src/touch.c ****         uint8_t y_raw[2];
 193              		.loc 1 58 9 view .LVU37
  59:Core/Src/touch.c ****         HAL_SPI_TransmitReceive(&ILI9341_TOUCH_SPI_PORT, (uint8_t*)zeroes_tx, y_raw, sizeof(y_raw),
 194              		.loc 1 59 9 view .LVU38
 195 0040 DFF8DC90 		ldr	r9, .L17+16
 196 0044 4FF0FF37 		mov	r7, #-1
 197 0048 0097     		str	r7, [sp]
 198 004a 0223     		movs	r3, #2
 199 004c 04AA     		add	r2, sp, #16
 200 004e 4946     		mov	r1, r9
 201 0050 2846     		mov	r0, r5
 202 0052 FFF7FEFF 		bl	HAL_SPI_TransmitReceive
 203              	.LVL11:
  60:Core/Src/touch.c **** 
  61:Core/Src/touch.c ****         HAL_SPI_Transmit(&ILI9341_TOUCH_SPI_PORT, (uint8_t*)cmd_read_x, sizeof(cmd_read_x), HAL_MAX
 204              		.loc 1 61 9 view .LVU39
 205 0056 3B46     		mov	r3, r7
 206 0058 0122     		movs	r2, #1
 207 005a 3249     		ldr	r1, .L17+20
 208 005c 2846     		mov	r0, r5
 209 005e FFF7FEFF 		bl	HAL_SPI_Transmit
 210              	.LVL12:
  62:Core/Src/touch.c ****         uint8_t x_raw[2];
 211              		.loc 1 62 9 view .LVU40
  63:Core/Src/touch.c ****         HAL_SPI_TransmitReceive(&ILI9341_TOUCH_SPI_PORT, (uint8_t*)zeroes_tx, x_raw, sizeof(x_raw),
 212              		.loc 1 63 9 view .LVU41
 213 0062 0097     		str	r7, [sp]
 214 0064 0223     		movs	r3, #2
 215 0066 05AA     		add	r2, sp, #20
 216 0068 4946     		mov	r1, r9
 217 006a 2846     		mov	r0, r5
ARM GAS  C:\Users\Vento\AppData\Local\Temp\ccXk2L1w.s 			page 6


 218 006c FFF7FEFF 		bl	HAL_SPI_TransmitReceive
 219              	.LVL13:
  64:Core/Src/touch.c **** 
  65:Core/Src/touch.c ****         avg_x += (((uint16_t)x_raw[0]) << 8) | ((uint16_t)x_raw[1]);
 220              		.loc 1 65 9 view .LVU42
 221              		.loc 1 65 35 is_stmt 0 view .LVU43
 222 0070 9DF81420 		ldrb	r2, [sp, #20]	@ zero_extendqisi2
 223              		.loc 1 65 64 view .LVU44
 224 0074 9DF81530 		ldrb	r3, [sp, #21]	@ zero_extendqisi2
 225              		.loc 1 65 46 view .LVU45
 226 0078 43EA0223 		orr	r3, r3, r2, lsl #8
 227              		.loc 1 65 15 view .LVU46
 228 007c 9A44     		add	r10, r10, r3
 229              	.LVL14:
  66:Core/Src/touch.c ****         avg_y += (((uint16_t)y_raw[0]) << 8) | ((uint16_t)y_raw[1]);
 230              		.loc 1 66 9 is_stmt 1 view .LVU47
 231              		.loc 1 66 35 is_stmt 0 view .LVU48
 232 007e 9DF81020 		ldrb	r2, [sp, #16]	@ zero_extendqisi2
 233              		.loc 1 66 64 view .LVU49
 234 0082 9DF81130 		ldrb	r3, [sp, #17]	@ zero_extendqisi2
 235              		.loc 1 66 46 view .LVU50
 236 0086 43EA0223 		orr	r3, r3, r2, lsl #8
 237              		.loc 1 66 15 view .LVU51
 238 008a 9844     		add	r8, r8, r3
 239              	.LVL15:
 240              		.loc 1 66 15 view .LVU52
 241              	.LBE13:
  50:Core/Src/touch.c ****     {
 242              		.loc 1 50 46 is_stmt 1 view .LVU53
  50:Core/Src/touch.c ****     {
 243              		.loc 1 50 47 is_stmt 0 view .LVU54
 244 008c 0134     		adds	r4, r4, #1
 245              	.LVL16:
  50:Core/Src/touch.c ****     {
 246              		.loc 1 50 47 view .LVU55
 247 008e E4B2     		uxtb	r4, r4
 248              	.LVL17:
  50:Core/Src/touch.c ****     {
 249              		.loc 1 50 47 view .LVU56
 250 0090 C5E7     		b	.L10
 251              	.L12:
  50:Core/Src/touch.c ****     {
 252              		.loc 1 50 47 view .LVU57
 253              	.LBE16:
  67:Core/Src/touch.c ****     }
  68:Core/Src/touch.c **** 
  69:Core/Src/touch.c ****     ILI9341_TouchUnselect();
 254              		.loc 1 69 5 is_stmt 1 view .LVU58
 255              	.LBB17:
 256              	.LBI17:
  29:Core/Src/touch.c **** {
 257              		.loc 1 29 13 view .LVU59
 258              	.LBB18:
  31:Core/Src/touch.c **** }
 259              		.loc 1 31 5 view .LVU60
 260 0092 0122     		movs	r2, #1
 261 0094 4FF48051 		mov	r1, #4096
ARM GAS  C:\Users\Vento\AppData\Local\Temp\ccXk2L1w.s 			page 7


 262 0098 1D48     		ldr	r0, .L17
 263 009a FFF7FEFF 		bl	HAL_GPIO_WritePin
 264              	.LVL18:
 265              	.LBE18:
 266              	.LBE17:
  70:Core/Src/touch.c **** 
  71:Core/Src/touch.c ****     if(nsamples < NUMBER_OF_SAMPLE)
 267              		.loc 1 71 5 view .LVU61
 268              		.loc 1 71 7 is_stmt 0 view .LVU62
 269 009e C72E     		cmp	r6, #199
 270 00a0 33D9     		bls	.L15
  72:Core/Src/touch.c ****         return false;
  73:Core/Src/touch.c **** 
  74:Core/Src/touch.c ****     uint32_t raw_x = (avg_x / NUMBER_OF_SAMPLE);
 271              		.loc 1 74 5 is_stmt 1 view .LVU63
 272              		.loc 1 74 14 is_stmt 0 view .LVU64
 273 00a2 214B     		ldr	r3, .L17+24
 274 00a4 A3FB0A2A 		umull	r2, r10, r3, r10
 275              	.LVL19:
 276              		.loc 1 74 14 view .LVU65
 277 00a8 4FEA9A1A 		lsr	r10, r10, #6
 278              	.LVL20:
  75:Core/Src/touch.c ****     // if(raw_x < ILI9341_TOUCH_MIN_RAW_X) raw_x = ILI9341_TOUCH_MIN_RAW_X;
  76:Core/Src/touch.c ****     // if(raw_x > ILI9341_TOUCH_MAX_RAW_X) raw_x = ILI9341_TOUCH_MAX_RAW_X;
  77:Core/Src/touch.c **** 
  78:Core/Src/touch.c ****     uint32_t raw_y = (avg_y / NUMBER_OF_SAMPLE);
 279              		.loc 1 78 5 is_stmt 1 view .LVU66
 280              		.loc 1 78 14 is_stmt 0 view .LVU67
 281 00ac A3FB0838 		umull	r3, r8, r3, r8
 282              	.LVL21:
 283              		.loc 1 78 14 view .LVU68
 284 00b0 4FEA9818 		lsr	r8, r8, #6
 285              	.LVL22:
  79:Core/Src/touch.c ****     // if(raw_y < ILI9341_TOUCH_MIN_RAW_X) raw_y = ILI9341_TOUCH_MIN_RAW_Y;
  80:Core/Src/touch.c ****     // if(raw_y > ILI9341_TOUCH_MAX_RAW_Y) raw_y = ILI9341_TOUCH_MAX_RAW_Y;
  81:Core/Src/touch.c **** 
  82:Core/Src/touch.c ****     //char data[50];
  83:Core/Src/touch.c ****     // Uncomment this line to calibrate touchscreen:
  84:Core/Src/touch.c ****     //sprintf(data, "raw_x = %ld, raw_y = %ld\n\0", raw_x, raw_y);
  85:Core/Src/touch.c ****     //uint32_t data[] = {raw_x, raw_y};
  86:Core/Src/touch.c ****     //HAL_UART_Transmit(&huart3, data, sizeof(data), 10);
  87:Core/Src/touch.c ****     // logPC("%s - raw_x = %ld, raw_y = %ld", "LCD", raw_x, raw_y);
  88:Core/Src/touch.c ****     int tempx = ((raw_y - ILI9341_TOUCH_MIN_RAW_X) * ILI9341_TOUCH_SCALE_X / (ILI9341_TOUCH_MAX_RAW
 286              		.loc 1 88 5 is_stmt 1 view .LVU69
 287              		.loc 1 88 52 is_stmt 0 view .LVU70
 288 00b4 08EB8808 		add	r8, r8, r8, lsl #2
 289              	.LVL23:
 290              		.loc 1 88 52 view .LVU71
 291 00b8 4FEA8813 		lsl	r3, r8, #6
 292 00bc A3F5BB23 		sub	r3, r3, #382976
 293 00c0 A3F58063 		sub	r3, r3, #1024
 294              		.loc 1 88 76 view .LVU72
 295 00c4 194A     		ldr	r2, .L17+28
 296 00c6 A2FB0323 		umull	r2, r3, r2, r3
 297 00ca 5B0B     		lsrs	r3, r3, #13
 298              		.loc 1 88 131 view .LVU73
 299 00cc 1E3B     		subs	r3, r3, #30
ARM GAS  C:\Users\Vento\AppData\Local\Temp\ccXk2L1w.s 			page 8


 300              	.LVL24:
  89:Core/Src/touch.c ****     int tempy = ((raw_x - ILI9341_TOUCH_MIN_RAW_Y) * ILI9341_TOUCH_SCALE_Y / (ILI9341_TOUCH_MAX_RAW
 301              		.loc 1 89 5 is_stmt 1 view .LVU74
 302              		.loc 1 89 52 is_stmt 0 view .LVU75
 303 00ce CAEB0A1A 		rsb	r10, r10, r10, lsl #4
 304              	.LVL25:
 305              		.loc 1 89 52 view .LVU76
 306 00d2 4FEA0A12 		lsl	r2, r10, #4
 307 00d6 A2F5AF22 		sub	r2, r2, #358400
 308 00da A2F5C862 		sub	r2, r2, #1600
 309              		.loc 1 89 131 view .LVU77
 310 00de 1449     		ldr	r1, .L17+32
 311 00e0 A1FB0212 		umull	r1, r2, r1, r2
 312 00e4 520B     		lsrs	r2, r2, #13
 313              	.LVL26:
  90:Core/Src/touch.c **** 
  91:Core/Src/touch.c ****     *x = (tempx > 0) ? (tempx) : (0U);
 314              		.loc 1 91 5 is_stmt 1 view .LVU78
 315              		.loc 1 91 32 is_stmt 0 view .LVU79
 316 00e6 23EAE373 		bic	r3, r3, r3, asr #31
 317              	.LVL27:
 318              		.loc 1 91 8 view .LVU80
 319 00ea ABF80030 		strh	r3, [fp]	@ movhi
  92:Core/Src/touch.c ****     *y = (tempy > 0) ? (tempy) : (0U);
 320              		.loc 1 92 5 is_stmt 1 view .LVU81
 321              		.loc 1 92 32 is_stmt 0 view .LVU82
 322 00ee 22EAE273 		bic	r3, r2, r2, asr #31
 323              		.loc 1 92 8 view .LVU83
 324 00f2 039A     		ldr	r2, [sp, #12]
 325              	.LVL28:
 326              		.loc 1 92 8 view .LVU84
 327 00f4 1380     		strh	r3, [r2]	@ movhi
  93:Core/Src/touch.c **** 
  94:Core/Src/touch.c ****     *x = (uint16_t)(ILI9341_TOUCH_SCALE_X - *x);
 328              		.loc 1 94 5 is_stmt 1 view .LVU85
 329              		.loc 1 94 45 is_stmt 0 view .LVU86
 330 00f6 BBF80030 		ldrh	r3, [fp]
 331              		.loc 1 94 10 view .LVU87
 332 00fa C3F5A073 		rsb	r3, r3, #320
 333              		.loc 1 94 8 view .LVU88
 334 00fe ABF80030 		strh	r3, [fp]	@ movhi
  95:Core/Src/touch.c ****     // *y = (uint16_t)(ILI9341_TOUCH_SCALE_Y - *y);
  96:Core/Src/touch.c **** 
  97:Core/Src/touch.c ****     return true;
 335              		.loc 1 97 5 is_stmt 1 view .LVU89
 336              		.loc 1 97 12 is_stmt 0 view .LVU90
 337 0102 0120     		movs	r0, #1
 338              	.LVL29:
 339              	.L14:
  98:Core/Src/touch.c **** }
 340              		.loc 1 98 1 view .LVU91
 341 0104 07B0     		add	sp, sp, #28
 342              	.LCFI4:
 343              		.cfi_remember_state
 344              		.cfi_def_cfa_offset 36
 345              		@ sp needed
 346 0106 BDE8F08F 		pop	{r4, r5, r6, r7, r8, r9, r10, fp, pc}
ARM GAS  C:\Users\Vento\AppData\Local\Temp\ccXk2L1w.s 			page 9


 347              	.LVL30:
 348              	.L15:
 349              	.LCFI5:
 350              		.cfi_restore_state
  72:Core/Src/touch.c **** 
 351              		.loc 1 72 16 view .LVU92
 352 010a 0020     		movs	r0, #0
 353 010c FAE7     		b	.L14
 354              	.L18:
 355 010e 00BF     		.align	2
 356              	.L17:
 357 0110 000C0140 		.word	1073810432
 358 0114 00100140 		.word	1073811456
 359 0118 00000000 		.word	hspi2
 360 011c 00000000 		.word	.LANCHOR0
 361 0120 00000000 		.word	.LANCHOR1
 362 0124 00000000 		.word	.LANCHOR2
 363 0128 1F85EB51 		.word	1374389535
 364 012c 297F404E 		.word	1312849705
 365 0130 73B2E745 		.word	1172812403
 366              		.cfi_endproc
 367              	.LFE71:
 369              		.section	.text.ILI9341_UpdateButton,"ax",%progbits
 370              		.align	1
 371              		.global	ILI9341_UpdateButton
 372              		.syntax unified
 373              		.thumb
 374              		.thumb_func
 375              		.fpu softvfp
 377              	ILI9341_UpdateButton:
 378              	.LVL31:
 379              	.LFB72:
  99:Core/Src/touch.c **** 
 100:Core/Src/touch.c **** bool ILI9341_UpdateButton(const myButton_t* button)
 101:Core/Src/touch.c **** {
 380              		.loc 1 101 1 is_stmt 1 view -0
 381              		.cfi_startproc
 382              		@ args = 0, pretend = 0, frame = 0
 383              		@ frame_needed = 0, uses_anonymous_args = 0
 384              		.loc 1 101 1 is_stmt 0 view .LVU94
 385 0000 10B5     		push	{r4, lr}
 386              	.LCFI6:
 387              		.cfi_def_cfa_offset 8
 388              		.cfi_offset 4, -8
 389              		.cfi_offset 14, -4
 390 0002 82B0     		sub	sp, sp, #8
 391              	.LCFI7:
 392              		.cfi_def_cfa_offset 16
 393 0004 8446     		mov	ip, r0
 102:Core/Src/touch.c ****     if ((button->shape_r != 0) && (button->shape_w == 0) && (button->shape_h == 0))
 394              		.loc 1 102 5 is_stmt 1 view .LVU95
 395              		.loc 1 102 16 is_stmt 0 view .LVU96
 396 0006 8288     		ldrh	r2, [r0, #4]
 397              		.loc 1 102 8 view .LVU97
 398 0008 8AB1     		cbz	r2, .L20
 399              		.loc 1 102 42 discriminator 1 view .LVU98
 400 000a C388     		ldrh	r3, [r0, #6]
ARM GAS  C:\Users\Vento\AppData\Local\Temp\ccXk2L1w.s 			page 10


 401              		.loc 1 102 32 discriminator 1 view .LVU99
 402 000c 7BB9     		cbnz	r3, .L20
 403              		.loc 1 102 68 discriminator 2 view .LVU100
 404 000e 0389     		ldrh	r3, [r0, #8]
 405              		.loc 1 102 58 discriminator 2 view .LVU101
 406 0010 6BB9     		cbnz	r3, .L20
 103:Core/Src/touch.c ****     {
 104:Core/Src/touch.c ****         ILI9341_FillCircle(button->pos_x, button->pos_y, button->shape_r, ((button->state == BUTTON
 407              		.loc 1 104 9 is_stmt 1 view .LVU102
 408 0012 0088     		ldrh	r0, [r0]
 409              	.LVL32:
 410              		.loc 1 104 9 is_stmt 0 view .LVU103
 411 0014 BCF80210 		ldrh	r1, [ip, #2]
 412              		.loc 1 104 83 view .LVU104
 413 0018 9CF80E30 		ldrb	r3, [ip, #14]	@ zero_extendqisi2
 414              		.loc 1 104 9 view .LVU105
 415 001c 23B1     		cbz	r3, .L21
 416              		.loc 1 104 9 discriminator 1 view .LVU106
 417 001e BCF80A30 		ldrh	r3, [ip, #10]
 418              	.L22:
 419              		.loc 1 104 9 discriminator 4 view .LVU107
 420 0022 FFF7FEFF 		bl	ILI9341_FillCircle
 421              	.LVL33:
 422              		.loc 1 104 9 discriminator 4 view .LVU108
 423 0026 12E0     		b	.L23
 424              	.LVL34:
 425              	.L21:
 426              		.loc 1 104 9 discriminator 2 view .LVU109
 427 0028 BCF80C30 		ldrh	r3, [ip, #12]
 428 002c F9E7     		b	.L22
 429              	.LVL35:
 430              	.L20:
 105:Core/Src/touch.c ****     }
 106:Core/Src/touch.c ****     else
 107:Core/Src/touch.c ****     {
 108:Core/Src/touch.c ****         ILI9341_FillRectangle(button->pos_x, button->pos_y, button->shape_w, button->shape_h, ((but
 431              		.loc 1 108 9 is_stmt 1 view .LVU110
 432 002e BCF80000 		ldrh	r0, [ip]
 433              	.LVL36:
 434              		.loc 1 108 9 is_stmt 0 view .LVU111
 435 0032 BCF80210 		ldrh	r1, [ip, #2]
 436 0036 BCF80620 		ldrh	r2, [ip, #6]
 437 003a BCF80830 		ldrh	r3, [ip, #8]
 438              		.loc 1 108 103 view .LVU112
 439 003e 9CF80E40 		ldrb	r4, [ip, #14]	@ zero_extendqisi2
 440              		.loc 1 108 9 view .LVU113
 441 0042 3CB1     		cbz	r4, .L24
 442              		.loc 1 108 9 discriminator 1 view .LVU114
 443 0044 BCF80A40 		ldrh	r4, [ip, #10]
 444              	.L25:
 445              		.loc 1 108 9 discriminator 4 view .LVU115
 446 0048 0094     		str	r4, [sp]
 447 004a FFF7FEFF 		bl	ILI9341_FillRectangle
 448              	.LVL37:
 449              	.L23:
 109:Core/Src/touch.c ****     }
 110:Core/Src/touch.c ****     return true;
ARM GAS  C:\Users\Vento\AppData\Local\Temp\ccXk2L1w.s 			page 11


 450              		.loc 1 110 5 is_stmt 1 view .LVU116
 111:Core/Src/touch.c **** }
 451              		.loc 1 111 1 is_stmt 0 view .LVU117
 452 004e 0120     		movs	r0, #1
 453 0050 02B0     		add	sp, sp, #8
 454              	.LCFI8:
 455              		.cfi_remember_state
 456              		.cfi_def_cfa_offset 8
 457              		@ sp needed
 458 0052 10BD     		pop	{r4, pc}
 459              	.LVL38:
 460              	.L24:
 461              	.LCFI9:
 462              		.cfi_restore_state
 108:Core/Src/touch.c ****     }
 463              		.loc 1 108 9 discriminator 2 view .LVU118
 464 0054 BCF80C40 		ldrh	r4, [ip, #12]
 465 0058 F6E7     		b	.L25
 466              		.cfi_endproc
 467              	.LFE72:
 469              		.section	.text.ILI9341_checkButton,"ax",%progbits
 470              		.align	1
 471              		.global	ILI9341_checkButton
 472              		.syntax unified
 473              		.thumb
 474              		.thumb_func
 475              		.fpu softvfp
 477              	ILI9341_checkButton:
 478              	.LVL39:
 479              	.LFB73:
 112:Core/Src/touch.c **** 
 113:Core/Src/touch.c **** bool ILI9341_checkButton(uint16_t x, uint16_t y, myButton_t* button, bool change_state)
 114:Core/Src/touch.c **** {
 480              		.loc 1 114 1 is_stmt 1 view -0
 481              		.cfi_startproc
 482              		@ args = 0, pretend = 0, frame = 0
 483              		@ frame_needed = 0, uses_anonymous_args = 0
 484              		@ link register save eliminated.
 485              		.loc 1 114 1 is_stmt 0 view .LVU120
 486 0000 30B4     		push	{r4, r5}
 487              	.LCFI10:
 488              		.cfi_def_cfa_offset 8
 489              		.cfi_offset 4, -8
 490              		.cfi_offset 5, -4
 115:Core/Src/touch.c ****     if ((button->shape_r != 0) && (button->shape_w == 0) && (button->shape_h == 0))
 491              		.loc 1 115 5 is_stmt 1 view .LVU121
 492              		.loc 1 115 16 is_stmt 0 view .LVU122
 493 0002 9488     		ldrh	r4, [r2, #4]
 494              		.loc 1 115 8 view .LVU123
 495 0004 1CB3     		cbz	r4, .L28
 496              		.loc 1 115 42 discriminator 1 view .LVU124
 497 0006 D588     		ldrh	r5, [r2, #6]
 498              		.loc 1 115 32 discriminator 1 view .LVU125
 499 0008 0DBB     		cbnz	r5, .L28
 500              		.loc 1 115 68 discriminator 2 view .LVU126
 501 000a 1589     		ldrh	r5, [r2, #8]
 502              		.loc 1 115 58 discriminator 2 view .LVU127
ARM GAS  C:\Users\Vento\AppData\Local\Temp\ccXk2L1w.s 			page 12


 503 000c FDB9     		cbnz	r5, .L28
 116:Core/Src/touch.c ****     {
 117:Core/Src/touch.c ****         if ((((ABS(x - button->pos_x))^2) + ((ABS(y - button->pos_y))^2)) <= ((button->shape_r)^2))
 504              		.loc 1 117 9 is_stmt 1 view .LVU128
 505              		.loc 1 117 16 is_stmt 0 view .LVU129
 506 000e B2F800C0 		ldrh	ip, [r2]
 507 0012 A0EB0C00 		sub	r0, r0, ip
 508              	.LVL40:
 509              		.loc 1 117 16 view .LVU130
 510 0016 0028     		cmp	r0, #0
 511 0018 B8BF     		it	lt
 512 001a 4042     		rsblt	r0, r0, #0
 513              		.loc 1 117 39 view .LVU131
 514 001c 80F00200 		eor	r0, r0, #2
 515              		.loc 1 117 47 view .LVU132
 516 0020 B2F802C0 		ldrh	ip, [r2, #2]
 517 0024 A1EB0C01 		sub	r1, r1, ip
 518              	.LVL41:
 519              		.loc 1 117 47 view .LVU133
 520 0028 0029     		cmp	r1, #0
 521 002a B8BF     		it	lt
 522 002c 4942     		rsblt	r1, r1, #0
 523              		.loc 1 117 70 view .LVU134
 524 002e 81F00201 		eor	r1, r1, #2
 525              		.loc 1 117 43 view .LVU135
 526 0032 0844     		add	r0, r0, r1
 527              		.loc 1 117 96 view .LVU136
 528 0034 84F00201 		eor	r1, r4, #2
 529              		.loc 1 117 12 view .LVU137
 530 0038 8842     		cmp	r0, r1
 531 003a 01DD     		ble	.L38
 118:Core/Src/touch.c ****         {
 119:Core/Src/touch.c ****             if (change_state == true)   button->state = !(button->state);
 120:Core/Src/touch.c ****             return true;
 121:Core/Src/touch.c ****         }
 122:Core/Src/touch.c ****     }
 123:Core/Src/touch.c ****     else
 124:Core/Src/touch.c ****     {
 125:Core/Src/touch.c ****         if ((y >= button->pos_y) && (y <= (button->pos_y + button->shape_h)) && (x >= button->pos_x
 126:Core/Src/touch.c ****         {
 127:Core/Src/touch.c ****             if (change_state == true)   button->state = !(button->state);
 128:Core/Src/touch.c ****             return true;
 129:Core/Src/touch.c ****         }
 130:Core/Src/touch.c ****     }
 131:Core/Src/touch.c ****     return false;
 532              		.loc 1 131 12 view .LVU138
 533 003c 0020     		movs	r0, #0
 534 003e 1FE0     		b	.L29
 535              	.L38:
 119:Core/Src/touch.c ****             return true;
 536              		.loc 1 119 13 is_stmt 1 view .LVU139
 119:Core/Src/touch.c ****             return true;
 537              		.loc 1 119 16 is_stmt 0 view .LVU140
 538 0040 1BB1     		cbz	r3, .L30
 119:Core/Src/touch.c ****             return true;
 539              		.loc 1 119 41 is_stmt 1 discriminator 1 view .LVU141
 119:Core/Src/touch.c ****             return true;
ARM GAS  C:\Users\Vento\AppData\Local\Temp\ccXk2L1w.s 			page 13


 540              		.loc 1 119 65 is_stmt 0 discriminator 1 view .LVU142
 541 0042 937B     		ldrb	r3, [r2, #14]	@ zero_extendqisi2
 542              	.LVL42:
 119:Core/Src/touch.c ****             return true;
 543              		.loc 1 119 13 discriminator 1 view .LVU143
 544 0044 83F00103 		eor	r3, r3, #1
 119:Core/Src/touch.c ****             return true;
 545              		.loc 1 119 55 discriminator 1 view .LVU144
 546 0048 9373     		strb	r3, [r2, #14]
 547              	.L30:
 120:Core/Src/touch.c ****         }
 548              		.loc 1 120 13 is_stmt 1 view .LVU145
 120:Core/Src/touch.c ****         }
 549              		.loc 1 120 20 is_stmt 0 view .LVU146
 550 004a 0120     		movs	r0, #1
 551 004c 18E0     		b	.L29
 552              	.LVL43:
 553              	.L28:
 125:Core/Src/touch.c ****         {
 554              		.loc 1 125 9 is_stmt 1 view .LVU147
 125:Core/Src/touch.c ****         {
 555              		.loc 1 125 25 is_stmt 0 view .LVU148
 556 004e B2F802C0 		ldrh	ip, [r2, #2]
 125:Core/Src/touch.c ****         {
 557              		.loc 1 125 12 view .LVU149
 558 0052 8C45     		cmp	ip, r1
 559 0054 13D8     		bhi	.L33
 125:Core/Src/touch.c ****         {
 560              		.loc 1 125 66 discriminator 1 view .LVU150
 561 0056 1489     		ldrh	r4, [r2, #8]
 125:Core/Src/touch.c ****         {
 562              		.loc 1 125 58 discriminator 1 view .LVU151
 563 0058 A444     		add	ip, ip, r4
 125:Core/Src/touch.c ****         {
 564              		.loc 1 125 34 discriminator 1 view .LVU152
 565 005a 6145     		cmp	r1, ip
 566 005c 12DC     		bgt	.L34
 125:Core/Src/touch.c ****         {
 567              		.loc 1 125 93 discriminator 2 view .LVU153
 568 005e 1188     		ldrh	r1, [r2]
 569              	.LVL44:
 125:Core/Src/touch.c ****         {
 570              		.loc 1 125 78 discriminator 2 view .LVU154
 571 0060 8142     		cmp	r1, r0
 572 0062 11D8     		bhi	.L35
 125:Core/Src/touch.c ****         {
 573              		.loc 1 125 134 discriminator 3 view .LVU155
 574 0064 D488     		ldrh	r4, [r2, #6]
 125:Core/Src/touch.c ****         {
 575              		.loc 1 125 126 discriminator 3 view .LVU156
 576 0066 2144     		add	r1, r1, r4
 125:Core/Src/touch.c ****         {
 577              		.loc 1 125 102 discriminator 3 view .LVU157
 578 0068 8842     		cmp	r0, r1
 579 006a 01DD     		ble	.L39
 580              		.loc 1 131 12 view .LVU158
 581 006c 0020     		movs	r0, #0
ARM GAS  C:\Users\Vento\AppData\Local\Temp\ccXk2L1w.s 			page 14


 582              	.LVL45:
 583              		.loc 1 131 12 view .LVU159
 584 006e 07E0     		b	.L29
 585              	.LVL46:
 586              	.L39:
 127:Core/Src/touch.c ****             return true;
 587              		.loc 1 127 13 is_stmt 1 view .LVU160
 127:Core/Src/touch.c ****             return true;
 588              		.loc 1 127 16 is_stmt 0 view .LVU161
 589 0070 1BB1     		cbz	r3, .L31
 127:Core/Src/touch.c ****             return true;
 590              		.loc 1 127 41 is_stmt 1 discriminator 1 view .LVU162
 127:Core/Src/touch.c ****             return true;
 591              		.loc 1 127 65 is_stmt 0 discriminator 1 view .LVU163
 592 0072 937B     		ldrb	r3, [r2, #14]	@ zero_extendqisi2
 593              	.LVL47:
 127:Core/Src/touch.c ****             return true;
 594              		.loc 1 127 13 discriminator 1 view .LVU164
 595 0074 83F00103 		eor	r3, r3, #1
 127:Core/Src/touch.c ****             return true;
 596              		.loc 1 127 55 discriminator 1 view .LVU165
 597 0078 9373     		strb	r3, [r2, #14]
 598              	.L31:
 128:Core/Src/touch.c ****         }
 599              		.loc 1 128 13 is_stmt 1 view .LVU166
 128:Core/Src/touch.c ****         }
 600              		.loc 1 128 20 is_stmt 0 view .LVU167
 601 007a 0120     		movs	r0, #1
 602              	.LVL48:
 128:Core/Src/touch.c ****         }
 603              		.loc 1 128 20 view .LVU168
 604 007c 00E0     		b	.L29
 605              	.LVL49:
 606              	.L33:
 607              		.loc 1 131 12 view .LVU169
 608 007e 0020     		movs	r0, #0
 609              	.LVL50:
 610              	.L29:
 132:Core/Src/touch.c **** }
 611              		.loc 1 132 1 view .LVU170
 612 0080 30BC     		pop	{r4, r5}
 613              	.LCFI11:
 614              		.cfi_remember_state
 615              		.cfi_restore 5
 616              		.cfi_restore 4
 617              		.cfi_def_cfa_offset 0
 618 0082 7047     		bx	lr
 619              	.LVL51:
 620              	.L34:
 621              	.LCFI12:
 622              		.cfi_restore_state
 131:Core/Src/touch.c **** }
 623              		.loc 1 131 12 view .LVU171
 624 0084 0020     		movs	r0, #0
 625              	.LVL52:
 131:Core/Src/touch.c **** }
 626              		.loc 1 131 12 view .LVU172
ARM GAS  C:\Users\Vento\AppData\Local\Temp\ccXk2L1w.s 			page 15


 627 0086 FBE7     		b	.L29
 628              	.LVL53:
 629              	.L35:
 131:Core/Src/touch.c **** }
 630              		.loc 1 131 12 view .LVU173
 631 0088 0020     		movs	r0, #0
 632              	.LVL54:
 131:Core/Src/touch.c **** }
 633              		.loc 1 131 12 view .LVU174
 634 008a F9E7     		b	.L29
 635              		.cfi_endproc
 636              	.LFE73:
 638              		.section	.rodata.cmd_read_x.0,"a"
 639              		.align	2
 640              		.set	.LANCHOR2,. + 0
 643              	cmd_read_x.0:
 644 0000 D0       		.ascii	"\320"
 645              		.section	.rodata.cmd_read_y.2,"a"
 646              		.align	2
 647              		.set	.LANCHOR0,. + 0
 650              	cmd_read_y.2:
 651 0000 90       		.ascii	"\220"
 652              		.section	.rodata.zeroes_tx.1,"a"
 653              		.align	2
 654              		.set	.LANCHOR1,. + 0
 657              	zeroes_tx.1:
 658 0000 0000     		.space	2
 659              		.text
 660              	.Letext0:
 661              		.file 2 "d:\\tools\\gcc-arm-none-eabi-10.3-2021.07\\arm-none-eabi\\include\\machine\\_default_type
 662              		.file 3 "d:\\tools\\gcc-arm-none-eabi-10.3-2021.07\\arm-none-eabi\\include\\sys\\_stdint.h"
 663              		.file 4 "Drivers/CMSIS/Device/ST/STM32F1xx/Include/stm32f103xe.h"
 664              		.file 5 "Drivers/STM32F1xx_HAL_Driver/Inc/stm32f1xx_hal_def.h"
 665              		.file 6 "Drivers/STM32F1xx_HAL_Driver/Inc/stm32f1xx_hal_gpio.h"
 666              		.file 7 "Drivers/STM32F1xx_HAL_Driver/Inc/stm32f1xx_hal_dma.h"
 667              		.file 8 "Drivers/STM32F1xx_HAL_Driver/Inc/stm32f1xx_hal_spi.h"
 668              		.file 9 "Core/Inc/touch.h"
 669              		.file 10 "Core/Inc/spi.h"
 670              		.file 11 "Core/Inc/lcd.h"
ARM GAS  C:\Users\Vento\AppData\Local\Temp\ccXk2L1w.s 			page 16


DEFINED SYMBOLS
                            *ABS*:00000000 touch.c
C:\Users\Vento\AppData\Local\Temp\ccXk2L1w.s:16     .text.ILI9341_TouchUnselect:00000000 $t
C:\Users\Vento\AppData\Local\Temp\ccXk2L1w.s:24     .text.ILI9341_TouchUnselect:00000000 ILI9341_TouchUnselect
C:\Users\Vento\AppData\Local\Temp\ccXk2L1w.s:47     .text.ILI9341_TouchUnselect:00000010 $d
C:\Users\Vento\AppData\Local\Temp\ccXk2L1w.s:52     .text.ILI9341_TouchPressed:00000000 $t
C:\Users\Vento\AppData\Local\Temp\ccXk2L1w.s:59     .text.ILI9341_TouchPressed:00000000 ILI9341_TouchPressed
C:\Users\Vento\AppData\Local\Temp\ccXk2L1w.s:83     .text.ILI9341_TouchPressed:00000014 $d
C:\Users\Vento\AppData\Local\Temp\ccXk2L1w.s:88     .text.ILI9341_TouchGetCoordinates:00000000 $t
C:\Users\Vento\AppData\Local\Temp\ccXk2L1w.s:95     .text.ILI9341_TouchGetCoordinates:00000000 ILI9341_TouchGetCoordinates
C:\Users\Vento\AppData\Local\Temp\ccXk2L1w.s:357    .text.ILI9341_TouchGetCoordinates:00000110 $d
C:\Users\Vento\AppData\Local\Temp\ccXk2L1w.s:370    .text.ILI9341_UpdateButton:00000000 $t
C:\Users\Vento\AppData\Local\Temp\ccXk2L1w.s:377    .text.ILI9341_UpdateButton:00000000 ILI9341_UpdateButton
C:\Users\Vento\AppData\Local\Temp\ccXk2L1w.s:470    .text.ILI9341_checkButton:00000000 $t
C:\Users\Vento\AppData\Local\Temp\ccXk2L1w.s:477    .text.ILI9341_checkButton:00000000 ILI9341_checkButton
C:\Users\Vento\AppData\Local\Temp\ccXk2L1w.s:639    .rodata.cmd_read_x.0:00000000 $d
C:\Users\Vento\AppData\Local\Temp\ccXk2L1w.s:643    .rodata.cmd_read_x.0:00000000 cmd_read_x.0
C:\Users\Vento\AppData\Local\Temp\ccXk2L1w.s:646    .rodata.cmd_read_y.2:00000000 $d
C:\Users\Vento\AppData\Local\Temp\ccXk2L1w.s:650    .rodata.cmd_read_y.2:00000000 cmd_read_y.2
C:\Users\Vento\AppData\Local\Temp\ccXk2L1w.s:653    .rodata.zeroes_tx.1:00000000 $d
C:\Users\Vento\AppData\Local\Temp\ccXk2L1w.s:657    .rodata.zeroes_tx.1:00000000 zeroes_tx.1

UNDEFINED SYMBOLS
HAL_GPIO_WritePin
HAL_GPIO_ReadPin
HAL_SPI_Transmit
HAL_SPI_TransmitReceive
hspi2
ILI9341_FillCircle
ILI9341_FillRectangle
