ARM GAS  C:\Users\Vento\AppData\Local\Temp\cc9YVFL2.s 			page 1


   1              		.cpu cortex-m3
   2              		.eabi_attribute 20, 1
   3              		.eabi_attribute 21, 1
   4              		.eabi_attribute 23, 3
   5              		.eabi_attribute 24, 1
   6              		.eabi_attribute 25, 1
   7              		.eabi_attribute 26, 1
   8              		.eabi_attribute 30, 1
   9              		.eabi_attribute 34, 1
  10              		.eabi_attribute 18, 4
  11              		.file	"usb.c"
  12              		.text
  13              	.Ltext0:
  14              		.cfi_sections	.debug_frame
  15              		.section	.text.MX_USB_PCD_Init,"ax",%progbits
  16              		.align	1
  17              		.global	MX_USB_PCD_Init
  18              		.arch armv7-m
  19              		.syntax unified
  20              		.thumb
  21              		.thumb_func
  22              		.fpu softvfp
  24              	MX_USB_PCD_Init:
  25              	.LFB65:
  26              		.file 1 "Core/Src/usb.c"
   1:Core/Src/usb.c **** /* USER CODE BEGIN Header */
   2:Core/Src/usb.c **** /**
   3:Core/Src/usb.c ****   ******************************************************************************
   4:Core/Src/usb.c ****   * @file    usb.c
   5:Core/Src/usb.c ****   * @brief   This file provides code for the configuration
   6:Core/Src/usb.c ****   *          of the USB instances.
   7:Core/Src/usb.c ****   ******************************************************************************
   8:Core/Src/usb.c ****   * @attention
   9:Core/Src/usb.c ****   *
  10:Core/Src/usb.c ****   * Copyright (c) 2023 STMicroelectronics.
  11:Core/Src/usb.c ****   * All rights reserved.
  12:Core/Src/usb.c ****   *
  13:Core/Src/usb.c ****   * This software is licensed under terms that can be found in the LICENSE file
  14:Core/Src/usb.c ****   * in the root directory of this software component.
  15:Core/Src/usb.c ****   * If no LICENSE file comes with this software, it is provided AS-IS.
  16:Core/Src/usb.c ****   *
  17:Core/Src/usb.c ****   ******************************************************************************
  18:Core/Src/usb.c ****   */
  19:Core/Src/usb.c **** /* USER CODE END Header */
  20:Core/Src/usb.c **** /* Includes ------------------------------------------------------------------*/
  21:Core/Src/usb.c **** #include "usb.h"
  22:Core/Src/usb.c **** 
  23:Core/Src/usb.c **** /* USER CODE BEGIN 0 */
  24:Core/Src/usb.c **** 
  25:Core/Src/usb.c **** /* USER CODE END 0 */
  26:Core/Src/usb.c **** 
  27:Core/Src/usb.c **** PCD_HandleTypeDef hpcd_USB_FS;
  28:Core/Src/usb.c **** 
  29:Core/Src/usb.c **** /* USB init function */
  30:Core/Src/usb.c **** 
  31:Core/Src/usb.c **** void MX_USB_PCD_Init(void)
  32:Core/Src/usb.c **** {
ARM GAS  C:\Users\Vento\AppData\Local\Temp\cc9YVFL2.s 			page 2


  27              		.loc 1 32 1 view -0
  28              		.cfi_startproc
  29              		@ args = 0, pretend = 0, frame = 0
  30              		@ frame_needed = 0, uses_anonymous_args = 0
  31 0000 08B5     		push	{r3, lr}
  32              	.LCFI0:
  33              		.cfi_def_cfa_offset 8
  34              		.cfi_offset 3, -8
  35              		.cfi_offset 14, -4
  33:Core/Src/usb.c **** 
  34:Core/Src/usb.c ****   /* USER CODE BEGIN USB_Init 0 */
  35:Core/Src/usb.c **** 
  36:Core/Src/usb.c ****   /* USER CODE END USB_Init 0 */
  37:Core/Src/usb.c **** 
  38:Core/Src/usb.c ****   /* USER CODE BEGIN USB_Init 1 */
  39:Core/Src/usb.c **** 
  40:Core/Src/usb.c ****   /* USER CODE END USB_Init 1 */
  41:Core/Src/usb.c ****   hpcd_USB_FS.Instance = USB;
  36              		.loc 1 41 3 view .LVU1
  37              		.loc 1 41 24 is_stmt 0 view .LVU2
  38 0002 0948     		ldr	r0, .L5
  39 0004 094B     		ldr	r3, .L5+4
  40 0006 0360     		str	r3, [r0]
  42:Core/Src/usb.c ****   hpcd_USB_FS.Init.dev_endpoints = 8;
  41              		.loc 1 42 3 is_stmt 1 view .LVU3
  42              		.loc 1 42 34 is_stmt 0 view .LVU4
  43 0008 0823     		movs	r3, #8
  44 000a 4360     		str	r3, [r0, #4]
  43:Core/Src/usb.c ****   hpcd_USB_FS.Init.speed = PCD_SPEED_FULL;
  45              		.loc 1 43 3 is_stmt 1 view .LVU5
  46              		.loc 1 43 26 is_stmt 0 view .LVU6
  47 000c 0223     		movs	r3, #2
  48 000e 8360     		str	r3, [r0, #8]
  44:Core/Src/usb.c ****   hpcd_USB_FS.Init.low_power_enable = DISABLE;
  49              		.loc 1 44 3 is_stmt 1 view .LVU7
  50              		.loc 1 44 37 is_stmt 0 view .LVU8
  51 0010 0023     		movs	r3, #0
  52 0012 8361     		str	r3, [r0, #24]
  45:Core/Src/usb.c ****   hpcd_USB_FS.Init.lpm_enable = DISABLE;
  53              		.loc 1 45 3 is_stmt 1 view .LVU9
  54              		.loc 1 45 31 is_stmt 0 view .LVU10
  55 0014 C361     		str	r3, [r0, #28]
  46:Core/Src/usb.c ****   hpcd_USB_FS.Init.battery_charging_enable = DISABLE;
  56              		.loc 1 46 3 is_stmt 1 view .LVU11
  57              		.loc 1 46 44 is_stmt 0 view .LVU12
  58 0016 0362     		str	r3, [r0, #32]
  47:Core/Src/usb.c ****   if (HAL_PCD_Init(&hpcd_USB_FS) != HAL_OK)
  59              		.loc 1 47 3 is_stmt 1 view .LVU13
  60              		.loc 1 47 7 is_stmt 0 view .LVU14
  61 0018 FFF7FEFF 		bl	HAL_PCD_Init
  62              	.LVL0:
  63              		.loc 1 47 6 view .LVU15
  64 001c 00B9     		cbnz	r0, .L4
  65              	.L1:
  48:Core/Src/usb.c ****   {
  49:Core/Src/usb.c ****     Error_Handler();
  50:Core/Src/usb.c ****   }
ARM GAS  C:\Users\Vento\AppData\Local\Temp\cc9YVFL2.s 			page 3


  51:Core/Src/usb.c ****   /* USER CODE BEGIN USB_Init 2 */
  52:Core/Src/usb.c **** 
  53:Core/Src/usb.c ****   /* USER CODE END USB_Init 2 */
  54:Core/Src/usb.c **** 
  55:Core/Src/usb.c **** }
  66              		.loc 1 55 1 view .LVU16
  67 001e 08BD     		pop	{r3, pc}
  68              	.L4:
  49:Core/Src/usb.c ****   }
  69              		.loc 1 49 5 is_stmt 1 view .LVU17
  70 0020 FFF7FEFF 		bl	Error_Handler
  71              	.LVL1:
  72              		.loc 1 55 1 is_stmt 0 view .LVU18
  73 0024 FBE7     		b	.L1
  74              	.L6:
  75 0026 00BF     		.align	2
  76              	.L5:
  77 0028 00000000 		.word	.LANCHOR0
  78 002c 005C0040 		.word	1073765376
  79              		.cfi_endproc
  80              	.LFE65:
  82              		.section	.text.HAL_PCD_MspInit,"ax",%progbits
  83              		.align	1
  84              		.global	HAL_PCD_MspInit
  85              		.syntax unified
  86              		.thumb
  87              		.thumb_func
  88              		.fpu softvfp
  90              	HAL_PCD_MspInit:
  91              	.LVL2:
  92              	.LFB66:
  56:Core/Src/usb.c **** 
  57:Core/Src/usb.c **** void HAL_PCD_MspInit(PCD_HandleTypeDef* pcdHandle)
  58:Core/Src/usb.c **** {
  93              		.loc 1 58 1 is_stmt 1 view -0
  94              		.cfi_startproc
  95              		@ args = 0, pretend = 0, frame = 8
  96              		@ frame_needed = 0, uses_anonymous_args = 0
  97              		@ link register save eliminated.
  59:Core/Src/usb.c **** 
  60:Core/Src/usb.c ****   if(pcdHandle->Instance==USB)
  98              		.loc 1 60 3 view .LVU20
  99              		.loc 1 60 15 is_stmt 0 view .LVU21
 100 0000 0268     		ldr	r2, [r0]
 101              		.loc 1 60 5 view .LVU22
 102 0002 094B     		ldr	r3, .L14
 103 0004 9A42     		cmp	r2, r3
 104 0006 00D0     		beq	.L13
 105 0008 7047     		bx	lr
 106              	.L13:
  58:Core/Src/usb.c **** 
 107              		.loc 1 58 1 view .LVU23
 108 000a 82B0     		sub	sp, sp, #8
 109              	.LCFI1:
 110              		.cfi_def_cfa_offset 8
  61:Core/Src/usb.c ****   {
  62:Core/Src/usb.c ****   /* USER CODE BEGIN USB_MspInit 0 */
ARM GAS  C:\Users\Vento\AppData\Local\Temp\cc9YVFL2.s 			page 4


  63:Core/Src/usb.c **** 
  64:Core/Src/usb.c ****   /* USER CODE END USB_MspInit 0 */
  65:Core/Src/usb.c ****     /* USB clock enable */
  66:Core/Src/usb.c ****     __HAL_RCC_USB_CLK_ENABLE();
 111              		.loc 1 66 5 is_stmt 1 view .LVU24
 112              	.LBB2:
 113              		.loc 1 66 5 view .LVU25
 114              		.loc 1 66 5 view .LVU26
 115 000c 03F5DA33 		add	r3, r3, #111616
 116 0010 DA69     		ldr	r2, [r3, #28]
 117 0012 42F40002 		orr	r2, r2, #8388608
 118 0016 DA61     		str	r2, [r3, #28]
 119              		.loc 1 66 5 view .LVU27
 120 0018 DB69     		ldr	r3, [r3, #28]
 121 001a 03F40003 		and	r3, r3, #8388608
 122 001e 0193     		str	r3, [sp, #4]
 123              		.loc 1 66 5 view .LVU28
 124 0020 019B     		ldr	r3, [sp, #4]
 125              	.LBE2:
 126              		.loc 1 66 5 view .LVU29
  67:Core/Src/usb.c ****   /* USER CODE BEGIN USB_MspInit 1 */
  68:Core/Src/usb.c **** 
  69:Core/Src/usb.c ****   /* USER CODE END USB_MspInit 1 */
  70:Core/Src/usb.c ****   }
  71:Core/Src/usb.c **** }
 127              		.loc 1 71 1 is_stmt 0 view .LVU30
 128 0022 02B0     		add	sp, sp, #8
 129              	.LCFI2:
 130              		.cfi_def_cfa_offset 0
 131              		@ sp needed
 132 0024 7047     		bx	lr
 133              	.L15:
 134 0026 00BF     		.align	2
 135              	.L14:
 136 0028 005C0040 		.word	1073765376
 137              		.cfi_endproc
 138              	.LFE66:
 140              		.section	.text.HAL_PCD_MspDeInit,"ax",%progbits
 141              		.align	1
 142              		.global	HAL_PCD_MspDeInit
 143              		.syntax unified
 144              		.thumb
 145              		.thumb_func
 146              		.fpu softvfp
 148              	HAL_PCD_MspDeInit:
 149              	.LVL3:
 150              	.LFB67:
  72:Core/Src/usb.c **** 
  73:Core/Src/usb.c **** void HAL_PCD_MspDeInit(PCD_HandleTypeDef* pcdHandle)
  74:Core/Src/usb.c **** {
 151              		.loc 1 74 1 is_stmt 1 view -0
 152              		.cfi_startproc
 153              		@ args = 0, pretend = 0, frame = 0
 154              		@ frame_needed = 0, uses_anonymous_args = 0
 155              		@ link register save eliminated.
  75:Core/Src/usb.c **** 
  76:Core/Src/usb.c ****   if(pcdHandle->Instance==USB)
ARM GAS  C:\Users\Vento\AppData\Local\Temp\cc9YVFL2.s 			page 5


 156              		.loc 1 76 3 view .LVU32
 157              		.loc 1 76 15 is_stmt 0 view .LVU33
 158 0000 0268     		ldr	r2, [r0]
 159              		.loc 1 76 5 view .LVU34
 160 0002 054B     		ldr	r3, .L19
 161 0004 9A42     		cmp	r2, r3
 162 0006 00D0     		beq	.L18
 163              	.L16:
  77:Core/Src/usb.c ****   {
  78:Core/Src/usb.c ****   /* USER CODE BEGIN USB_MspDeInit 0 */
  79:Core/Src/usb.c **** 
  80:Core/Src/usb.c ****   /* USER CODE END USB_MspDeInit 0 */
  81:Core/Src/usb.c ****     /* Peripheral clock disable */
  82:Core/Src/usb.c ****     __HAL_RCC_USB_CLK_DISABLE();
  83:Core/Src/usb.c ****   /* USER CODE BEGIN USB_MspDeInit 1 */
  84:Core/Src/usb.c **** 
  85:Core/Src/usb.c ****   /* USER CODE END USB_MspDeInit 1 */
  86:Core/Src/usb.c ****   }
  87:Core/Src/usb.c **** }
 164              		.loc 1 87 1 view .LVU35
 165 0008 7047     		bx	lr
 166              	.L18:
  82:Core/Src/usb.c ****   /* USER CODE BEGIN USB_MspDeInit 1 */
 167              		.loc 1 82 5 is_stmt 1 view .LVU36
 168 000a 044A     		ldr	r2, .L19+4
 169 000c D369     		ldr	r3, [r2, #28]
 170 000e 23F40003 		bic	r3, r3, #8388608
 171 0012 D361     		str	r3, [r2, #28]
 172              		.loc 1 87 1 is_stmt 0 view .LVU37
 173 0014 F8E7     		b	.L16
 174              	.L20:
 175 0016 00BF     		.align	2
 176              	.L19:
 177 0018 005C0040 		.word	1073765376
 178 001c 00100240 		.word	1073876992
 179              		.cfi_endproc
 180              	.LFE67:
 182              		.global	hpcd_USB_FS
 183              		.section	.bss.hpcd_USB_FS,"aw",%nobits
 184              		.align	2
 185              		.set	.LANCHOR0,. + 0
 188              	hpcd_USB_FS:
 189 0000 00000000 		.space	752
 189      00000000 
 189      00000000 
 189      00000000 
 189      00000000 
 190              		.text
 191              	.Letext0:
 192              		.file 2 "d:\\tools\\gcc-arm-none-eabi-10.3-2021.07\\arm-none-eabi\\include\\machine\\_default_type
 193              		.file 3 "d:\\tools\\gcc-arm-none-eabi-10.3-2021.07\\arm-none-eabi\\include\\sys\\_stdint.h"
 194              		.file 4 "Drivers/CMSIS/Device/ST/STM32F1xx/Include/stm32f103xb.h"
 195              		.file 5 "Drivers/CMSIS/Device/ST/STM32F1xx/Include/stm32f1xx.h"
 196              		.file 6 "Drivers/STM32F1xx_HAL_Driver/Inc/stm32f1xx_hal_def.h"
 197              		.file 7 "Drivers/STM32F1xx_HAL_Driver/Inc/stm32f1xx_ll_usb.h"
 198              		.file 8 "Drivers/STM32F1xx_HAL_Driver/Inc/stm32f1xx_hal_pcd.h"
 199              		.file 9 "Core/Inc/main.h"
ARM GAS  C:\Users\Vento\AppData\Local\Temp\cc9YVFL2.s 			page 6


 200              		.file 10 "Core/Inc/usb.h"
ARM GAS  C:\Users\Vento\AppData\Local\Temp\cc9YVFL2.s 			page 7


DEFINED SYMBOLS
                            *ABS*:00000000 usb.c
C:\Users\Vento\AppData\Local\Temp\cc9YVFL2.s:16     .text.MX_USB_PCD_Init:00000000 $t
C:\Users\Vento\AppData\Local\Temp\cc9YVFL2.s:24     .text.MX_USB_PCD_Init:00000000 MX_USB_PCD_Init
C:\Users\Vento\AppData\Local\Temp\cc9YVFL2.s:77     .text.MX_USB_PCD_Init:00000028 $d
C:\Users\Vento\AppData\Local\Temp\cc9YVFL2.s:83     .text.HAL_PCD_MspInit:00000000 $t
C:\Users\Vento\AppData\Local\Temp\cc9YVFL2.s:90     .text.HAL_PCD_MspInit:00000000 HAL_PCD_MspInit
C:\Users\Vento\AppData\Local\Temp\cc9YVFL2.s:136    .text.HAL_PCD_MspInit:00000028 $d
C:\Users\Vento\AppData\Local\Temp\cc9YVFL2.s:141    .text.HAL_PCD_MspDeInit:00000000 $t
C:\Users\Vento\AppData\Local\Temp\cc9YVFL2.s:148    .text.HAL_PCD_MspDeInit:00000000 HAL_PCD_MspDeInit
C:\Users\Vento\AppData\Local\Temp\cc9YVFL2.s:177    .text.HAL_PCD_MspDeInit:00000018 $d
C:\Users\Vento\AppData\Local\Temp\cc9YVFL2.s:188    .bss.hpcd_USB_FS:00000000 hpcd_USB_FS
C:\Users\Vento\AppData\Local\Temp\cc9YVFL2.s:184    .bss.hpcd_USB_FS:00000000 $d

UNDEFINED SYMBOLS
HAL_PCD_Init
Error_Handler
