ARM GAS  C:\Users\Vento\AppData\Local\Temp\ccLiheuc.s 			page 1


   1              		.cpu cortex-m3
   2              		.eabi_attribute 20, 1
   3              		.eabi_attribute 21, 1
   4              		.eabi_attribute 23, 3
   5              		.eabi_attribute 24, 1
   6              		.eabi_attribute 25, 1
   7              		.eabi_attribute 26, 1
   8              		.eabi_attribute 30, 1
   9              		.eabi_attribute 34, 1
  10              		.eabi_attribute 18, 4
  11              		.file	"usbd_storage_if.c"
  12              		.text
  13              	.Ltext0:
  14              		.cfi_sections	.debug_frame
  15              		.section	.text.STORAGE_Init_FS,"ax",%progbits
  16              		.align	1
  17              		.arch armv7-m
  18              		.syntax unified
  19              		.thumb
  20              		.thumb_func
  21              		.fpu softvfp
  23              	STORAGE_Init_FS:
  24              	.LVL0:
  25              	.LFB68:
  26              		.file 1 "USB_DEVICE/App/usbd_storage_if.c"
   1:USB_DEVICE/App/usbd_storage_if.c **** /* USER CODE BEGIN Header */
   2:USB_DEVICE/App/usbd_storage_if.c **** /**
   3:USB_DEVICE/App/usbd_storage_if.c ****   ******************************************************************************
   4:USB_DEVICE/App/usbd_storage_if.c ****   * @file           : usbd_storage_if.c
   5:USB_DEVICE/App/usbd_storage_if.c ****   * @version        : v2.0_Cube
   6:USB_DEVICE/App/usbd_storage_if.c ****   * @brief          : Memory management layer.
   7:USB_DEVICE/App/usbd_storage_if.c ****   ******************************************************************************
   8:USB_DEVICE/App/usbd_storage_if.c ****   * @attention
   9:USB_DEVICE/App/usbd_storage_if.c ****   *
  10:USB_DEVICE/App/usbd_storage_if.c ****   * Copyright (c) 2023 STMicroelectronics.
  11:USB_DEVICE/App/usbd_storage_if.c ****   * All rights reserved.
  12:USB_DEVICE/App/usbd_storage_if.c ****   *
  13:USB_DEVICE/App/usbd_storage_if.c ****   * This software is licensed under terms that can be found in the LICENSE file
  14:USB_DEVICE/App/usbd_storage_if.c ****   * in the root directory of this software component.
  15:USB_DEVICE/App/usbd_storage_if.c ****   * If no LICENSE file comes with this software, it is provided AS-IS.
  16:USB_DEVICE/App/usbd_storage_if.c ****   *
  17:USB_DEVICE/App/usbd_storage_if.c ****   ******************************************************************************
  18:USB_DEVICE/App/usbd_storage_if.c ****   */
  19:USB_DEVICE/App/usbd_storage_if.c **** /* USER CODE END Header */
  20:USB_DEVICE/App/usbd_storage_if.c **** 
  21:USB_DEVICE/App/usbd_storage_if.c **** /* Includes ------------------------------------------------------------------*/
  22:USB_DEVICE/App/usbd_storage_if.c **** #include "usbd_storage_if.h"
  23:USB_DEVICE/App/usbd_storage_if.c **** 
  24:USB_DEVICE/App/usbd_storage_if.c **** /* USER CODE BEGIN INCLUDE */
  25:USB_DEVICE/App/usbd_storage_if.c **** 
  26:USB_DEVICE/App/usbd_storage_if.c **** /* USER CODE END INCLUDE */
  27:USB_DEVICE/App/usbd_storage_if.c **** 
  28:USB_DEVICE/App/usbd_storage_if.c **** /* Private typedef -----------------------------------------------------------*/
  29:USB_DEVICE/App/usbd_storage_if.c **** /* Private define ------------------------------------------------------------*/
  30:USB_DEVICE/App/usbd_storage_if.c **** /* Private macro -------------------------------------------------------------*/
  31:USB_DEVICE/App/usbd_storage_if.c **** 
  32:USB_DEVICE/App/usbd_storage_if.c **** /* USER CODE BEGIN PV */
ARM GAS  C:\Users\Vento\AppData\Local\Temp\ccLiheuc.s 			page 2


  33:USB_DEVICE/App/usbd_storage_if.c **** /* Private variables ---------------------------------------------------------*/
  34:USB_DEVICE/App/usbd_storage_if.c **** 
  35:USB_DEVICE/App/usbd_storage_if.c **** /* USER CODE END PV */
  36:USB_DEVICE/App/usbd_storage_if.c **** 
  37:USB_DEVICE/App/usbd_storage_if.c **** /** @addtogroup STM32_USB_OTG_DEVICE_LIBRARY
  38:USB_DEVICE/App/usbd_storage_if.c ****   * @brief Usb device.
  39:USB_DEVICE/App/usbd_storage_if.c ****   * @{
  40:USB_DEVICE/App/usbd_storage_if.c ****   */
  41:USB_DEVICE/App/usbd_storage_if.c **** 
  42:USB_DEVICE/App/usbd_storage_if.c **** /** @defgroup USBD_STORAGE
  43:USB_DEVICE/App/usbd_storage_if.c ****   * @brief Usb mass storage device module
  44:USB_DEVICE/App/usbd_storage_if.c ****   * @{
  45:USB_DEVICE/App/usbd_storage_if.c ****   */
  46:USB_DEVICE/App/usbd_storage_if.c **** 
  47:USB_DEVICE/App/usbd_storage_if.c **** /** @defgroup USBD_STORAGE_Private_TypesDefinitions
  48:USB_DEVICE/App/usbd_storage_if.c ****   * @brief Private types.
  49:USB_DEVICE/App/usbd_storage_if.c ****   * @{
  50:USB_DEVICE/App/usbd_storage_if.c ****   */
  51:USB_DEVICE/App/usbd_storage_if.c **** 
  52:USB_DEVICE/App/usbd_storage_if.c **** /* USER CODE BEGIN PRIVATE_TYPES */
  53:USB_DEVICE/App/usbd_storage_if.c **** 
  54:USB_DEVICE/App/usbd_storage_if.c **** /* USER CODE END PRIVATE_TYPES */
  55:USB_DEVICE/App/usbd_storage_if.c **** 
  56:USB_DEVICE/App/usbd_storage_if.c **** /**
  57:USB_DEVICE/App/usbd_storage_if.c ****   * @}
  58:USB_DEVICE/App/usbd_storage_if.c ****   */
  59:USB_DEVICE/App/usbd_storage_if.c **** 
  60:USB_DEVICE/App/usbd_storage_if.c **** /** @defgroup USBD_STORAGE_Private_Defines
  61:USB_DEVICE/App/usbd_storage_if.c ****   * @brief Private defines.
  62:USB_DEVICE/App/usbd_storage_if.c ****   * @{
  63:USB_DEVICE/App/usbd_storage_if.c ****   */
  64:USB_DEVICE/App/usbd_storage_if.c **** 
  65:USB_DEVICE/App/usbd_storage_if.c **** #define STORAGE_LUN_NBR                  1
  66:USB_DEVICE/App/usbd_storage_if.c **** #define STORAGE_BLK_NBR                  0x10000
  67:USB_DEVICE/App/usbd_storage_if.c **** #define STORAGE_BLK_SIZ                  0x200
  68:USB_DEVICE/App/usbd_storage_if.c **** 
  69:USB_DEVICE/App/usbd_storage_if.c **** /* USER CODE BEGIN PRIVATE_DEFINES */
  70:USB_DEVICE/App/usbd_storage_if.c **** 
  71:USB_DEVICE/App/usbd_storage_if.c **** /* USER CODE END PRIVATE_DEFINES */
  72:USB_DEVICE/App/usbd_storage_if.c **** 
  73:USB_DEVICE/App/usbd_storage_if.c **** /**
  74:USB_DEVICE/App/usbd_storage_if.c ****   * @}
  75:USB_DEVICE/App/usbd_storage_if.c ****   */
  76:USB_DEVICE/App/usbd_storage_if.c **** 
  77:USB_DEVICE/App/usbd_storage_if.c **** /** @defgroup USBD_STORAGE_Private_Macros
  78:USB_DEVICE/App/usbd_storage_if.c ****   * @brief Private macros.
  79:USB_DEVICE/App/usbd_storage_if.c ****   * @{
  80:USB_DEVICE/App/usbd_storage_if.c ****   */
  81:USB_DEVICE/App/usbd_storage_if.c **** 
  82:USB_DEVICE/App/usbd_storage_if.c **** /* USER CODE BEGIN PRIVATE_MACRO */
  83:USB_DEVICE/App/usbd_storage_if.c **** 
  84:USB_DEVICE/App/usbd_storage_if.c **** /* USER CODE END PRIVATE_MACRO */
  85:USB_DEVICE/App/usbd_storage_if.c **** 
  86:USB_DEVICE/App/usbd_storage_if.c **** /**
  87:USB_DEVICE/App/usbd_storage_if.c ****   * @}
  88:USB_DEVICE/App/usbd_storage_if.c ****   */
  89:USB_DEVICE/App/usbd_storage_if.c **** 
ARM GAS  C:\Users\Vento\AppData\Local\Temp\ccLiheuc.s 			page 3


  90:USB_DEVICE/App/usbd_storage_if.c **** /** @defgroup USBD_STORAGE_Private_Variables
  91:USB_DEVICE/App/usbd_storage_if.c ****   * @brief Private variables.
  92:USB_DEVICE/App/usbd_storage_if.c ****   * @{
  93:USB_DEVICE/App/usbd_storage_if.c ****   */
  94:USB_DEVICE/App/usbd_storage_if.c **** 
  95:USB_DEVICE/App/usbd_storage_if.c **** /* USER CODE BEGIN INQUIRY_DATA_FS */
  96:USB_DEVICE/App/usbd_storage_if.c **** /** USB Mass storage Standard Inquiry Data. */
  97:USB_DEVICE/App/usbd_storage_if.c **** const int8_t STORAGE_Inquirydata_FS[] = {/* 36 */
  98:USB_DEVICE/App/usbd_storage_if.c **** 
  99:USB_DEVICE/App/usbd_storage_if.c ****   /* LUN 0 */
 100:USB_DEVICE/App/usbd_storage_if.c ****   0x00,
 101:USB_DEVICE/App/usbd_storage_if.c ****   0x80,
 102:USB_DEVICE/App/usbd_storage_if.c ****   0x02,
 103:USB_DEVICE/App/usbd_storage_if.c ****   0x02,
 104:USB_DEVICE/App/usbd_storage_if.c ****   (STANDARD_INQUIRY_DATA_LEN - 5),
 105:USB_DEVICE/App/usbd_storage_if.c ****   0x00,
 106:USB_DEVICE/App/usbd_storage_if.c ****   0x00,
 107:USB_DEVICE/App/usbd_storage_if.c ****   0x00,
 108:USB_DEVICE/App/usbd_storage_if.c ****   'S', 'T', 'M', ' ', ' ', ' ', ' ', ' ', /* Manufacturer : 8 bytes */
 109:USB_DEVICE/App/usbd_storage_if.c ****   'P', 'r', 'o', 'd', 'u', 'c', 't', ' ', /* Product      : 16 Bytes */
 110:USB_DEVICE/App/usbd_storage_if.c ****   ' ', ' ', ' ', ' ', ' ', ' ', ' ', ' ',
 111:USB_DEVICE/App/usbd_storage_if.c ****   '0', '.', '0' ,'1'                      /* Version      : 4 Bytes */
 112:USB_DEVICE/App/usbd_storage_if.c **** };
 113:USB_DEVICE/App/usbd_storage_if.c **** /* USER CODE END INQUIRY_DATA_FS */
 114:USB_DEVICE/App/usbd_storage_if.c **** 
 115:USB_DEVICE/App/usbd_storage_if.c **** /* USER CODE BEGIN PRIVATE_VARIABLES */
 116:USB_DEVICE/App/usbd_storage_if.c **** 
 117:USB_DEVICE/App/usbd_storage_if.c **** /* USER CODE END PRIVATE_VARIABLES */
 118:USB_DEVICE/App/usbd_storage_if.c **** 
 119:USB_DEVICE/App/usbd_storage_if.c **** /**
 120:USB_DEVICE/App/usbd_storage_if.c ****   * @}
 121:USB_DEVICE/App/usbd_storage_if.c ****   */
 122:USB_DEVICE/App/usbd_storage_if.c **** 
 123:USB_DEVICE/App/usbd_storage_if.c **** /** @defgroup USBD_STORAGE_Exported_Variables
 124:USB_DEVICE/App/usbd_storage_if.c ****   * @brief Public variables.
 125:USB_DEVICE/App/usbd_storage_if.c ****   * @{
 126:USB_DEVICE/App/usbd_storage_if.c ****   */
 127:USB_DEVICE/App/usbd_storage_if.c **** 
 128:USB_DEVICE/App/usbd_storage_if.c **** extern USBD_HandleTypeDef hUsbDeviceFS;
 129:USB_DEVICE/App/usbd_storage_if.c **** 
 130:USB_DEVICE/App/usbd_storage_if.c **** /* USER CODE BEGIN EXPORTED_VARIABLES */
 131:USB_DEVICE/App/usbd_storage_if.c **** 
 132:USB_DEVICE/App/usbd_storage_if.c **** /* USER CODE END EXPORTED_VARIABLES */
 133:USB_DEVICE/App/usbd_storage_if.c **** 
 134:USB_DEVICE/App/usbd_storage_if.c **** /**
 135:USB_DEVICE/App/usbd_storage_if.c ****   * @}
 136:USB_DEVICE/App/usbd_storage_if.c ****   */
 137:USB_DEVICE/App/usbd_storage_if.c **** 
 138:USB_DEVICE/App/usbd_storage_if.c **** /** @defgroup USBD_STORAGE_Private_FunctionPrototypes
 139:USB_DEVICE/App/usbd_storage_if.c ****   * @brief Private functions declaration.
 140:USB_DEVICE/App/usbd_storage_if.c ****   * @{
 141:USB_DEVICE/App/usbd_storage_if.c ****   */
 142:USB_DEVICE/App/usbd_storage_if.c **** 
 143:USB_DEVICE/App/usbd_storage_if.c **** static int8_t STORAGE_Init_FS(uint8_t lun);
 144:USB_DEVICE/App/usbd_storage_if.c **** static int8_t STORAGE_GetCapacity_FS(uint8_t lun, uint32_t *block_num, uint16_t *block_size);
 145:USB_DEVICE/App/usbd_storage_if.c **** static int8_t STORAGE_IsReady_FS(uint8_t lun);
 146:USB_DEVICE/App/usbd_storage_if.c **** static int8_t STORAGE_IsWriteProtected_FS(uint8_t lun);
ARM GAS  C:\Users\Vento\AppData\Local\Temp\ccLiheuc.s 			page 4


 147:USB_DEVICE/App/usbd_storage_if.c **** static int8_t STORAGE_Read_FS(uint8_t lun, uint8_t *buf, uint32_t blk_addr, uint16_t blk_len);
 148:USB_DEVICE/App/usbd_storage_if.c **** static int8_t STORAGE_Write_FS(uint8_t lun, uint8_t *buf, uint32_t blk_addr, uint16_t blk_len);
 149:USB_DEVICE/App/usbd_storage_if.c **** static int8_t STORAGE_GetMaxLun_FS(void);
 150:USB_DEVICE/App/usbd_storage_if.c **** 
 151:USB_DEVICE/App/usbd_storage_if.c **** /* USER CODE BEGIN PRIVATE_FUNCTIONS_DECLARATION */
 152:USB_DEVICE/App/usbd_storage_if.c **** 
 153:USB_DEVICE/App/usbd_storage_if.c **** /* USER CODE END PRIVATE_FUNCTIONS_DECLARATION */
 154:USB_DEVICE/App/usbd_storage_if.c **** 
 155:USB_DEVICE/App/usbd_storage_if.c **** /**
 156:USB_DEVICE/App/usbd_storage_if.c ****   * @}
 157:USB_DEVICE/App/usbd_storage_if.c ****   */
 158:USB_DEVICE/App/usbd_storage_if.c **** 
 159:USB_DEVICE/App/usbd_storage_if.c **** USBD_StorageTypeDef USBD_Storage_Interface_fops_FS =
 160:USB_DEVICE/App/usbd_storage_if.c **** {
 161:USB_DEVICE/App/usbd_storage_if.c ****   STORAGE_Init_FS,
 162:USB_DEVICE/App/usbd_storage_if.c ****   STORAGE_GetCapacity_FS,
 163:USB_DEVICE/App/usbd_storage_if.c ****   STORAGE_IsReady_FS,
 164:USB_DEVICE/App/usbd_storage_if.c ****   STORAGE_IsWriteProtected_FS,
 165:USB_DEVICE/App/usbd_storage_if.c ****   STORAGE_Read_FS,
 166:USB_DEVICE/App/usbd_storage_if.c ****   STORAGE_Write_FS,
 167:USB_DEVICE/App/usbd_storage_if.c ****   STORAGE_GetMaxLun_FS,
 168:USB_DEVICE/App/usbd_storage_if.c ****   (int8_t *)STORAGE_Inquirydata_FS
 169:USB_DEVICE/App/usbd_storage_if.c **** };
 170:USB_DEVICE/App/usbd_storage_if.c **** 
 171:USB_DEVICE/App/usbd_storage_if.c **** /* Private functions ---------------------------------------------------------*/
 172:USB_DEVICE/App/usbd_storage_if.c **** /**
 173:USB_DEVICE/App/usbd_storage_if.c ****   * @brief  Initializes over USB FS IP
 174:USB_DEVICE/App/usbd_storage_if.c ****   * @param  lun:
 175:USB_DEVICE/App/usbd_storage_if.c ****   * @retval USBD_OK if all operations are OK else USBD_FAIL
 176:USB_DEVICE/App/usbd_storage_if.c ****   */
 177:USB_DEVICE/App/usbd_storage_if.c **** int8_t STORAGE_Init_FS(uint8_t lun)
 178:USB_DEVICE/App/usbd_storage_if.c **** {
  27              		.loc 1 178 1 view -0
  28              		.cfi_startproc
  29              		@ args = 0, pretend = 0, frame = 0
  30              		@ frame_needed = 0, uses_anonymous_args = 0
  31              		@ link register save eliminated.
 179:USB_DEVICE/App/usbd_storage_if.c ****   /* USER CODE BEGIN 2 */
 180:USB_DEVICE/App/usbd_storage_if.c ****   return (USBD_OK);
  32              		.loc 1 180 3 view .LVU1
 181:USB_DEVICE/App/usbd_storage_if.c ****   /* USER CODE END 2 */
 182:USB_DEVICE/App/usbd_storage_if.c **** }
  33              		.loc 1 182 1 is_stmt 0 view .LVU2
  34 0000 0020     		movs	r0, #0
  35              	.LVL1:
  36              		.loc 1 182 1 view .LVU3
  37 0002 7047     		bx	lr
  38              		.cfi_endproc
  39              	.LFE68:
  41              		.section	.text.STORAGE_GetCapacity_FS,"ax",%progbits
  42              		.align	1
  43              		.syntax unified
  44              		.thumb
  45              		.thumb_func
  46              		.fpu softvfp
  48              	STORAGE_GetCapacity_FS:
  49              	.LVL2:
ARM GAS  C:\Users\Vento\AppData\Local\Temp\ccLiheuc.s 			page 5


  50              	.LFB69:
 183:USB_DEVICE/App/usbd_storage_if.c **** 
 184:USB_DEVICE/App/usbd_storage_if.c **** /**
 185:USB_DEVICE/App/usbd_storage_if.c ****   * @brief  .
 186:USB_DEVICE/App/usbd_storage_if.c ****   * @param  lun: .
 187:USB_DEVICE/App/usbd_storage_if.c ****   * @param  block_num: .
 188:USB_DEVICE/App/usbd_storage_if.c ****   * @param  block_size: .
 189:USB_DEVICE/App/usbd_storage_if.c ****   * @retval USBD_OK if all operations are OK else USBD_FAIL
 190:USB_DEVICE/App/usbd_storage_if.c ****   */
 191:USB_DEVICE/App/usbd_storage_if.c **** int8_t STORAGE_GetCapacity_FS(uint8_t lun, uint32_t *block_num, uint16_t *block_size)
 192:USB_DEVICE/App/usbd_storage_if.c **** {
  51              		.loc 1 192 1 is_stmt 1 view -0
  52              		.cfi_startproc
  53              		@ args = 0, pretend = 0, frame = 0
  54              		@ frame_needed = 0, uses_anonymous_args = 0
  55              		@ link register save eliminated.
 193:USB_DEVICE/App/usbd_storage_if.c ****   /* USER CODE BEGIN 3 */
 194:USB_DEVICE/App/usbd_storage_if.c ****   *block_num  = STORAGE_BLK_NBR;
  56              		.loc 1 194 3 view .LVU5
  57              		.loc 1 194 15 is_stmt 0 view .LVU6
  58 0000 4FF48033 		mov	r3, #65536
  59 0004 0B60     		str	r3, [r1]
 195:USB_DEVICE/App/usbd_storage_if.c ****   *block_size = STORAGE_BLK_SIZ;
  60              		.loc 1 195 3 is_stmt 1 view .LVU7
  61              		.loc 1 195 15 is_stmt 0 view .LVU8
  62 0006 4FF40073 		mov	r3, #512
  63 000a 1380     		strh	r3, [r2]	@ movhi
 196:USB_DEVICE/App/usbd_storage_if.c ****   return (USBD_OK);
  64              		.loc 1 196 3 is_stmt 1 view .LVU9
 197:USB_DEVICE/App/usbd_storage_if.c ****   /* USER CODE END 3 */
 198:USB_DEVICE/App/usbd_storage_if.c **** }
  65              		.loc 1 198 1 is_stmt 0 view .LVU10
  66 000c 0020     		movs	r0, #0
  67              	.LVL3:
  68              		.loc 1 198 1 view .LVU11
  69 000e 7047     		bx	lr
  70              		.cfi_endproc
  71              	.LFE69:
  73              		.section	.text.STORAGE_IsReady_FS,"ax",%progbits
  74              		.align	1
  75              		.syntax unified
  76              		.thumb
  77              		.thumb_func
  78              		.fpu softvfp
  80              	STORAGE_IsReady_FS:
  81              	.LVL4:
  82              	.LFB70:
 199:USB_DEVICE/App/usbd_storage_if.c **** 
 200:USB_DEVICE/App/usbd_storage_if.c **** /**
 201:USB_DEVICE/App/usbd_storage_if.c ****   * @brief  .
 202:USB_DEVICE/App/usbd_storage_if.c ****   * @param  lun: .
 203:USB_DEVICE/App/usbd_storage_if.c ****   * @retval USBD_OK if all operations are OK else USBD_FAIL
 204:USB_DEVICE/App/usbd_storage_if.c ****   */
 205:USB_DEVICE/App/usbd_storage_if.c **** int8_t STORAGE_IsReady_FS(uint8_t lun)
 206:USB_DEVICE/App/usbd_storage_if.c **** {
  83              		.loc 1 206 1 is_stmt 1 view -0
  84              		.cfi_startproc
ARM GAS  C:\Users\Vento\AppData\Local\Temp\ccLiheuc.s 			page 6


  85              		@ args = 0, pretend = 0, frame = 0
  86              		@ frame_needed = 0, uses_anonymous_args = 0
  87              		@ link register save eliminated.
 207:USB_DEVICE/App/usbd_storage_if.c ****   /* USER CODE BEGIN 4 */
 208:USB_DEVICE/App/usbd_storage_if.c ****   return (USBD_OK);
  88              		.loc 1 208 3 view .LVU13
 209:USB_DEVICE/App/usbd_storage_if.c ****   /* USER CODE END 4 */
 210:USB_DEVICE/App/usbd_storage_if.c **** }
  89              		.loc 1 210 1 is_stmt 0 view .LVU14
  90 0000 0020     		movs	r0, #0
  91              	.LVL5:
  92              		.loc 1 210 1 view .LVU15
  93 0002 7047     		bx	lr
  94              		.cfi_endproc
  95              	.LFE70:
  97              		.section	.text.STORAGE_IsWriteProtected_FS,"ax",%progbits
  98              		.align	1
  99              		.syntax unified
 100              		.thumb
 101              		.thumb_func
 102              		.fpu softvfp
 104              	STORAGE_IsWriteProtected_FS:
 105              	.LVL6:
 106              	.LFB71:
 211:USB_DEVICE/App/usbd_storage_if.c **** 
 212:USB_DEVICE/App/usbd_storage_if.c **** /**
 213:USB_DEVICE/App/usbd_storage_if.c ****   * @brief  .
 214:USB_DEVICE/App/usbd_storage_if.c ****   * @param  lun: .
 215:USB_DEVICE/App/usbd_storage_if.c ****   * @retval USBD_OK if all operations are OK else USBD_FAIL
 216:USB_DEVICE/App/usbd_storage_if.c ****   */
 217:USB_DEVICE/App/usbd_storage_if.c **** int8_t STORAGE_IsWriteProtected_FS(uint8_t lun)
 218:USB_DEVICE/App/usbd_storage_if.c **** {
 107              		.loc 1 218 1 is_stmt 1 view -0
 108              		.cfi_startproc
 109              		@ args = 0, pretend = 0, frame = 0
 110              		@ frame_needed = 0, uses_anonymous_args = 0
 111              		@ link register save eliminated.
 219:USB_DEVICE/App/usbd_storage_if.c ****   /* USER CODE BEGIN 5 */
 220:USB_DEVICE/App/usbd_storage_if.c ****   return (USBD_OK);
 112              		.loc 1 220 3 view .LVU17
 221:USB_DEVICE/App/usbd_storage_if.c ****   /* USER CODE END 5 */
 222:USB_DEVICE/App/usbd_storage_if.c **** }
 113              		.loc 1 222 1 is_stmt 0 view .LVU18
 114 0000 0020     		movs	r0, #0
 115              	.LVL7:
 116              		.loc 1 222 1 view .LVU19
 117 0002 7047     		bx	lr
 118              		.cfi_endproc
 119              	.LFE71:
 121              		.section	.text.STORAGE_Read_FS,"ax",%progbits
 122              		.align	1
 123              		.syntax unified
 124              		.thumb
 125              		.thumb_func
 126              		.fpu softvfp
 128              	STORAGE_Read_FS:
 129              	.LVL8:
ARM GAS  C:\Users\Vento\AppData\Local\Temp\ccLiheuc.s 			page 7


 130              	.LFB72:
 223:USB_DEVICE/App/usbd_storage_if.c **** 
 224:USB_DEVICE/App/usbd_storage_if.c **** /**
 225:USB_DEVICE/App/usbd_storage_if.c ****   * @brief  .
 226:USB_DEVICE/App/usbd_storage_if.c ****   * @param  lun: .
 227:USB_DEVICE/App/usbd_storage_if.c ****   * @retval USBD_OK if all operations are OK else USBD_FAIL
 228:USB_DEVICE/App/usbd_storage_if.c ****   */
 229:USB_DEVICE/App/usbd_storage_if.c **** int8_t STORAGE_Read_FS(uint8_t lun, uint8_t *buf, uint32_t blk_addr, uint16_t blk_len)
 230:USB_DEVICE/App/usbd_storage_if.c **** {
 131              		.loc 1 230 1 is_stmt 1 view -0
 132              		.cfi_startproc
 133              		@ args = 0, pretend = 0, frame = 0
 134              		@ frame_needed = 0, uses_anonymous_args = 0
 135              		@ link register save eliminated.
 231:USB_DEVICE/App/usbd_storage_if.c ****   /* USER CODE BEGIN 6 */
 232:USB_DEVICE/App/usbd_storage_if.c ****   return (USBD_OK);
 136              		.loc 1 232 3 view .LVU21
 233:USB_DEVICE/App/usbd_storage_if.c ****   /* USER CODE END 6 */
 234:USB_DEVICE/App/usbd_storage_if.c **** }
 137              		.loc 1 234 1 is_stmt 0 view .LVU22
 138 0000 0020     		movs	r0, #0
 139              	.LVL9:
 140              		.loc 1 234 1 view .LVU23
 141 0002 7047     		bx	lr
 142              		.cfi_endproc
 143              	.LFE72:
 145              		.section	.text.STORAGE_Write_FS,"ax",%progbits
 146              		.align	1
 147              		.syntax unified
 148              		.thumb
 149              		.thumb_func
 150              		.fpu softvfp
 152              	STORAGE_Write_FS:
 153              	.LVL10:
 154              	.LFB73:
 235:USB_DEVICE/App/usbd_storage_if.c **** 
 236:USB_DEVICE/App/usbd_storage_if.c **** /**
 237:USB_DEVICE/App/usbd_storage_if.c ****   * @brief  .
 238:USB_DEVICE/App/usbd_storage_if.c ****   * @param  lun: .
 239:USB_DEVICE/App/usbd_storage_if.c ****   * @retval USBD_OK if all operations are OK else USBD_FAIL
 240:USB_DEVICE/App/usbd_storage_if.c ****   */
 241:USB_DEVICE/App/usbd_storage_if.c **** int8_t STORAGE_Write_FS(uint8_t lun, uint8_t *buf, uint32_t blk_addr, uint16_t blk_len)
 242:USB_DEVICE/App/usbd_storage_if.c **** {
 155              		.loc 1 242 1 is_stmt 1 view -0
 156              		.cfi_startproc
 157              		@ args = 0, pretend = 0, frame = 0
 158              		@ frame_needed = 0, uses_anonymous_args = 0
 159              		@ link register save eliminated.
 243:USB_DEVICE/App/usbd_storage_if.c ****   /* USER CODE BEGIN 7 */
 244:USB_DEVICE/App/usbd_storage_if.c ****   return (USBD_OK);
 160              		.loc 1 244 3 view .LVU25
 245:USB_DEVICE/App/usbd_storage_if.c ****   /* USER CODE END 7 */
 246:USB_DEVICE/App/usbd_storage_if.c **** }
 161              		.loc 1 246 1 is_stmt 0 view .LVU26
 162 0000 0020     		movs	r0, #0
 163              	.LVL11:
 164              		.loc 1 246 1 view .LVU27
ARM GAS  C:\Users\Vento\AppData\Local\Temp\ccLiheuc.s 			page 8


 165 0002 7047     		bx	lr
 166              		.cfi_endproc
 167              	.LFE73:
 169              		.section	.text.STORAGE_GetMaxLun_FS,"ax",%progbits
 170              		.align	1
 171              		.syntax unified
 172              		.thumb
 173              		.thumb_func
 174              		.fpu softvfp
 176              	STORAGE_GetMaxLun_FS:
 177              	.LFB74:
 247:USB_DEVICE/App/usbd_storage_if.c **** 
 248:USB_DEVICE/App/usbd_storage_if.c **** /**
 249:USB_DEVICE/App/usbd_storage_if.c ****   * @brief  .
 250:USB_DEVICE/App/usbd_storage_if.c ****   * @param  None
 251:USB_DEVICE/App/usbd_storage_if.c ****   * @retval .
 252:USB_DEVICE/App/usbd_storage_if.c ****   */
 253:USB_DEVICE/App/usbd_storage_if.c **** int8_t STORAGE_GetMaxLun_FS(void)
 254:USB_DEVICE/App/usbd_storage_if.c **** {
 178              		.loc 1 254 1 is_stmt 1 view -0
 179              		.cfi_startproc
 180              		@ args = 0, pretend = 0, frame = 0
 181              		@ frame_needed = 0, uses_anonymous_args = 0
 182              		@ link register save eliminated.
 255:USB_DEVICE/App/usbd_storage_if.c ****   /* USER CODE BEGIN 8 */
 256:USB_DEVICE/App/usbd_storage_if.c ****   return (STORAGE_LUN_NBR - 1);
 183              		.loc 1 256 3 view .LVU29
 257:USB_DEVICE/App/usbd_storage_if.c ****   /* USER CODE END 8 */
 258:USB_DEVICE/App/usbd_storage_if.c **** }
 184              		.loc 1 258 1 is_stmt 0 view .LVU30
 185 0000 0020     		movs	r0, #0
 186 0002 7047     		bx	lr
 187              		.cfi_endproc
 188              	.LFE74:
 190              		.global	USBD_Storage_Interface_fops_FS
 191              		.global	STORAGE_Inquirydata_FS
 192              		.section	.data.USBD_Storage_Interface_fops_FS,"aw"
 193              		.align	2
 196              	USBD_Storage_Interface_fops_FS:
 197 0000 00000000 		.word	STORAGE_Init_FS
 198 0004 00000000 		.word	STORAGE_GetCapacity_FS
 199 0008 00000000 		.word	STORAGE_IsReady_FS
 200 000c 00000000 		.word	STORAGE_IsWriteProtected_FS
 201 0010 00000000 		.word	STORAGE_Read_FS
 202 0014 00000000 		.word	STORAGE_Write_FS
 203 0018 00000000 		.word	STORAGE_GetMaxLun_FS
 204 001c 00000000 		.word	STORAGE_Inquirydata_FS
 205              		.section	.rodata.STORAGE_Inquirydata_FS,"a"
 206              		.align	2
 209              	STORAGE_Inquirydata_FS:
 210 0000 00800202 		.ascii	"\000\200\002\002\037\000\000\000STM     Product    "
 210      1F000000 
 210      53544D20 
 210      20202020 
 210      50726F64 
 211 001b 20202020 		.ascii	"     0.01"
 211      20302E30 
ARM GAS  C:\Users\Vento\AppData\Local\Temp\ccLiheuc.s 			page 9


 211      31
 212              		.text
 213              	.Letext0:
 214              		.file 2 "d:\\tools\\gcc-arm-none-eabi-10.3-2021.07\\arm-none-eabi\\include\\machine\\_default_type
 215              		.file 3 "d:\\tools\\gcc-arm-none-eabi-10.3-2021.07\\arm-none-eabi\\include\\sys\\_stdint.h"
 216              		.file 4 "Middlewares/ST/STM32_USB_Device_Library/Class/MSC/Inc/usbd_msc.h"
 217              		.file 5 "USB_DEVICE/App/usbd_storage_if.h"
 218              		.file 6 "Middlewares/ST/STM32_USB_Device_Library/Core/Inc/usbd_def.h"
ARM GAS  C:\Users\Vento\AppData\Local\Temp\ccLiheuc.s 			page 10


DEFINED SYMBOLS
                            *ABS*:00000000 usbd_storage_if.c
C:\Users\Vento\AppData\Local\Temp\ccLiheuc.s:16     .text.STORAGE_Init_FS:00000000 $t
C:\Users\Vento\AppData\Local\Temp\ccLiheuc.s:23     .text.STORAGE_Init_FS:00000000 STORAGE_Init_FS
C:\Users\Vento\AppData\Local\Temp\ccLiheuc.s:42     .text.STORAGE_GetCapacity_FS:00000000 $t
C:\Users\Vento\AppData\Local\Temp\ccLiheuc.s:48     .text.STORAGE_GetCapacity_FS:00000000 STORAGE_GetCapacity_FS
C:\Users\Vento\AppData\Local\Temp\ccLiheuc.s:74     .text.STORAGE_IsReady_FS:00000000 $t
C:\Users\Vento\AppData\Local\Temp\ccLiheuc.s:80     .text.STORAGE_IsReady_FS:00000000 STORAGE_IsReady_FS
C:\Users\Vento\AppData\Local\Temp\ccLiheuc.s:98     .text.STORAGE_IsWriteProtected_FS:00000000 $t
C:\Users\Vento\AppData\Local\Temp\ccLiheuc.s:104    .text.STORAGE_IsWriteProtected_FS:00000000 STORAGE_IsWriteProtected_FS
C:\Users\Vento\AppData\Local\Temp\ccLiheuc.s:122    .text.STORAGE_Read_FS:00000000 $t
C:\Users\Vento\AppData\Local\Temp\ccLiheuc.s:128    .text.STORAGE_Read_FS:00000000 STORAGE_Read_FS
C:\Users\Vento\AppData\Local\Temp\ccLiheuc.s:146    .text.STORAGE_Write_FS:00000000 $t
C:\Users\Vento\AppData\Local\Temp\ccLiheuc.s:152    .text.STORAGE_Write_FS:00000000 STORAGE_Write_FS
C:\Users\Vento\AppData\Local\Temp\ccLiheuc.s:170    .text.STORAGE_GetMaxLun_FS:00000000 $t
C:\Users\Vento\AppData\Local\Temp\ccLiheuc.s:176    .text.STORAGE_GetMaxLun_FS:00000000 STORAGE_GetMaxLun_FS
C:\Users\Vento\AppData\Local\Temp\ccLiheuc.s:196    .data.USBD_Storage_Interface_fops_FS:00000000 USBD_Storage_Interface_fops_FS
C:\Users\Vento\AppData\Local\Temp\ccLiheuc.s:209    .rodata.STORAGE_Inquirydata_FS:00000000 STORAGE_Inquirydata_FS
C:\Users\Vento\AppData\Local\Temp\ccLiheuc.s:193    .data.USBD_Storage_Interface_fops_FS:00000000 $d
C:\Users\Vento\AppData\Local\Temp\ccLiheuc.s:206    .rodata.STORAGE_Inquirydata_FS:00000000 $d

NO UNDEFINED SYMBOLS
