ARM GAS  C:\Users\Acer\AppData\Local\Temp\ccUHr7Yi.s 			page 1


   1              		.cpu cortex-m3
   2              		.arch armv7-m
   3              		.fpu softvfp
   4              		.eabi_attribute 20, 1
   5              		.eabi_attribute 21, 1
   6              		.eabi_attribute 23, 3
   7              		.eabi_attribute 24, 1
   8              		.eabi_attribute 25, 1
   9              		.eabi_attribute 26, 1
  10              		.eabi_attribute 30, 1
  11              		.eabi_attribute 34, 1
  12              		.eabi_attribute 18, 4
  13              		.file	"main.c"
  14              		.text
  15              	.Ltext0:
  16              		.cfi_sections	.debug_frame
  17              		.section	.text.HAL_TIM_PeriodElapsedCallback,"ax",%progbits
  18              		.align	1
  19              		.global	HAL_TIM_PeriodElapsedCallback
  20              		.syntax unified
  21              		.thumb
  22              		.thumb_func
  24              	HAL_TIM_PeriodElapsedCallback:
  25              	.LVL0:
  26              	.LFB74:
  27              		.file 1 "Core/Src/main.c"
   1:Core/Src/main.c **** /* USER CODE BEGIN Header */
   2:Core/Src/main.c **** /**
   3:Core/Src/main.c ****   ******************************************************************************
   4:Core/Src/main.c ****   * @file           : main.c
   5:Core/Src/main.c ****   * @brief          : Main program body
   6:Core/Src/main.c ****   ******************************************************************************
   7:Core/Src/main.c ****   * @attention
   8:Core/Src/main.c ****   *
   9:Core/Src/main.c ****   * Copyright (c) 2023 STMicroelectronics.
  10:Core/Src/main.c ****   * All rights reserved.
  11:Core/Src/main.c ****   *
  12:Core/Src/main.c ****   * This software is licensed under terms that can be found in the LICENSE file
  13:Core/Src/main.c ****   * in the root directory of this software component.
  14:Core/Src/main.c ****   * If no LICENSE file comes with this software, it is provided AS-IS.
  15:Core/Src/main.c ****   *
  16:Core/Src/main.c ****   ******************************************************************************
  17:Core/Src/main.c ****   */
  18:Core/Src/main.c **** /* USER CODE END Header */
  19:Core/Src/main.c **** /* Includes ------------------------------------------------------------------*/
  20:Core/Src/main.c **** 
  21:Core/Src/main.c **** /* Private includes ----------------------------------------------------------*/
  22:Core/Src/main.c **** /* USER CODE BEGIN Includes */
  23:Core/Src/main.c **** #include <stdio.h>
  24:Core/Src/main.c **** #include <stdint.h>
  25:Core/Src/main.c **** #include <string.h>
  26:Core/Src/main.c **** #include <stdlib.h>
  27:Core/Src/main.c **** #include <math.h>
  28:Core/Src/main.c **** #include <stdbool.h>
  29:Core/Src/main.c **** #include <time.h>
  30:Core/Src/main.c **** 
  31:Core/Src/main.c **** #include "main.h"
ARM GAS  C:\Users\Acer\AppData\Local\Temp\ccUHr7Yi.s 			page 2


  32:Core/Src/main.c **** #include "cmsis_os.h"
  33:Core/Src/main.c **** #include "i2c.h"
  34:Core/Src/main.c **** #include "spi.h"
  35:Core/Src/main.c **** #include "usart.h"
  36:Core/Src/main.c **** #include "usb_device.h"
  37:Core/Src/main.c **** #include "gpio.h"
  38:Core/Src/main.c **** #include "led.h"
  39:Core/Src/main.c **** #include "sx1278.h"
  40:Core/Src/main.c **** #include "common.h"
  41:Core/Src/main.c **** /* USER CODE END Includes */
  42:Core/Src/main.c **** 
  43:Core/Src/main.c **** /* Private typedef -----------------------------------------------------------*/
  44:Core/Src/main.c **** /* USER CODE BEGIN PTD */
  45:Core/Src/main.c **** 
  46:Core/Src/main.c **** /* USER CODE END PTD */
  47:Core/Src/main.c **** 
  48:Core/Src/main.c **** /* Private define ------------------------------------------------------------*/
  49:Core/Src/main.c **** /* USER CODE BEGIN PD */
  50:Core/Src/main.c **** /* USER CODE END PD */
  51:Core/Src/main.c **** 
  52:Core/Src/main.c **** /* Private macro -------------------------------------------------------------*/
  53:Core/Src/main.c **** /* USER CODE BEGIN PM */
  54:Core/Src/main.c **** 
  55:Core/Src/main.c **** /* USER CODE END PM */
  56:Core/Src/main.c **** 
  57:Core/Src/main.c **** /* Private variables ---------------------------------------------------------*/
  58:Core/Src/main.c **** 
  59:Core/Src/main.c **** /* USER CODE BEGIN PV */
  60:Core/Src/main.c **** 
  61:Core/Src/main.c **** /* USER CODE END PV */
  62:Core/Src/main.c **** 
  63:Core/Src/main.c **** /* Private function prototypes -----------------------------------------------*/
  64:Core/Src/main.c **** void SystemClock_Config(void);
  65:Core/Src/main.c **** void MX_FREERTOS_Init(void);
  66:Core/Src/main.c **** /* USER CODE BEGIN PFP */
  67:Core/Src/main.c **** 
  68:Core/Src/main.c **** /* USER CODE END PFP */
  69:Core/Src/main.c **** 
  70:Core/Src/main.c **** /* Private user code ---------------------------------------------------------*/
  71:Core/Src/main.c **** /* USER CODE BEGIN 0 */
  72:Core/Src/main.c **** static const char *TAG = "MAIN";
  73:Core/Src/main.c **** gateway_mode_t mode = LOCAL;
  74:Core/Src/main.c **** gateway_cfg_mode_t cfg_mode = NOT_STATE;
  75:Core/Src/main.c **** //RTC_NOINIT_ATTR int gateway_mode_flag;
  76:Core/Src/main.c **** //httpd_handle_t server;
  77:Core/Src/main.c **** //RingbufHandle_t webserver_ring_buf;
  78:Core/Src/main.c **** /* USER CODE END 0 */
  79:Core/Src/main.c **** 
  80:Core/Src/main.c **** /**
  81:Core/Src/main.c ****   * @brief  The application entry point.
  82:Core/Src/main.c ****   * @retval int
  83:Core/Src/main.c ****   */
  84:Core/Src/main.c **** int main(void)
  85:Core/Src/main.c **** {
  86:Core/Src/main.c ****   /* USER CODE BEGIN 1 */
  87:Core/Src/main.c **** 
  88:Core/Src/main.c ****   /* USER CODE END 1 */
ARM GAS  C:\Users\Acer\AppData\Local\Temp\ccUHr7Yi.s 			page 3


  89:Core/Src/main.c **** 
  90:Core/Src/main.c ****   /* MCU Configuration--------------------------------------------------------*/
  91:Core/Src/main.c **** 
  92:Core/Src/main.c ****   /* Reset of all peripherals, Initializes the Flash interface and the Systick. */
  93:Core/Src/main.c ****   HAL_Init();
  94:Core/Src/main.c **** 
  95:Core/Src/main.c ****   /* USER CODE BEGIN Init */
  96:Core/Src/main.c **** 
  97:Core/Src/main.c ****   /* USER CODE END Init */
  98:Core/Src/main.c **** 
  99:Core/Src/main.c ****   /* Configure the system clock */
 100:Core/Src/main.c ****   SystemClock_Config();
 101:Core/Src/main.c **** 
 102:Core/Src/main.c ****   /* USER CODE BEGIN SysInit */
 103:Core/Src/main.c **** 
 104:Core/Src/main.c ****   /* USER CODE END SysInit */
 105:Core/Src/main.c **** 
 106:Core/Src/main.c ****   /* Initialize all configured peripherals */
 107:Core/Src/main.c ****   MX_GPIO_Init();
 108:Core/Src/main.c ****   MX_SPI1_Init();
 109:Core/Src/main.c ****   MX_SPI2_Init();
 110:Core/Src/main.c ****   MX_USART2_UART_Init();
 111:Core/Src/main.c ****   MX_I2C2_Init();
 112:Core/Src/main.c ****   /* USER CODE BEGIN 2 */
 113:Core/Src/main.c **** //  sx1278_node.node_id = 6;
 114:Core/Src/main.c **** //  char data_log[40];
 115:Core/Src/main.c **** //  sprintf(data_log, "node_id: %d", sx1278_node.node_id);
 116:Core/Src/main.c **** //  LOG(TAG,data_log);
 117:Core/Src/main.c ****   /* USER CODE END 2 */
 118:Core/Src/main.c **** 
 119:Core/Src/main.c ****   /* Init scheduler */
 120:Core/Src/main.c ****   osKernelInitialize();  /* Call init function for freertos objects (in freertos.c) */
 121:Core/Src/main.c ****   MX_FREERTOS_Init();
 122:Core/Src/main.c **** 
 123:Core/Src/main.c ****   /* Start scheduler */
 124:Core/Src/main.c ****   osKernelStart();
 125:Core/Src/main.c ****   /* We should never get here as control is now taken by the scheduler */
 126:Core/Src/main.c ****   /* Infinite loop */
 127:Core/Src/main.c ****   /* USER CODE BEGIN WHILE */
 128:Core/Src/main.c ****   while (1)
 129:Core/Src/main.c ****   {
 130:Core/Src/main.c ****     /* USER CODE END WHILE */
 131:Core/Src/main.c **** 
 132:Core/Src/main.c ****     /* USER CODE BEGIN 3 */
 133:Core/Src/main.c ****   }
 134:Core/Src/main.c ****   /* USER CODE END 3 */
 135:Core/Src/main.c **** }
 136:Core/Src/main.c **** 
 137:Core/Src/main.c **** /**
 138:Core/Src/main.c ****   * @brief System Clock Configuration
 139:Core/Src/main.c ****   * @retval None
 140:Core/Src/main.c ****   */
 141:Core/Src/main.c **** void SystemClock_Config(void)
 142:Core/Src/main.c **** {
 143:Core/Src/main.c ****   RCC_OscInitTypeDef RCC_OscInitStruct = {0};
 144:Core/Src/main.c ****   RCC_ClkInitTypeDef RCC_ClkInitStruct = {0};
 145:Core/Src/main.c ****   RCC_PeriphCLKInitTypeDef PeriphClkInit = {0};
ARM GAS  C:\Users\Acer\AppData\Local\Temp\ccUHr7Yi.s 			page 4


 146:Core/Src/main.c **** 
 147:Core/Src/main.c ****   /** Initializes the RCC Oscillators according to the specified parameters
 148:Core/Src/main.c ****   * in the RCC_OscInitTypeDef structure.
 149:Core/Src/main.c ****   */
 150:Core/Src/main.c ****   RCC_OscInitStruct.OscillatorType = RCC_OSCILLATORTYPE_HSE;
 151:Core/Src/main.c ****   RCC_OscInitStruct.HSEState = RCC_HSE_ON;
 152:Core/Src/main.c ****   RCC_OscInitStruct.HSEPredivValue = RCC_HSE_PREDIV_DIV1;
 153:Core/Src/main.c ****   RCC_OscInitStruct.HSIState = RCC_HSI_ON;
 154:Core/Src/main.c ****   RCC_OscInitStruct.PLL.PLLState = RCC_PLL_ON;
 155:Core/Src/main.c ****   RCC_OscInitStruct.PLL.PLLSource = RCC_PLLSOURCE_HSE;
 156:Core/Src/main.c ****   RCC_OscInitStruct.PLL.PLLMUL = RCC_PLL_MUL9;
 157:Core/Src/main.c ****   if (HAL_RCC_OscConfig(&RCC_OscInitStruct) != HAL_OK)
 158:Core/Src/main.c ****   {
 159:Core/Src/main.c ****     Error_Handler();
 160:Core/Src/main.c ****   }
 161:Core/Src/main.c **** 
 162:Core/Src/main.c ****   /** Initializes the CPU, AHB and APB buses clocks
 163:Core/Src/main.c ****   */
 164:Core/Src/main.c ****   RCC_ClkInitStruct.ClockType = RCC_CLOCKTYPE_HCLK|RCC_CLOCKTYPE_SYSCLK
 165:Core/Src/main.c ****                               |RCC_CLOCKTYPE_PCLK1|RCC_CLOCKTYPE_PCLK2;
 166:Core/Src/main.c ****   RCC_ClkInitStruct.SYSCLKSource = RCC_SYSCLKSOURCE_PLLCLK;
 167:Core/Src/main.c ****   RCC_ClkInitStruct.AHBCLKDivider = RCC_SYSCLK_DIV1;
 168:Core/Src/main.c ****   RCC_ClkInitStruct.APB1CLKDivider = RCC_HCLK_DIV2;
 169:Core/Src/main.c ****   RCC_ClkInitStruct.APB2CLKDivider = RCC_HCLK_DIV1;
 170:Core/Src/main.c **** 
 171:Core/Src/main.c ****   if (HAL_RCC_ClockConfig(&RCC_ClkInitStruct, FLASH_LATENCY_2) != HAL_OK)
 172:Core/Src/main.c ****   {
 173:Core/Src/main.c ****     Error_Handler();
 174:Core/Src/main.c ****   }
 175:Core/Src/main.c ****   PeriphClkInit.PeriphClockSelection = RCC_PERIPHCLK_USB;
 176:Core/Src/main.c ****   PeriphClkInit.UsbClockSelection = RCC_USBCLKSOURCE_PLL_DIV1_5;
 177:Core/Src/main.c ****   if (HAL_RCCEx_PeriphCLKConfig(&PeriphClkInit) != HAL_OK)
 178:Core/Src/main.c ****   {
 179:Core/Src/main.c ****     Error_Handler();
 180:Core/Src/main.c ****   }
 181:Core/Src/main.c **** }
 182:Core/Src/main.c **** 
 183:Core/Src/main.c **** /* USER CODE BEGIN 4 */
 184:Core/Src/main.c **** 
 185:Core/Src/main.c **** /* USER CODE END 4 */
 186:Core/Src/main.c **** 
 187:Core/Src/main.c **** /**
 188:Core/Src/main.c ****   * @brief  Period elapsed callback in non blocking mode
 189:Core/Src/main.c ****   * @note   This function is called  when TIM1 interrupt took place, inside
 190:Core/Src/main.c ****   * HAL_TIM_IRQHandler(). It makes a direct call to HAL_IncTick() to increment
 191:Core/Src/main.c ****   * a global variable "uwTick" used as application time base.
 192:Core/Src/main.c ****   * @param  htim : TIM handle
 193:Core/Src/main.c ****   * @retval None
 194:Core/Src/main.c ****   */
 195:Core/Src/main.c **** void HAL_TIM_PeriodElapsedCallback(TIM_HandleTypeDef *htim)
 196:Core/Src/main.c **** {
  28              		.loc 1 196 1 view -0
  29              		.cfi_startproc
  30              		@ args = 0, pretend = 0, frame = 0
  31              		@ frame_needed = 0, uses_anonymous_args = 0
  32              		.loc 1 196 1 is_stmt 0 view .LVU1
  33 0000 08B5     		push	{r3, lr}
ARM GAS  C:\Users\Acer\AppData\Local\Temp\ccUHr7Yi.s 			page 5


  34              	.LCFI0:
  35              		.cfi_def_cfa_offset 8
  36              		.cfi_offset 3, -8
  37              		.cfi_offset 14, -4
 197:Core/Src/main.c ****   /* USER CODE BEGIN Callback 0 */
 198:Core/Src/main.c **** 
 199:Core/Src/main.c ****   /* USER CODE END Callback 0 */
 200:Core/Src/main.c ****   if (htim->Instance == TIM1) {
  38              		.loc 1 200 3 is_stmt 1 view .LVU2
  39              		.loc 1 200 11 is_stmt 0 view .LVU3
  40 0002 0268     		ldr	r2, [r0]
  41              		.loc 1 200 6 view .LVU4
  42 0004 034B     		ldr	r3, .L5
  43 0006 9A42     		cmp	r2, r3
  44 0008 00D0     		beq	.L4
  45              	.LVL1:
  46              	.L1:
 201:Core/Src/main.c ****     HAL_IncTick();
 202:Core/Src/main.c ****   }
 203:Core/Src/main.c ****   /* USER CODE BEGIN Callback 1 */
 204:Core/Src/main.c **** 
 205:Core/Src/main.c ****   /* USER CODE END Callback 1 */
 206:Core/Src/main.c **** }
  47              		.loc 1 206 1 view .LVU5
  48 000a 08BD     		pop	{r3, pc}
  49              	.LVL2:
  50              	.L4:
 201:Core/Src/main.c ****     HAL_IncTick();
  51              		.loc 1 201 5 is_stmt 1 view .LVU6
  52 000c FFF7FEFF 		bl	HAL_IncTick
  53              	.LVL3:
  54              		.loc 1 206 1 is_stmt 0 view .LVU7
  55 0010 FBE7     		b	.L1
  56              	.L6:
  57 0012 00BF     		.align	2
  58              	.L5:
  59 0014 002C0140 		.word	1073818624
  60              		.cfi_endproc
  61              	.LFE74:
  63              		.section	.text.Error_Handler,"ax",%progbits
  64              		.align	1
  65              		.global	Error_Handler
  66              		.syntax unified
  67              		.thumb
  68              		.thumb_func
  70              	Error_Handler:
  71              	.LFB75:
 207:Core/Src/main.c **** 
 208:Core/Src/main.c **** /**
 209:Core/Src/main.c ****   * @brief  This function is executed in case of error occurrence.
 210:Core/Src/main.c ****   * @retval None
 211:Core/Src/main.c ****   */
 212:Core/Src/main.c **** void Error_Handler(void)
 213:Core/Src/main.c **** {
  72              		.loc 1 213 1 is_stmt 1 view -0
  73              		.cfi_startproc
  74              		@ Volatile: function does not return.
ARM GAS  C:\Users\Acer\AppData\Local\Temp\ccUHr7Yi.s 			page 6


  75              		@ args = 0, pretend = 0, frame = 0
  76              		@ frame_needed = 0, uses_anonymous_args = 0
  77              		@ link register save eliminated.
 214:Core/Src/main.c ****   /* USER CODE BEGIN Error_Handler_Debug */
 215:Core/Src/main.c ****   /* User can add his own implementation to report the HAL error return state */
 216:Core/Src/main.c ****   __disable_irq();
  78              		.loc 1 216 3 view .LVU9
  79              	.LBB4:
  80              	.LBI4:
  81              		.file 2 "Drivers/CMSIS/Include/cmsis_gcc.h"
   1:Drivers/CMSIS/Include/cmsis_gcc.h **** /**************************************************************************//**
   2:Drivers/CMSIS/Include/cmsis_gcc.h ****  * @file     cmsis_gcc.h
   3:Drivers/CMSIS/Include/cmsis_gcc.h ****  * @brief    CMSIS compiler GCC header file
   4:Drivers/CMSIS/Include/cmsis_gcc.h ****  * @version  V5.0.4
   5:Drivers/CMSIS/Include/cmsis_gcc.h ****  * @date     09. April 2018
   6:Drivers/CMSIS/Include/cmsis_gcc.h ****  ******************************************************************************/
   7:Drivers/CMSIS/Include/cmsis_gcc.h **** /*
   8:Drivers/CMSIS/Include/cmsis_gcc.h ****  * Copyright (c) 2009-2018 Arm Limited. All rights reserved.
   9:Drivers/CMSIS/Include/cmsis_gcc.h ****  *
  10:Drivers/CMSIS/Include/cmsis_gcc.h ****  * SPDX-License-Identifier: Apache-2.0
  11:Drivers/CMSIS/Include/cmsis_gcc.h ****  *
  12:Drivers/CMSIS/Include/cmsis_gcc.h ****  * Licensed under the Apache License, Version 2.0 (the License); you may
  13:Drivers/CMSIS/Include/cmsis_gcc.h ****  * not use this file except in compliance with the License.
  14:Drivers/CMSIS/Include/cmsis_gcc.h ****  * You may obtain a copy of the License at
  15:Drivers/CMSIS/Include/cmsis_gcc.h ****  *
  16:Drivers/CMSIS/Include/cmsis_gcc.h ****  * www.apache.org/licenses/LICENSE-2.0
  17:Drivers/CMSIS/Include/cmsis_gcc.h ****  *
  18:Drivers/CMSIS/Include/cmsis_gcc.h ****  * Unless required by applicable law or agreed to in writing, software
  19:Drivers/CMSIS/Include/cmsis_gcc.h ****  * distributed under the License is distributed on an AS IS BASIS, WITHOUT
  20:Drivers/CMSIS/Include/cmsis_gcc.h ****  * WARRANTIES OR CONDITIONS OF ANY KIND, either express or implied.
  21:Drivers/CMSIS/Include/cmsis_gcc.h ****  * See the License for the specific language governing permissions and
  22:Drivers/CMSIS/Include/cmsis_gcc.h ****  * limitations under the License.
  23:Drivers/CMSIS/Include/cmsis_gcc.h ****  */
  24:Drivers/CMSIS/Include/cmsis_gcc.h **** 
  25:Drivers/CMSIS/Include/cmsis_gcc.h **** #ifndef __CMSIS_GCC_H
  26:Drivers/CMSIS/Include/cmsis_gcc.h **** #define __CMSIS_GCC_H
  27:Drivers/CMSIS/Include/cmsis_gcc.h **** 
  28:Drivers/CMSIS/Include/cmsis_gcc.h **** /* ignore some GCC warnings */
  29:Drivers/CMSIS/Include/cmsis_gcc.h **** #pragma GCC diagnostic push
  30:Drivers/CMSIS/Include/cmsis_gcc.h **** #pragma GCC diagnostic ignored "-Wsign-conversion"
  31:Drivers/CMSIS/Include/cmsis_gcc.h **** #pragma GCC diagnostic ignored "-Wconversion"
  32:Drivers/CMSIS/Include/cmsis_gcc.h **** #pragma GCC diagnostic ignored "-Wunused-parameter"
  33:Drivers/CMSIS/Include/cmsis_gcc.h **** 
  34:Drivers/CMSIS/Include/cmsis_gcc.h **** /* Fallback for __has_builtin */
  35:Drivers/CMSIS/Include/cmsis_gcc.h **** #ifndef __has_builtin
  36:Drivers/CMSIS/Include/cmsis_gcc.h ****   #define __has_builtin(x) (0)
  37:Drivers/CMSIS/Include/cmsis_gcc.h **** #endif
  38:Drivers/CMSIS/Include/cmsis_gcc.h **** 
  39:Drivers/CMSIS/Include/cmsis_gcc.h **** /* CMSIS compiler specific defines */
  40:Drivers/CMSIS/Include/cmsis_gcc.h **** #ifndef   __ASM
  41:Drivers/CMSIS/Include/cmsis_gcc.h ****   #define __ASM                                  __asm
  42:Drivers/CMSIS/Include/cmsis_gcc.h **** #endif
  43:Drivers/CMSIS/Include/cmsis_gcc.h **** #ifndef   __INLINE
  44:Drivers/CMSIS/Include/cmsis_gcc.h ****   #define __INLINE                               inline
  45:Drivers/CMSIS/Include/cmsis_gcc.h **** #endif
  46:Drivers/CMSIS/Include/cmsis_gcc.h **** #ifndef   __STATIC_INLINE
  47:Drivers/CMSIS/Include/cmsis_gcc.h ****   #define __STATIC_INLINE                        static inline
ARM GAS  C:\Users\Acer\AppData\Local\Temp\ccUHr7Yi.s 			page 7


  48:Drivers/CMSIS/Include/cmsis_gcc.h **** #endif
  49:Drivers/CMSIS/Include/cmsis_gcc.h **** #ifndef   __STATIC_FORCEINLINE                 
  50:Drivers/CMSIS/Include/cmsis_gcc.h ****   #define __STATIC_FORCEINLINE                   __attribute__((always_inline)) static inline
  51:Drivers/CMSIS/Include/cmsis_gcc.h **** #endif                                           
  52:Drivers/CMSIS/Include/cmsis_gcc.h **** #ifndef   __NO_RETURN
  53:Drivers/CMSIS/Include/cmsis_gcc.h ****   #define __NO_RETURN                            __attribute__((__noreturn__))
  54:Drivers/CMSIS/Include/cmsis_gcc.h **** #endif
  55:Drivers/CMSIS/Include/cmsis_gcc.h **** #ifndef   __USED
  56:Drivers/CMSIS/Include/cmsis_gcc.h ****   #define __USED                                 __attribute__((used))
  57:Drivers/CMSIS/Include/cmsis_gcc.h **** #endif
  58:Drivers/CMSIS/Include/cmsis_gcc.h **** #ifndef   __WEAK
  59:Drivers/CMSIS/Include/cmsis_gcc.h ****   #define __WEAK                                 __attribute__((weak))
  60:Drivers/CMSIS/Include/cmsis_gcc.h **** #endif
  61:Drivers/CMSIS/Include/cmsis_gcc.h **** #ifndef   __PACKED
  62:Drivers/CMSIS/Include/cmsis_gcc.h ****   #define __PACKED                               __attribute__((packed, aligned(1)))
  63:Drivers/CMSIS/Include/cmsis_gcc.h **** #endif
  64:Drivers/CMSIS/Include/cmsis_gcc.h **** #ifndef   __PACKED_STRUCT
  65:Drivers/CMSIS/Include/cmsis_gcc.h ****   #define __PACKED_STRUCT                        struct __attribute__((packed, aligned(1)))
  66:Drivers/CMSIS/Include/cmsis_gcc.h **** #endif
  67:Drivers/CMSIS/Include/cmsis_gcc.h **** #ifndef   __PACKED_UNION
  68:Drivers/CMSIS/Include/cmsis_gcc.h ****   #define __PACKED_UNION                         union __attribute__((packed, aligned(1)))
  69:Drivers/CMSIS/Include/cmsis_gcc.h **** #endif
  70:Drivers/CMSIS/Include/cmsis_gcc.h **** #ifndef   __UNALIGNED_UINT32        /* deprecated */
  71:Drivers/CMSIS/Include/cmsis_gcc.h ****   #pragma GCC diagnostic push
  72:Drivers/CMSIS/Include/cmsis_gcc.h ****   #pragma GCC diagnostic ignored "-Wpacked"
  73:Drivers/CMSIS/Include/cmsis_gcc.h ****   #pragma GCC diagnostic ignored "-Wattributes"
  74:Drivers/CMSIS/Include/cmsis_gcc.h ****   struct __attribute__((packed)) T_UINT32 { uint32_t v; };
  75:Drivers/CMSIS/Include/cmsis_gcc.h ****   #pragma GCC diagnostic pop
  76:Drivers/CMSIS/Include/cmsis_gcc.h ****   #define __UNALIGNED_UINT32(x)                  (((struct T_UINT32 *)(x))->v)
  77:Drivers/CMSIS/Include/cmsis_gcc.h **** #endif
  78:Drivers/CMSIS/Include/cmsis_gcc.h **** #ifndef   __UNALIGNED_UINT16_WRITE
  79:Drivers/CMSIS/Include/cmsis_gcc.h ****   #pragma GCC diagnostic push
  80:Drivers/CMSIS/Include/cmsis_gcc.h ****   #pragma GCC diagnostic ignored "-Wpacked"
  81:Drivers/CMSIS/Include/cmsis_gcc.h ****   #pragma GCC diagnostic ignored "-Wattributes"
  82:Drivers/CMSIS/Include/cmsis_gcc.h ****   __PACKED_STRUCT T_UINT16_WRITE { uint16_t v; };
  83:Drivers/CMSIS/Include/cmsis_gcc.h ****   #pragma GCC diagnostic pop
  84:Drivers/CMSIS/Include/cmsis_gcc.h ****   #define __UNALIGNED_UINT16_WRITE(addr, val)    (void)((((struct T_UINT16_WRITE *)(void *)(addr))-
  85:Drivers/CMSIS/Include/cmsis_gcc.h **** #endif
  86:Drivers/CMSIS/Include/cmsis_gcc.h **** #ifndef   __UNALIGNED_UINT16_READ
  87:Drivers/CMSIS/Include/cmsis_gcc.h ****   #pragma GCC diagnostic push
  88:Drivers/CMSIS/Include/cmsis_gcc.h ****   #pragma GCC diagnostic ignored "-Wpacked"
  89:Drivers/CMSIS/Include/cmsis_gcc.h ****   #pragma GCC diagnostic ignored "-Wattributes"
  90:Drivers/CMSIS/Include/cmsis_gcc.h ****   __PACKED_STRUCT T_UINT16_READ { uint16_t v; };
  91:Drivers/CMSIS/Include/cmsis_gcc.h ****   #pragma GCC diagnostic pop
  92:Drivers/CMSIS/Include/cmsis_gcc.h ****   #define __UNALIGNED_UINT16_READ(addr)          (((const struct T_UINT16_READ *)(const void *)(add
  93:Drivers/CMSIS/Include/cmsis_gcc.h **** #endif
  94:Drivers/CMSIS/Include/cmsis_gcc.h **** #ifndef   __UNALIGNED_UINT32_WRITE
  95:Drivers/CMSIS/Include/cmsis_gcc.h ****   #pragma GCC diagnostic push
  96:Drivers/CMSIS/Include/cmsis_gcc.h ****   #pragma GCC diagnostic ignored "-Wpacked"
  97:Drivers/CMSIS/Include/cmsis_gcc.h ****   #pragma GCC diagnostic ignored "-Wattributes"
  98:Drivers/CMSIS/Include/cmsis_gcc.h ****   __PACKED_STRUCT T_UINT32_WRITE { uint32_t v; };
  99:Drivers/CMSIS/Include/cmsis_gcc.h ****   #pragma GCC diagnostic pop
 100:Drivers/CMSIS/Include/cmsis_gcc.h ****   #define __UNALIGNED_UINT32_WRITE(addr, val)    (void)((((struct T_UINT32_WRITE *)(void *)(addr))-
 101:Drivers/CMSIS/Include/cmsis_gcc.h **** #endif
 102:Drivers/CMSIS/Include/cmsis_gcc.h **** #ifndef   __UNALIGNED_UINT32_READ
 103:Drivers/CMSIS/Include/cmsis_gcc.h ****   #pragma GCC diagnostic push
 104:Drivers/CMSIS/Include/cmsis_gcc.h ****   #pragma GCC diagnostic ignored "-Wpacked"
ARM GAS  C:\Users\Acer\AppData\Local\Temp\ccUHr7Yi.s 			page 8


 105:Drivers/CMSIS/Include/cmsis_gcc.h ****   #pragma GCC diagnostic ignored "-Wattributes"
 106:Drivers/CMSIS/Include/cmsis_gcc.h ****   __PACKED_STRUCT T_UINT32_READ { uint32_t v; };
 107:Drivers/CMSIS/Include/cmsis_gcc.h ****   #pragma GCC diagnostic pop
 108:Drivers/CMSIS/Include/cmsis_gcc.h ****   #define __UNALIGNED_UINT32_READ(addr)          (((const struct T_UINT32_READ *)(const void *)(add
 109:Drivers/CMSIS/Include/cmsis_gcc.h **** #endif
 110:Drivers/CMSIS/Include/cmsis_gcc.h **** #ifndef   __ALIGNED
 111:Drivers/CMSIS/Include/cmsis_gcc.h ****   #define __ALIGNED(x)                           __attribute__((aligned(x)))
 112:Drivers/CMSIS/Include/cmsis_gcc.h **** #endif
 113:Drivers/CMSIS/Include/cmsis_gcc.h **** #ifndef   __RESTRICT
 114:Drivers/CMSIS/Include/cmsis_gcc.h ****   #define __RESTRICT                             __restrict
 115:Drivers/CMSIS/Include/cmsis_gcc.h **** #endif
 116:Drivers/CMSIS/Include/cmsis_gcc.h **** 
 117:Drivers/CMSIS/Include/cmsis_gcc.h **** 
 118:Drivers/CMSIS/Include/cmsis_gcc.h **** /* ###########################  Core Function Access  ########################### */
 119:Drivers/CMSIS/Include/cmsis_gcc.h **** /** \ingroup  CMSIS_Core_FunctionInterface
 120:Drivers/CMSIS/Include/cmsis_gcc.h ****     \defgroup CMSIS_Core_RegAccFunctions CMSIS Core Register Access Functions
 121:Drivers/CMSIS/Include/cmsis_gcc.h ****   @{
 122:Drivers/CMSIS/Include/cmsis_gcc.h ****  */
 123:Drivers/CMSIS/Include/cmsis_gcc.h **** 
 124:Drivers/CMSIS/Include/cmsis_gcc.h **** /**
 125:Drivers/CMSIS/Include/cmsis_gcc.h ****   \brief   Enable IRQ Interrupts
 126:Drivers/CMSIS/Include/cmsis_gcc.h ****   \details Enables IRQ interrupts by clearing the I-bit in the CPSR.
 127:Drivers/CMSIS/Include/cmsis_gcc.h ****            Can only be executed in Privileged modes.
 128:Drivers/CMSIS/Include/cmsis_gcc.h ****  */
 129:Drivers/CMSIS/Include/cmsis_gcc.h **** __STATIC_FORCEINLINE void __enable_irq(void)
 130:Drivers/CMSIS/Include/cmsis_gcc.h **** {
 131:Drivers/CMSIS/Include/cmsis_gcc.h ****   __ASM volatile ("cpsie i" : : : "memory");
 132:Drivers/CMSIS/Include/cmsis_gcc.h **** }
 133:Drivers/CMSIS/Include/cmsis_gcc.h **** 
 134:Drivers/CMSIS/Include/cmsis_gcc.h **** 
 135:Drivers/CMSIS/Include/cmsis_gcc.h **** /**
 136:Drivers/CMSIS/Include/cmsis_gcc.h ****   \brief   Disable IRQ Interrupts
 137:Drivers/CMSIS/Include/cmsis_gcc.h ****   \details Disables IRQ interrupts by setting the I-bit in the CPSR.
 138:Drivers/CMSIS/Include/cmsis_gcc.h ****            Can only be executed in Privileged modes.
 139:Drivers/CMSIS/Include/cmsis_gcc.h ****  */
 140:Drivers/CMSIS/Include/cmsis_gcc.h **** __STATIC_FORCEINLINE void __disable_irq(void)
  82              		.loc 2 140 27 view .LVU10
  83              	.LBB5:
 141:Drivers/CMSIS/Include/cmsis_gcc.h **** {
 142:Drivers/CMSIS/Include/cmsis_gcc.h ****   __ASM volatile ("cpsid i" : : : "memory");
  84              		.loc 2 142 3 view .LVU11
  85              		.syntax unified
  86              	@ 142 "Drivers/CMSIS/Include/cmsis_gcc.h" 1
  87 0000 72B6     		cpsid i
  88              	@ 0 "" 2
  89              		.thumb
  90              		.syntax unified
  91              	.L8:
  92              	.LBE5:
  93              	.LBE4:
 217:Core/Src/main.c ****   while (1)
  94              		.loc 1 217 3 discriminator 1 view .LVU12
 218:Core/Src/main.c ****   {
 219:Core/Src/main.c ****   }
  95              		.loc 1 219 3 discriminator 1 view .LVU13
 217:Core/Src/main.c ****   while (1)
  96              		.loc 1 217 9 discriminator 1 view .LVU14
ARM GAS  C:\Users\Acer\AppData\Local\Temp\ccUHr7Yi.s 			page 9


  97 0002 FEE7     		b	.L8
  98              		.cfi_endproc
  99              	.LFE75:
 101              		.section	.text.SystemClock_Config,"ax",%progbits
 102              		.align	1
 103              		.global	SystemClock_Config
 104              		.syntax unified
 105              		.thumb
 106              		.thumb_func
 108              	SystemClock_Config:
 109              	.LFB73:
 142:Core/Src/main.c ****   RCC_OscInitTypeDef RCC_OscInitStruct = {0};
 110              		.loc 1 142 1 view -0
 111              		.cfi_startproc
 112              		@ args = 0, pretend = 0, frame = 88
 113              		@ frame_needed = 0, uses_anonymous_args = 0
 114 0000 00B5     		push	{lr}
 115              	.LCFI1:
 116              		.cfi_def_cfa_offset 4
 117              		.cfi_offset 14, -4
 118 0002 97B0     		sub	sp, sp, #92
 119              	.LCFI2:
 120              		.cfi_def_cfa_offset 96
 143:Core/Src/main.c ****   RCC_ClkInitTypeDef RCC_ClkInitStruct = {0};
 121              		.loc 1 143 3 view .LVU16
 143:Core/Src/main.c ****   RCC_ClkInitTypeDef RCC_ClkInitStruct = {0};
 122              		.loc 1 143 22 is_stmt 0 view .LVU17
 123 0004 2822     		movs	r2, #40
 124 0006 0021     		movs	r1, #0
 125 0008 0CA8     		add	r0, sp, #48
 126 000a FFF7FEFF 		bl	memset
 127              	.LVL4:
 144:Core/Src/main.c ****   RCC_PeriphCLKInitTypeDef PeriphClkInit = {0};
 128              		.loc 1 144 3 is_stmt 1 view .LVU18
 144:Core/Src/main.c ****   RCC_PeriphCLKInitTypeDef PeriphClkInit = {0};
 129              		.loc 1 144 22 is_stmt 0 view .LVU19
 130 000e 0023     		movs	r3, #0
 131 0010 0793     		str	r3, [sp, #28]
 132 0012 0893     		str	r3, [sp, #32]
 133 0014 0993     		str	r3, [sp, #36]
 134 0016 0A93     		str	r3, [sp, #40]
 135 0018 0B93     		str	r3, [sp, #44]
 145:Core/Src/main.c **** 
 136              		.loc 1 145 3 is_stmt 1 view .LVU20
 145:Core/Src/main.c **** 
 137              		.loc 1 145 28 is_stmt 0 view .LVU21
 138 001a 0193     		str	r3, [sp, #4]
 139 001c 0293     		str	r3, [sp, #8]
 140 001e 0393     		str	r3, [sp, #12]
 141 0020 0493     		str	r3, [sp, #16]
 142 0022 0593     		str	r3, [sp, #20]
 143 0024 0693     		str	r3, [sp, #24]
 150:Core/Src/main.c ****   RCC_OscInitStruct.HSEState = RCC_HSE_ON;
 144              		.loc 1 150 3 is_stmt 1 view .LVU22
 150:Core/Src/main.c ****   RCC_OscInitStruct.HSEState = RCC_HSE_ON;
 145              		.loc 1 150 36 is_stmt 0 view .LVU23
 146 0026 0122     		movs	r2, #1
ARM GAS  C:\Users\Acer\AppData\Local\Temp\ccUHr7Yi.s 			page 10


 147 0028 0C92     		str	r2, [sp, #48]
 151:Core/Src/main.c ****   RCC_OscInitStruct.HSEPredivValue = RCC_HSE_PREDIV_DIV1;
 148              		.loc 1 151 3 is_stmt 1 view .LVU24
 151:Core/Src/main.c ****   RCC_OscInitStruct.HSEPredivValue = RCC_HSE_PREDIV_DIV1;
 149              		.loc 1 151 30 is_stmt 0 view .LVU25
 150 002a 4FF48033 		mov	r3, #65536
 151 002e 0D93     		str	r3, [sp, #52]
 152:Core/Src/main.c ****   RCC_OscInitStruct.HSIState = RCC_HSI_ON;
 152              		.loc 1 152 3 is_stmt 1 view .LVU26
 153:Core/Src/main.c ****   RCC_OscInitStruct.PLL.PLLState = RCC_PLL_ON;
 153              		.loc 1 153 3 view .LVU27
 153:Core/Src/main.c ****   RCC_OscInitStruct.PLL.PLLState = RCC_PLL_ON;
 154              		.loc 1 153 30 is_stmt 0 view .LVU28
 155 0030 1092     		str	r2, [sp, #64]
 154:Core/Src/main.c ****   RCC_OscInitStruct.PLL.PLLSource = RCC_PLLSOURCE_HSE;
 156              		.loc 1 154 3 is_stmt 1 view .LVU29
 154:Core/Src/main.c ****   RCC_OscInitStruct.PLL.PLLSource = RCC_PLLSOURCE_HSE;
 157              		.loc 1 154 34 is_stmt 0 view .LVU30
 158 0032 0222     		movs	r2, #2
 159 0034 1392     		str	r2, [sp, #76]
 155:Core/Src/main.c ****   RCC_OscInitStruct.PLL.PLLMUL = RCC_PLL_MUL9;
 160              		.loc 1 155 3 is_stmt 1 view .LVU31
 155:Core/Src/main.c ****   RCC_OscInitStruct.PLL.PLLMUL = RCC_PLL_MUL9;
 161              		.loc 1 155 35 is_stmt 0 view .LVU32
 162 0036 1493     		str	r3, [sp, #80]
 156:Core/Src/main.c ****   if (HAL_RCC_OscConfig(&RCC_OscInitStruct) != HAL_OK)
 163              		.loc 1 156 3 is_stmt 1 view .LVU33
 156:Core/Src/main.c ****   if (HAL_RCC_OscConfig(&RCC_OscInitStruct) != HAL_OK)
 164              		.loc 1 156 32 is_stmt 0 view .LVU34
 165 0038 4FF4E013 		mov	r3, #1835008
 166 003c 1593     		str	r3, [sp, #84]
 157:Core/Src/main.c ****   {
 167              		.loc 1 157 3 is_stmt 1 view .LVU35
 157:Core/Src/main.c ****   {
 168              		.loc 1 157 7 is_stmt 0 view .LVU36
 169 003e 0CA8     		add	r0, sp, #48
 170 0040 FFF7FEFF 		bl	HAL_RCC_OscConfig
 171              	.LVL5:
 157:Core/Src/main.c ****   {
 172              		.loc 1 157 6 view .LVU37
 173 0044 C0B9     		cbnz	r0, .L14
 164:Core/Src/main.c ****                               |RCC_CLOCKTYPE_PCLK1|RCC_CLOCKTYPE_PCLK2;
 174              		.loc 1 164 3 is_stmt 1 view .LVU38
 164:Core/Src/main.c ****                               |RCC_CLOCKTYPE_PCLK1|RCC_CLOCKTYPE_PCLK2;
 175              		.loc 1 164 31 is_stmt 0 view .LVU39
 176 0046 0F23     		movs	r3, #15
 177 0048 0793     		str	r3, [sp, #28]
 166:Core/Src/main.c ****   RCC_ClkInitStruct.AHBCLKDivider = RCC_SYSCLK_DIV1;
 178              		.loc 1 166 3 is_stmt 1 view .LVU40
 166:Core/Src/main.c ****   RCC_ClkInitStruct.AHBCLKDivider = RCC_SYSCLK_DIV1;
 179              		.loc 1 166 34 is_stmt 0 view .LVU41
 180 004a 0221     		movs	r1, #2
 181 004c 0891     		str	r1, [sp, #32]
 167:Core/Src/main.c ****   RCC_ClkInitStruct.APB1CLKDivider = RCC_HCLK_DIV2;
 182              		.loc 1 167 3 is_stmt 1 view .LVU42
 167:Core/Src/main.c ****   RCC_ClkInitStruct.APB1CLKDivider = RCC_HCLK_DIV2;
 183              		.loc 1 167 35 is_stmt 0 view .LVU43
ARM GAS  C:\Users\Acer\AppData\Local\Temp\ccUHr7Yi.s 			page 11


 184 004e 0023     		movs	r3, #0
 185 0050 0993     		str	r3, [sp, #36]
 168:Core/Src/main.c ****   RCC_ClkInitStruct.APB2CLKDivider = RCC_HCLK_DIV1;
 186              		.loc 1 168 3 is_stmt 1 view .LVU44
 168:Core/Src/main.c ****   RCC_ClkInitStruct.APB2CLKDivider = RCC_HCLK_DIV1;
 187              		.loc 1 168 36 is_stmt 0 view .LVU45
 188 0052 4FF48062 		mov	r2, #1024
 189 0056 0A92     		str	r2, [sp, #40]
 169:Core/Src/main.c **** 
 190              		.loc 1 169 3 is_stmt 1 view .LVU46
 169:Core/Src/main.c **** 
 191              		.loc 1 169 36 is_stmt 0 view .LVU47
 192 0058 0B93     		str	r3, [sp, #44]
 171:Core/Src/main.c ****   {
 193              		.loc 1 171 3 is_stmt 1 view .LVU48
 171:Core/Src/main.c ****   {
 194              		.loc 1 171 7 is_stmt 0 view .LVU49
 195 005a 07A8     		add	r0, sp, #28
 196 005c FFF7FEFF 		bl	HAL_RCC_ClockConfig
 197              	.LVL6:
 171:Core/Src/main.c ****   {
 198              		.loc 1 171 6 view .LVU50
 199 0060 60B9     		cbnz	r0, .L15
 175:Core/Src/main.c ****   PeriphClkInit.UsbClockSelection = RCC_USBCLKSOURCE_PLL_DIV1_5;
 200              		.loc 1 175 3 is_stmt 1 view .LVU51
 175:Core/Src/main.c ****   PeriphClkInit.UsbClockSelection = RCC_USBCLKSOURCE_PLL_DIV1_5;
 201              		.loc 1 175 38 is_stmt 0 view .LVU52
 202 0062 1023     		movs	r3, #16
 203 0064 0193     		str	r3, [sp, #4]
 176:Core/Src/main.c ****   if (HAL_RCCEx_PeriphCLKConfig(&PeriphClkInit) != HAL_OK)
 204              		.loc 1 176 3 is_stmt 1 view .LVU53
 176:Core/Src/main.c ****   if (HAL_RCCEx_PeriphCLKConfig(&PeriphClkInit) != HAL_OK)
 205              		.loc 1 176 35 is_stmt 0 view .LVU54
 206 0066 0023     		movs	r3, #0
 207 0068 0693     		str	r3, [sp, #24]
 177:Core/Src/main.c ****   {
 208              		.loc 1 177 3 is_stmt 1 view .LVU55
 177:Core/Src/main.c ****   {
 209              		.loc 1 177 7 is_stmt 0 view .LVU56
 210 006a 01A8     		add	r0, sp, #4
 211 006c FFF7FEFF 		bl	HAL_RCCEx_PeriphCLKConfig
 212              	.LVL7:
 177:Core/Src/main.c ****   {
 213              		.loc 1 177 6 view .LVU57
 214 0070 30B9     		cbnz	r0, .L16
 181:Core/Src/main.c **** 
 215              		.loc 1 181 1 view .LVU58
 216 0072 17B0     		add	sp, sp, #92
 217              	.LCFI3:
 218              		.cfi_remember_state
 219              		.cfi_def_cfa_offset 4
 220              		@ sp needed
 221 0074 5DF804FB 		ldr	pc, [sp], #4
 222              	.L14:
 223              	.LCFI4:
 224              		.cfi_restore_state
 159:Core/Src/main.c ****   }
ARM GAS  C:\Users\Acer\AppData\Local\Temp\ccUHr7Yi.s 			page 12


 225              		.loc 1 159 5 is_stmt 1 view .LVU59
 226 0078 FFF7FEFF 		bl	Error_Handler
 227              	.LVL8:
 228              	.L15:
 173:Core/Src/main.c ****   }
 229              		.loc 1 173 5 view .LVU60
 230 007c FFF7FEFF 		bl	Error_Handler
 231              	.LVL9:
 232              	.L16:
 179:Core/Src/main.c ****   }
 233              		.loc 1 179 5 view .LVU61
 234 0080 FFF7FEFF 		bl	Error_Handler
 235              	.LVL10:
 236              		.cfi_endproc
 237              	.LFE73:
 239              		.section	.text.main,"ax",%progbits
 240              		.align	1
 241              		.global	main
 242              		.syntax unified
 243              		.thumb
 244              		.thumb_func
 246              	main:
 247              	.LFB72:
  85:Core/Src/main.c ****   /* USER CODE BEGIN 1 */
 248              		.loc 1 85 1 view -0
 249              		.cfi_startproc
 250              		@ Volatile: function does not return.
 251              		@ args = 0, pretend = 0, frame = 0
 252              		@ frame_needed = 0, uses_anonymous_args = 0
 253 0000 08B5     		push	{r3, lr}
 254              	.LCFI5:
 255              		.cfi_def_cfa_offset 8
 256              		.cfi_offset 3, -8
 257              		.cfi_offset 14, -4
  93:Core/Src/main.c **** 
 258              		.loc 1 93 3 view .LVU63
 259 0002 FFF7FEFF 		bl	HAL_Init
 260              	.LVL11:
 100:Core/Src/main.c **** 
 261              		.loc 1 100 3 view .LVU64
 262 0006 FFF7FEFF 		bl	SystemClock_Config
 263              	.LVL12:
 107:Core/Src/main.c ****   MX_SPI1_Init();
 264              		.loc 1 107 3 view .LVU65
 265 000a FFF7FEFF 		bl	MX_GPIO_Init
 266              	.LVL13:
 108:Core/Src/main.c ****   MX_SPI2_Init();
 267              		.loc 1 108 3 view .LVU66
 268 000e FFF7FEFF 		bl	MX_SPI1_Init
 269              	.LVL14:
 109:Core/Src/main.c ****   MX_USART2_UART_Init();
 270              		.loc 1 109 3 view .LVU67
 271 0012 FFF7FEFF 		bl	MX_SPI2_Init
 272              	.LVL15:
 110:Core/Src/main.c ****   MX_I2C2_Init();
 273              		.loc 1 110 3 view .LVU68
 274 0016 FFF7FEFF 		bl	MX_USART2_UART_Init
ARM GAS  C:\Users\Acer\AppData\Local\Temp\ccUHr7Yi.s 			page 13


 275              	.LVL16:
 111:Core/Src/main.c ****   /* USER CODE BEGIN 2 */
 276              		.loc 1 111 3 view .LVU69
 277 001a FFF7FEFF 		bl	MX_I2C2_Init
 278              	.LVL17:
 120:Core/Src/main.c ****   MX_FREERTOS_Init();
 279              		.loc 1 120 3 view .LVU70
 280 001e FFF7FEFF 		bl	osKernelInitialize
 281              	.LVL18:
 121:Core/Src/main.c **** 
 282              		.loc 1 121 3 view .LVU71
 283 0022 FFF7FEFF 		bl	MX_FREERTOS_Init
 284              	.LVL19:
 124:Core/Src/main.c ****   /* We should never get here as control is now taken by the scheduler */
 285              		.loc 1 124 3 view .LVU72
 286 0026 FFF7FEFF 		bl	osKernelStart
 287              	.LVL20:
 288              	.L18:
 128:Core/Src/main.c ****   {
 289              		.loc 1 128 3 discriminator 1 view .LVU73
 133:Core/Src/main.c ****   /* USER CODE END 3 */
 290              		.loc 1 133 3 discriminator 1 view .LVU74
 128:Core/Src/main.c ****   {
 291              		.loc 1 128 9 discriminator 1 view .LVU75
 292 002a FEE7     		b	.L18
 293              		.cfi_endproc
 294              	.LFE72:
 296              		.global	cfg_mode
 297              		.global	mode
 298              		.section	.bss.cfg_mode,"aw",%nobits
 301              	cfg_mode:
 302 0000 00       		.space	1
 303              		.section	.bss.mode,"aw",%nobits
 306              	mode:
 307 0000 00       		.space	1
 308              		.text
 309              	.Letext0:
 310              		.file 3 "c:\\makefile\\gcc-arm-none-eabi-10.3-2021.10-win32\\gcc-arm-none-eabi-10.3-2021.10\\arm-n
 311              		.file 4 "c:\\makefile\\gcc-arm-none-eabi-10.3-2021.10-win32\\gcc-arm-none-eabi-10.3-2021.10\\arm-n
 312              		.file 5 "Drivers/CMSIS/Device/ST/STM32F1xx/Include/stm32f103xe.h"
 313              		.file 6 "Drivers/STM32F1xx_HAL_Driver/Inc/stm32f1xx_hal_def.h"
 314              		.file 7 "Drivers/STM32F1xx_HAL_Driver/Inc/stm32f1xx_hal_rcc.h"
 315              		.file 8 "Drivers/STM32F1xx_HAL_Driver/Inc/stm32f1xx_hal_rcc_ex.h"
 316              		.file 9 "Drivers/STM32F1xx_HAL_Driver/Inc/stm32f1xx_hal_dma.h"
 317              		.file 10 "Drivers/STM32F1xx_HAL_Driver/Inc/stm32f1xx_hal_tim.h"
 318              		.file 11 "Core/Inc/common.h"
 319              		.file 12 "Drivers/STM32F1xx_HAL_Driver/Inc/stm32f1xx_hal.h"
 320              		.file 13 "Core/Inc/gpio.h"
 321              		.file 14 "Core/Inc/spi.h"
 322              		.file 15 "Core/Inc/usart.h"
 323              		.file 16 "Core/Inc/i2c.h"
 324              		.file 17 "Middlewares/Third_Party/FreeRTOS/Source/CMSIS_RTOS_V2/cmsis_os2.h"
 325              		.file 18 "<built-in>"
ARM GAS  C:\Users\Acer\AppData\Local\Temp\ccUHr7Yi.s 			page 14


DEFINED SYMBOLS
                            *ABS*:00000000 main.c
C:\Users\Acer\AppData\Local\Temp\ccUHr7Yi.s:18     .text.HAL_TIM_PeriodElapsedCallback:00000000 $t
C:\Users\Acer\AppData\Local\Temp\ccUHr7Yi.s:24     .text.HAL_TIM_PeriodElapsedCallback:00000000 HAL_TIM_PeriodElapsedCallback
C:\Users\Acer\AppData\Local\Temp\ccUHr7Yi.s:59     .text.HAL_TIM_PeriodElapsedCallback:00000014 $d
C:\Users\Acer\AppData\Local\Temp\ccUHr7Yi.s:64     .text.Error_Handler:00000000 $t
C:\Users\Acer\AppData\Local\Temp\ccUHr7Yi.s:70     .text.Error_Handler:00000000 Error_Handler
C:\Users\Acer\AppData\Local\Temp\ccUHr7Yi.s:102    .text.SystemClock_Config:00000000 $t
C:\Users\Acer\AppData\Local\Temp\ccUHr7Yi.s:108    .text.SystemClock_Config:00000000 SystemClock_Config
C:\Users\Acer\AppData\Local\Temp\ccUHr7Yi.s:240    .text.main:00000000 $t
C:\Users\Acer\AppData\Local\Temp\ccUHr7Yi.s:246    .text.main:00000000 main
C:\Users\Acer\AppData\Local\Temp\ccUHr7Yi.s:301    .bss.cfg_mode:00000000 cfg_mode
C:\Users\Acer\AppData\Local\Temp\ccUHr7Yi.s:306    .bss.mode:00000000 mode
C:\Users\Acer\AppData\Local\Temp\ccUHr7Yi.s:302    .bss.cfg_mode:00000000 $d
C:\Users\Acer\AppData\Local\Temp\ccUHr7Yi.s:307    .bss.mode:00000000 $d

UNDEFINED SYMBOLS
HAL_IncTick
memset
HAL_RCC_OscConfig
HAL_RCC_ClockConfig
HAL_RCCEx_PeriphCLKConfig
HAL_Init
MX_GPIO_Init
MX_SPI1_Init
MX_SPI2_Init
MX_USART2_UART_Init
MX_I2C2_Init
osKernelInitialize
MX_FREERTOS_Init
osKernelStart
